{"asctime": "2024-09-20T20:44:00", "msecs": 882.0, "levelname": "INFO", "correlation_id": "-", "name": "uvicorn.error", "lineno": 62, "message": "Application startup complete.", "taskName": "Task-1"}
{"asctime": "2024-09-20T21:15:17", "msecs": 179.0, "levelname": "INFO", "correlation_id": "-", "name": "uvicorn.error", "lineno": 258, "message": "Shutting down", "taskName": "Task-1"}
{"asctime": "2024-09-20T21:15:17", "msecs": 290.0, "levelname": "INFO", "correlation_id": "-", "name": "uvicorn.error", "lineno": 67, "message": "Waiting for application shutdown.", "taskName": "Task-1"}
{"asctime": "2024-09-20T21:15:17", "msecs": 294.0, "levelname": "INFO", "correlation_id": "-", "name": "uvicorn.error", "lineno": 76, "message": "Application shutdown complete.", "taskName": "Task-1"}
{"asctime": "2024-09-20T21:15:17", "msecs": 296.0, "levelname": "INFO", "correlation_id": "-", "name": "uvicorn.error", "lineno": 92, "message": "Finished server process [28980]", "taskName": "Task-1", "color_message": "Finished server process [\u001b[36m%d\u001b[0m]"}
{"asctime": "2024-09-20T21:15:19", "msecs": 184.0, "levelname": "INFO", "correlation_id": "-", "name": "uvicorn.error", "lineno": 62, "message": "Application startup complete.", "taskName": "Task-1"}
{"asctime": "2024-09-20T21:20:20", "msecs": 198.0, "levelname": "INFO", "correlation_id": "-", "name": "uvicorn.error", "lineno": 258, "message": "Shutting down", "taskName": "Task-1"}
{"asctime": "2024-09-20T21:20:20", "msecs": 309.0, "levelname": "INFO", "correlation_id": "-", "name": "uvicorn.error", "lineno": 67, "message": "Waiting for application shutdown.", "taskName": "Task-1"}
{"asctime": "2024-09-20T21:20:20", "msecs": 312.0, "levelname": "INFO", "correlation_id": "-", "name": "uvicorn.error", "lineno": 76, "message": "Application shutdown complete.", "taskName": "Task-1"}
{"asctime": "2024-09-20T21:20:20", "msecs": 314.0, "levelname": "INFO", "correlation_id": "-", "name": "uvicorn.error", "lineno": 92, "message": "Finished server process [29384]", "taskName": "Task-1", "color_message": "Finished server process [\u001b[36m%d\u001b[0m]"}
{"asctime": "2024-09-20T21:20:22", "msecs": 198.0, "levelname": "INFO", "correlation_id": "-", "name": "uvicorn.error", "lineno": 62, "message": "Application startup complete.", "taskName": "Task-1"}
{"asctime": "2024-09-20T21:21:31", "msecs": 245.0, "levelname": "INFO", "correlation_id": "-", "name": "uvicorn.error", "lineno": 258, "message": "Shutting down", "taskName": "Task-1"}
{"asctime": "2024-09-20T21:21:31", "msecs": 353.0, "levelname": "INFO", "correlation_id": "-", "name": "uvicorn.error", "lineno": 67, "message": "Waiting for application shutdown.", "taskName": "Task-1"}
{"asctime": "2024-09-20T21:21:31", "msecs": 357.0, "levelname": "INFO", "correlation_id": "-", "name": "uvicorn.error", "lineno": 76, "message": "Application shutdown complete.", "taskName": "Task-1"}
{"asctime": "2024-09-20T21:21:31", "msecs": 359.0, "levelname": "INFO", "correlation_id": "-", "name": "uvicorn.error", "lineno": 92, "message": "Finished server process [1256]", "taskName": "Task-1", "color_message": "Finished server process [\u001b[36m%d\u001b[0m]"}
{"asctime": "2024-09-20T21:21:32", "msecs": 699.0, "levelname": "INFO", "correlation_id": "-", "name": "uvicorn.error", "lineno": 62, "message": "Application startup complete.", "taskName": "Task-1"}
{"asctime": "2024-09-20T21:21:43", "msecs": 184.0, "levelname": "INFO", "correlation_id": "-", "name": "uvicorn.error", "lineno": 258, "message": "Shutting down", "taskName": "Task-1"}
{"asctime": "2024-09-20T21:21:43", "msecs": 292.0, "levelname": "INFO", "correlation_id": "-", "name": "uvicorn.error", "lineno": 67, "message": "Waiting for application shutdown.", "taskName": "Task-1"}
{"asctime": "2024-09-20T21:21:43", "msecs": 295.0, "levelname": "INFO", "correlation_id": "-", "name": "uvicorn.error", "lineno": 76, "message": "Application shutdown complete.", "taskName": "Task-1"}
{"asctime": "2024-09-20T21:21:43", "msecs": 298.0, "levelname": "INFO", "correlation_id": "-", "name": "uvicorn.error", "lineno": 92, "message": "Finished server process [28276]", "taskName": "Task-1", "color_message": "Finished server process [\u001b[36m%d\u001b[0m]"}
{"asctime": "2024-09-21T12:34:06", "msecs": 364.0, "levelname": "INFO", "correlation_id": "-", "name": "uvicorn.error", "lineno": 62, "message": "Application startup complete.", "taskName": "Task-1"}
{"asctime": "2024-09-21T18:48:35", "msecs": 731.0, "levelname": "INFO", "correlation_id": "-", "name": "uvicorn.error", "lineno": 62, "message": "Application startup complete.", "taskName": "Task-1"}
{"asctime": "2024-09-21T22:32:41", "msecs": 792.0, "levelname": "INFO", "correlation_id": "-", "name": "uvicorn.error", "lineno": 62, "message": "Application startup complete.", "taskName": "Task-1"}
{"asctime": "2024-09-22T09:23:30", "msecs": 514.0, "levelname": "INFO", "correlation_id": "-", "name": "uvicorn.error", "lineno": 62, "message": "Application startup complete.", "taskName": "Task-1"}
{"asctime": "2024-09-22T09:29:42", "msecs": 756.0, "levelname": "INFO", "correlation_id": "-", "name": "uvicorn.error", "lineno": 62, "message": "Application startup complete.", "taskName": "Task-1"}
{"asctime": "2024-09-22T09:58:04", "msecs": 226.0, "levelname": "INFO", "correlation_id": "-", "name": "uvicorn.error", "lineno": 62, "message": "Application startup complete.", "taskName": "Task-1"}
{"asctime": "2024-09-22T09:58:43", "msecs": 591.0, "levelname": "INFO", "correlation_id": "-", "name": "uvicorn.error", "lineno": 258, "message": "Shutting down", "taskName": "Task-1"}
{"asctime": "2024-09-22T09:58:43", "msecs": 701.0, "levelname": "INFO", "correlation_id": "-", "name": "uvicorn.error", "lineno": 67, "message": "Waiting for application shutdown.", "taskName": "Task-1"}
{"asctime": "2024-09-22T09:58:43", "msecs": 702.0, "levelname": "INFO", "correlation_id": "-", "name": "uvicorn.error", "lineno": 76, "message": "Application shutdown complete.", "taskName": "Task-1"}
{"asctime": "2024-09-22T09:58:43", "msecs": 704.0, "levelname": "INFO", "correlation_id": "-", "name": "uvicorn.error", "lineno": 92, "message": "Finished server process [30560]", "taskName": "Task-1", "color_message": "Finished server process [\u001b[36m%d\u001b[0m]"}
{"asctime": "2024-09-22T09:58:44", "msecs": 852.0, "levelname": "INFO", "correlation_id": "-", "name": "uvicorn.error", "lineno": 62, "message": "Application startup complete.", "taskName": "Task-1"}
{"asctime": "2024-09-22T09:58:44", "msecs": 859.0, "levelname": "ERROR", "correlation_id": "-", "name": "uvicorn.error", "lineno": 134, "message": "Traceback (most recent call last):\n  File \"C:\\Users\\Administrator\\AppData\\Local\\Programs\\Python\\Python312\\Lib\\asyncio\\runners.py\", line 118, in run\n    return self._loop.run_until_complete(task)\n           ^^^^^^^^^^^^^^^^^^^^^^^^^^^^^^^^^^^\n  File \"C:\\Users\\Administrator\\AppData\\Local\\Programs\\Python\\Python312\\Lib\\asyncio\\base_events.py\", line 687, in run_until_complete\n    return future.result()\n           ^^^^^^^^^^^^^^^\nasyncio.exceptions.CancelledError\n\nDuring handling of the above exception, another exception occurred:\n\nTraceback (most recent call last):\n  File \"C:\\Users\\Administrator\\AppData\\Local\\Programs\\Python\\Python312\\Lib\\asyncio\\runners.py\", line 194, in run\n    return runner.run(main)\n           ^^^^^^^^^^^^^^^^\n  File \"C:\\Users\\Administrator\\AppData\\Local\\Programs\\Python\\Python312\\Lib\\asyncio\\runners.py\", line 123, in run\n    raise KeyboardInterrupt()\nKeyboardInterrupt\n\nDuring handling of the above exception, another exception occurred:\n\nTraceback (most recent call last):\n  File \"C:\\Users\\Administrator\\AppData\\Local\\Programs\\Python\\Python312\\Lib\\site-packages\\starlette\\routing.py\", line 700, in lifespan\n    await receive()\n  File \"C:\\Users\\Administrator\\AppData\\Local\\Programs\\Python\\Python312\\Lib\\site-packages\\uvicorn\\lifespan\\on.py\", line 137, in receive\n    return await self.receive_queue.get()\n           ^^^^^^^^^^^^^^^^^^^^^^^^^^^^^^\n  File \"C:\\Users\\Administrator\\AppData\\Local\\Programs\\Python\\Python312\\Lib\\asyncio\\queues.py\", line 158, in get\n    await getter\nasyncio.exceptions.CancelledError\n", "taskName": "Task-2"}
{"asctime": "2024-09-22T09:58:45", "msecs": 963.0, "levelname": "INFO", "correlation_id": "-", "name": "uvicorn.error", "lineno": 62, "message": "Application startup complete.", "taskName": "Task-1"}
{"asctime": "2024-09-22T09:58:47", "msecs": 487.0, "levelname": "INFO", "correlation_id": "-", "name": "uvicorn.error", "lineno": 258, "message": "Shutting down", "taskName": "Task-1"}
{"asctime": "2024-09-22T09:58:47", "msecs": 596.0, "levelname": "INFO", "correlation_id": "-", "name": "uvicorn.error", "lineno": 67, "message": "Waiting for application shutdown.", "taskName": "Task-1"}
{"asctime": "2024-09-22T09:58:47", "msecs": 598.0, "levelname": "INFO", "correlation_id": "-", "name": "uvicorn.error", "lineno": 76, "message": "Application shutdown complete.", "taskName": "Task-1"}
{"asctime": "2024-09-22T09:58:47", "msecs": 599.0, "levelname": "INFO", "correlation_id": "-", "name": "uvicorn.error", "lineno": 92, "message": "Finished server process [16688]", "taskName": "Task-1", "color_message": "Finished server process [\u001b[36m%d\u001b[0m]"}
{"asctime": "2024-09-22T09:58:48", "msecs": 657.0, "levelname": "INFO", "correlation_id": "-", "name": "uvicorn.error", "lineno": 62, "message": "Application startup complete.", "taskName": "Task-1"}
{"asctime": "2024-09-22T10:00:06", "msecs": 352.0, "levelname": "INFO", "correlation_id": "-", "name": "uvicorn.error", "lineno": 258, "message": "Shutting down", "taskName": "Task-1"}
{"asctime": "2024-09-22T10:00:06", "msecs": 465.0, "levelname": "INFO", "correlation_id": "-", "name": "uvicorn.error", "lineno": 67, "message": "Waiting for application shutdown.", "taskName": "Task-1"}
{"asctime": "2024-09-22T10:00:06", "msecs": 468.0, "levelname": "INFO", "correlation_id": "-", "name": "uvicorn.error", "lineno": 76, "message": "Application shutdown complete.", "taskName": "Task-1"}
{"asctime": "2024-09-22T10:00:06", "msecs": 469.0, "levelname": "INFO", "correlation_id": "-", "name": "uvicorn.error", "lineno": 92, "message": "Finished server process [12736]", "taskName": "Task-1", "color_message": "Finished server process [\u001b[36m%d\u001b[0m]"}
{"asctime": "2024-09-22T10:00:07", "msecs": 706.0, "levelname": "INFO", "correlation_id": "-", "name": "uvicorn.error", "lineno": 62, "message": "Application startup complete.", "taskName": "Task-1"}
{"asctime": "2024-09-22T10:00:21", "msecs": 799.0, "levelname": "INFO", "correlation_id": "-", "name": "uvicorn.error", "lineno": 258, "message": "Shutting down", "taskName": "Task-1"}
{"asctime": "2024-09-22T10:00:21", "msecs": 907.0, "levelname": "INFO", "correlation_id": "-", "name": "uvicorn.error", "lineno": 67, "message": "Waiting for application shutdown.", "taskName": "Task-1"}
{"asctime": "2024-09-22T10:00:21", "msecs": 909.0, "levelname": "INFO", "correlation_id": "-", "name": "uvicorn.error", "lineno": 76, "message": "Application shutdown complete.", "taskName": "Task-1"}
{"asctime": "2024-09-22T10:00:21", "msecs": 911.0, "levelname": "INFO", "correlation_id": "-", "name": "uvicorn.error", "lineno": 92, "message": "Finished server process [31284]", "taskName": "Task-1", "color_message": "Finished server process [\u001b[36m%d\u001b[0m]"}
{"asctime": "2024-09-22T10:00:23", "msecs": 238.0, "levelname": "INFO", "correlation_id": "-", "name": "uvicorn.error", "lineno": 62, "message": "Application startup complete.", "taskName": "Task-1"}
{"asctime": "2024-09-22T10:00:57", "msecs": 723.0, "levelname": "INFO", "correlation_id": "-", "name": "uvicorn.error", "lineno": 258, "message": "Shutting down", "taskName": "Task-1"}
{"asctime": "2024-09-22T10:00:57", "msecs": 833.0, "levelname": "INFO", "correlation_id": "-", "name": "uvicorn.error", "lineno": 67, "message": "Waiting for application shutdown.", "taskName": "Task-1"}
{"asctime": "2024-09-22T10:00:57", "msecs": 834.0, "levelname": "INFO", "correlation_id": "-", "name": "uvicorn.error", "lineno": 76, "message": "Application shutdown complete.", "taskName": "Task-1"}
{"asctime": "2024-09-22T10:00:57", "msecs": 836.0, "levelname": "INFO", "correlation_id": "-", "name": "uvicorn.error", "lineno": 92, "message": "Finished server process [15644]", "taskName": "Task-1", "color_message": "Finished server process [\u001b[36m%d\u001b[0m]"}
{"asctime": "2024-09-22T10:00:58", "msecs": 956.0, "levelname": "INFO", "correlation_id": "-", "name": "uvicorn.error", "lineno": 62, "message": "Application startup complete.", "taskName": "Task-1"}
{"asctime": "2024-09-22T10:01:01", "msecs": 253.0, "levelname": "INFO", "correlation_id": "-", "name": "uvicorn.error", "lineno": 258, "message": "Shutting down", "taskName": "Task-1"}
{"asctime": "2024-09-22T10:01:01", "msecs": 364.0, "levelname": "INFO", "correlation_id": "-", "name": "uvicorn.error", "lineno": 67, "message": "Waiting for application shutdown.", "taskName": "Task-1"}
{"asctime": "2024-09-22T10:01:01", "msecs": 366.0, "levelname": "INFO", "correlation_id": "-", "name": "uvicorn.error", "lineno": 76, "message": "Application shutdown complete.", "taskName": "Task-1"}
{"asctime": "2024-09-22T10:01:01", "msecs": 368.0, "levelname": "INFO", "correlation_id": "-", "name": "uvicorn.error", "lineno": 92, "message": "Finished server process [31148]", "taskName": "Task-1", "color_message": "Finished server process [\u001b[36m%d\u001b[0m]"}
{"asctime": "2024-09-22T10:01:02", "msecs": 460.0, "levelname": "INFO", "correlation_id": "-", "name": "uvicorn.error", "lineno": 62, "message": "Application startup complete.", "taskName": "Task-1"}
{"asctime": "2024-09-22T10:01:09", "msecs": 659.0, "levelname": "INFO", "correlation_id": "-", "name": "uvicorn.error", "lineno": 258, "message": "Shutting down", "taskName": "Task-1"}
{"asctime": "2024-09-22T10:01:09", "msecs": 767.0, "levelname": "INFO", "correlation_id": "-", "name": "uvicorn.error", "lineno": 67, "message": "Waiting for application shutdown.", "taskName": "Task-1"}
{"asctime": "2024-09-22T10:01:09", "msecs": 770.0, "levelname": "INFO", "correlation_id": "-", "name": "uvicorn.error", "lineno": 76, "message": "Application shutdown complete.", "taskName": "Task-1"}
{"asctime": "2024-09-22T10:01:09", "msecs": 771.0, "levelname": "INFO", "correlation_id": "-", "name": "uvicorn.error", "lineno": 92, "message": "Finished server process [26748]", "taskName": "Task-1", "color_message": "Finished server process [\u001b[36m%d\u001b[0m]"}
{"asctime": "2024-09-22T10:01:11", "msecs": 63.0, "levelname": "INFO", "correlation_id": "-", "name": "uvicorn.error", "lineno": 62, "message": "Application startup complete.", "taskName": "Task-1"}
{"asctime": "2024-09-22T10:01:17", "msecs": 918.0, "levelname": "INFO", "correlation_id": "-", "name": "uvicorn.error", "lineno": 258, "message": "Shutting down", "taskName": "Task-1"}
{"asctime": "2024-09-22T10:01:18", "msecs": 28.0, "levelname": "INFO", "correlation_id": "-", "name": "uvicorn.error", "lineno": 67, "message": "Waiting for application shutdown.", "taskName": "Task-1"}
{"asctime": "2024-09-22T10:01:18", "msecs": 31.0, "levelname": "INFO", "correlation_id": "-", "name": "uvicorn.error", "lineno": 76, "message": "Application shutdown complete.", "taskName": "Task-1"}
{"asctime": "2024-09-22T10:01:18", "msecs": 32.0, "levelname": "INFO", "correlation_id": "-", "name": "uvicorn.error", "lineno": 92, "message": "Finished server process [16716]", "taskName": "Task-1", "color_message": "Finished server process [\u001b[36m%d\u001b[0m]"}
{"asctime": "2024-09-22T10:01:19", "msecs": 221.0, "levelname": "INFO", "correlation_id": "-", "name": "uvicorn.error", "lineno": 62, "message": "Application startup complete.", "taskName": "Task-1"}
{"asctime": "2024-09-22T10:02:58", "msecs": 573.0, "levelname": "INFO", "correlation_id": "-", "name": "uvicorn.error", "lineno": 258, "message": "Shutting down", "taskName": "Task-1"}
{"asctime": "2024-09-22T10:02:58", "msecs": 683.0, "levelname": "INFO", "correlation_id": "-", "name": "uvicorn.error", "lineno": 67, "message": "Waiting for application shutdown.", "taskName": "Task-1"}
{"asctime": "2024-09-22T10:02:58", "msecs": 685.0, "levelname": "INFO", "correlation_id": "-", "name": "uvicorn.error", "lineno": 76, "message": "Application shutdown complete.", "taskName": "Task-1"}
{"asctime": "2024-09-22T10:02:58", "msecs": 686.0, "levelname": "INFO", "correlation_id": "-", "name": "uvicorn.error", "lineno": 92, "message": "Finished server process [13476]", "taskName": "Task-1", "color_message": "Finished server process [\u001b[36m%d\u001b[0m]"}
{"asctime": "2024-09-22T10:02:59", "msecs": 766.0, "levelname": "INFO", "correlation_id": "-", "name": "uvicorn.error", "lineno": 62, "message": "Application startup complete.", "taskName": "Task-1"}
{"asctime": "2024-09-22T10:03:02", "msecs": 282.0, "levelname": "INFO", "correlation_id": "-", "name": "uvicorn.error", "lineno": 258, "message": "Shutting down", "taskName": "Task-1"}
{"asctime": "2024-09-22T10:03:02", "msecs": 392.0, "levelname": "INFO", "correlation_id": "-", "name": "uvicorn.error", "lineno": 67, "message": "Waiting for application shutdown.", "taskName": "Task-1"}
{"asctime": "2024-09-22T10:03:02", "msecs": 394.0, "levelname": "INFO", "correlation_id": "-", "name": "uvicorn.error", "lineno": 76, "message": "Application shutdown complete.", "taskName": "Task-1"}
{"asctime": "2024-09-22T10:03:02", "msecs": 395.0, "levelname": "INFO", "correlation_id": "-", "name": "uvicorn.error", "lineno": 92, "message": "Finished server process [31240]", "taskName": "Task-1", "color_message": "Finished server process [\u001b[36m%d\u001b[0m]"}
{"asctime": "2024-09-22T10:03:03", "msecs": 510.0, "levelname": "INFO", "correlation_id": "-", "name": "uvicorn.error", "lineno": 62, "message": "Application startup complete.", "taskName": "Task-1"}
{"asctime": "2024-09-22T10:03:09", "msecs": 773.0, "levelname": "INFO", "correlation_id": "-", "name": "uvicorn.error", "lineno": 258, "message": "Shutting down", "taskName": "Task-1"}
{"asctime": "2024-09-22T10:03:09", "msecs": 883.0, "levelname": "INFO", "correlation_id": "-", "name": "uvicorn.error", "lineno": 67, "message": "Waiting for application shutdown.", "taskName": "Task-1"}
{"asctime": "2024-09-22T10:03:09", "msecs": 885.0, "levelname": "INFO", "correlation_id": "-", "name": "uvicorn.error", "lineno": 76, "message": "Application shutdown complete.", "taskName": "Task-1"}
{"asctime": "2024-09-22T10:03:09", "msecs": 886.0, "levelname": "INFO", "correlation_id": "-", "name": "uvicorn.error", "lineno": 92, "message": "Finished server process [30568]", "taskName": "Task-1", "color_message": "Finished server process [\u001b[36m%d\u001b[0m]"}
{"asctime": "2024-09-22T10:03:11", "msecs": 74.0, "levelname": "INFO", "correlation_id": "-", "name": "uvicorn.error", "lineno": 62, "message": "Application startup complete.", "taskName": "Task-1"}
{"asctime": "2024-09-22T10:07:26", "msecs": 620.0, "levelname": "INFO", "correlation_id": "-", "name": "uvicorn.error", "lineno": 258, "message": "Shutting down", "taskName": "Task-1"}
{"asctime": "2024-09-22T10:07:26", "msecs": 728.0, "levelname": "INFO", "correlation_id": "-", "name": "uvicorn.error", "lineno": 67, "message": "Waiting for application shutdown.", "taskName": "Task-1"}
{"asctime": "2024-09-22T10:07:26", "msecs": 731.0, "levelname": "INFO", "correlation_id": "-", "name": "uvicorn.error", "lineno": 76, "message": "Application shutdown complete.", "taskName": "Task-1"}
{"asctime": "2024-09-22T10:07:26", "msecs": 732.0, "levelname": "INFO", "correlation_id": "-", "name": "uvicorn.error", "lineno": 92, "message": "Finished server process [33140]", "taskName": "Task-1", "color_message": "Finished server process [\u001b[36m%d\u001b[0m]"}
{"asctime": "2024-09-22T10:07:28", "msecs": 10.0, "levelname": "INFO", "correlation_id": "-", "name": "uvicorn.error", "lineno": 62, "message": "Application startup complete.", "taskName": "Task-1"}
{"asctime": "2024-09-22T10:09:33", "msecs": 261.0, "levelname": "INFO", "correlation_id": "-", "name": "uvicorn.error", "lineno": 258, "message": "Shutting down", "taskName": "Task-1"}
{"asctime": "2024-09-22T10:09:33", "msecs": 370.0, "levelname": "INFO", "correlation_id": "-", "name": "uvicorn.error", "lineno": 67, "message": "Waiting for application shutdown.", "taskName": "Task-1"}
{"asctime": "2024-09-22T10:09:33", "msecs": 372.0, "levelname": "INFO", "correlation_id": "-", "name": "uvicorn.error", "lineno": 76, "message": "Application shutdown complete.", "taskName": "Task-1"}
{"asctime": "2024-09-22T10:09:33", "msecs": 373.0, "levelname": "INFO", "correlation_id": "-", "name": "uvicorn.error", "lineno": 92, "message": "Finished server process [32644]", "taskName": "Task-1", "color_message": "Finished server process [\u001b[36m%d\u001b[0m]"}
{"asctime": "2024-09-22T10:09:34", "msecs": 677.0, "levelname": "INFO", "correlation_id": "-", "name": "uvicorn.error", "lineno": 62, "message": "Application startup complete.", "taskName": "Task-1"}
{"asctime": "2024-09-22T10:09:40", "msecs": 462.0, "levelname": "INFO", "correlation_id": "-", "name": "uvicorn.error", "lineno": 258, "message": "Shutting down", "taskName": "Task-1"}
{"asctime": "2024-09-22T10:09:40", "msecs": 571.0, "levelname": "INFO", "correlation_id": "-", "name": "uvicorn.error", "lineno": 67, "message": "Waiting for application shutdown.", "taskName": "Task-1"}
{"asctime": "2024-09-22T10:09:40", "msecs": 573.0, "levelname": "INFO", "correlation_id": "-", "name": "uvicorn.error", "lineno": 76, "message": "Application shutdown complete.", "taskName": "Task-1"}
{"asctime": "2024-09-22T10:09:40", "msecs": 575.0, "levelname": "INFO", "correlation_id": "-", "name": "uvicorn.error", "lineno": 92, "message": "Finished server process [27020]", "taskName": "Task-1", "color_message": "Finished server process [\u001b[36m%d\u001b[0m]"}
{"asctime": "2024-09-22T10:09:41", "msecs": 791.0, "levelname": "INFO", "correlation_id": "-", "name": "uvicorn.error", "lineno": 62, "message": "Application startup complete.", "taskName": "Task-1"}
{"asctime": "2024-09-22T13:22:32", "msecs": 126.0, "levelname": "INFO", "correlation_id": "-", "name": "uvicorn.error", "lineno": 258, "message": "Shutting down", "taskName": "Task-1"}
{"asctime": "2024-09-22T13:22:32", "msecs": 263.0, "levelname": "INFO", "correlation_id": "-", "name": "uvicorn.error", "lineno": 67, "message": "Waiting for application shutdown.", "taskName": "Task-1"}
{"asctime": "2024-09-22T13:22:32", "msecs": 270.0, "levelname": "INFO", "correlation_id": "-", "name": "uvicorn.error", "lineno": 76, "message": "Application shutdown complete.", "taskName": "Task-1"}
{"asctime": "2024-09-22T13:22:32", "msecs": 272.0, "levelname": "INFO", "correlation_id": "-", "name": "uvicorn.error", "lineno": 92, "message": "Finished server process [440]", "taskName": "Task-1", "color_message": "Finished server process [\u001b[36m%d\u001b[0m]"}
{"asctime": "2024-09-22T13:22:34", "msecs": 406.0, "levelname": "INFO", "correlation_id": "-", "name": "uvicorn.error", "lineno": 62, "message": "Application startup complete.", "taskName": "Task-1"}
{"asctime": "2024-09-22T13:24:19", "msecs": 598.0, "levelname": "INFO", "correlation_id": "-", "name": "uvicorn.error", "lineno": 258, "message": "Shutting down", "taskName": "Task-1"}
{"asctime": "2024-09-22T13:24:19", "msecs": 710.0, "levelname": "INFO", "correlation_id": "-", "name": "uvicorn.error", "lineno": 67, "message": "Waiting for application shutdown.", "taskName": "Task-1"}
{"asctime": "2024-09-22T13:24:19", "msecs": 713.0, "levelname": "INFO", "correlation_id": "-", "name": "uvicorn.error", "lineno": 76, "message": "Application shutdown complete.", "taskName": "Task-1"}
{"asctime": "2024-09-22T13:24:19", "msecs": 714.0, "levelname": "INFO", "correlation_id": "-", "name": "uvicorn.error", "lineno": 92, "message": "Finished server process [1096]", "taskName": "Task-1", "color_message": "Finished server process [\u001b[36m%d\u001b[0m]"}
{"asctime": "2024-09-22T13:24:20", "msecs": 975.0, "levelname": "INFO", "correlation_id": "-", "name": "uvicorn.error", "lineno": 62, "message": "Application startup complete.", "taskName": "Task-1"}
{"asctime": "2024-09-22T13:24:21", "msecs": 192.0, "levelname": "INFO", "correlation_id": "-", "name": "uvicorn.error", "lineno": 258, "message": "Shutting down", "taskName": "Task-1"}
{"asctime": "2024-09-22T13:24:21", "msecs": 299.0, "levelname": "INFO", "correlation_id": "-", "name": "uvicorn.error", "lineno": 67, "message": "Waiting for application shutdown.", "taskName": "Task-1"}
{"asctime": "2024-09-22T13:24:21", "msecs": 301.0, "levelname": "INFO", "correlation_id": "-", "name": "uvicorn.error", "lineno": 76, "message": "Application shutdown complete.", "taskName": "Task-1"}
{"asctime": "2024-09-22T13:24:21", "msecs": 302.0, "levelname": "INFO", "correlation_id": "-", "name": "uvicorn.error", "lineno": 92, "message": "Finished server process [20420]", "taskName": "Task-1", "color_message": "Finished server process [\u001b[36m%d\u001b[0m]"}
{"asctime": "2024-09-22T13:24:22", "msecs": 507.0, "levelname": "INFO", "correlation_id": "-", "name": "uvicorn.error", "lineno": 62, "message": "Application startup complete.", "taskName": "Task-1"}
{"asctime": "2024-09-22T13:24:23", "msecs": 495.0, "levelname": "INFO", "correlation_id": "-", "name": "uvicorn.error", "lineno": 258, "message": "Shutting down", "taskName": "Task-1"}
{"asctime": "2024-09-22T13:24:23", "msecs": 605.0, "levelname": "INFO", "correlation_id": "-", "name": "uvicorn.error", "lineno": 67, "message": "Waiting for application shutdown.", "taskName": "Task-1"}
{"asctime": "2024-09-22T13:24:23", "msecs": 607.0, "levelname": "INFO", "correlation_id": "-", "name": "uvicorn.error", "lineno": 76, "message": "Application shutdown complete.", "taskName": "Task-1"}
{"asctime": "2024-09-22T13:24:23", "msecs": 609.0, "levelname": "INFO", "correlation_id": "-", "name": "uvicorn.error", "lineno": 92, "message": "Finished server process [23096]", "taskName": "Task-1", "color_message": "Finished server process [\u001b[36m%d\u001b[0m]"}
{"asctime": "2024-09-22T13:24:24", "msecs": 907.0, "levelname": "INFO", "correlation_id": "-", "name": "uvicorn.error", "lineno": 62, "message": "Application startup complete.", "taskName": "Task-1"}
{"asctime": "2024-09-22T13:24:27", "msecs": 971.0, "levelname": "INFO", "correlation_id": "-", "name": "uvicorn.error", "lineno": 258, "message": "Shutting down", "taskName": "Task-1"}
{"asctime": "2024-09-22T13:24:28", "msecs": 82.0, "levelname": "INFO", "correlation_id": "-", "name": "uvicorn.error", "lineno": 67, "message": "Waiting for application shutdown.", "taskName": "Task-1"}
{"asctime": "2024-09-22T13:24:28", "msecs": 84.0, "levelname": "INFO", "correlation_id": "-", "name": "uvicorn.error", "lineno": 76, "message": "Application shutdown complete.", "taskName": "Task-1"}
{"asctime": "2024-09-22T13:24:28", "msecs": 86.0, "levelname": "INFO", "correlation_id": "-", "name": "uvicorn.error", "lineno": 92, "message": "Finished server process [29700]", "taskName": "Task-1", "color_message": "Finished server process [\u001b[36m%d\u001b[0m]"}
{"asctime": "2024-09-22T13:24:29", "msecs": 269.0, "levelname": "INFO", "correlation_id": "-", "name": "uvicorn.error", "lineno": 62, "message": "Application startup complete.", "taskName": "Task-1"}
{"asctime": "2024-09-22T13:24:29", "msecs": 487.0, "levelname": "INFO", "correlation_id": "-", "name": "uvicorn.error", "lineno": 258, "message": "Shutting down", "taskName": "Task-1"}
{"asctime": "2024-09-22T13:24:29", "msecs": 595.0, "levelname": "INFO", "correlation_id": "-", "name": "uvicorn.error", "lineno": 67, "message": "Waiting for application shutdown.", "taskName": "Task-1"}
{"asctime": "2024-09-22T13:24:29", "msecs": 597.0, "levelname": "INFO", "correlation_id": "-", "name": "uvicorn.error", "lineno": 76, "message": "Application shutdown complete.", "taskName": "Task-1"}
{"asctime": "2024-09-22T13:24:29", "msecs": 598.0, "levelname": "INFO", "correlation_id": "-", "name": "uvicorn.error", "lineno": 92, "message": "Finished server process [18992]", "taskName": "Task-1", "color_message": "Finished server process [\u001b[36m%d\u001b[0m]"}
{"asctime": "2024-09-22T13:24:30", "msecs": 768.0, "levelname": "INFO", "correlation_id": "-", "name": "uvicorn.error", "lineno": 62, "message": "Application startup complete.", "taskName": "Task-1"}
{"asctime": "2024-09-22T13:24:34", "msecs": 821.0, "levelname": "INFO", "correlation_id": "-", "name": "uvicorn.error", "lineno": 258, "message": "Shutting down", "taskName": "Task-1"}
{"asctime": "2024-09-22T13:24:34", "msecs": 928.0, "levelname": "INFO", "correlation_id": "-", "name": "uvicorn.error", "lineno": 67, "message": "Waiting for application shutdown.", "taskName": "Task-1"}
{"asctime": "2024-09-22T13:24:34", "msecs": 930.0, "levelname": "INFO", "correlation_id": "-", "name": "uvicorn.error", "lineno": 76, "message": "Application shutdown complete.", "taskName": "Task-1"}
{"asctime": "2024-09-22T13:24:34", "msecs": 932.0, "levelname": "INFO", "correlation_id": "-", "name": "uvicorn.error", "lineno": 92, "message": "Finished server process [11944]", "taskName": "Task-1", "color_message": "Finished server process [\u001b[36m%d\u001b[0m]"}
{"asctime": "2024-09-22T13:24:36", "msecs": 134.0, "levelname": "INFO", "correlation_id": "-", "name": "uvicorn.error", "lineno": 62, "message": "Application startup complete.", "taskName": "Task-1"}
{"asctime": "2024-09-22T13:24:36", "msecs": 251.0, "levelname": "INFO", "correlation_id": "-", "name": "uvicorn.error", "lineno": 258, "message": "Shutting down", "taskName": "Task-1"}
{"asctime": "2024-09-22T13:24:36", "msecs": 362.0, "levelname": "INFO", "correlation_id": "-", "name": "uvicorn.error", "lineno": 67, "message": "Waiting for application shutdown.", "taskName": "Task-1"}
{"asctime": "2024-09-22T13:24:36", "msecs": 364.0, "levelname": "INFO", "correlation_id": "-", "name": "uvicorn.error", "lineno": 76, "message": "Application shutdown complete.", "taskName": "Task-1"}
{"asctime": "2024-09-22T13:24:36", "msecs": 365.0, "levelname": "INFO", "correlation_id": "-", "name": "uvicorn.error", "lineno": 92, "message": "Finished server process [12796]", "taskName": "Task-1", "color_message": "Finished server process [\u001b[36m%d\u001b[0m]"}
{"asctime": "2024-09-22T13:24:37", "msecs": 539.0, "levelname": "INFO", "correlation_id": "-", "name": "uvicorn.error", "lineno": 62, "message": "Application startup complete.", "taskName": "Task-1"}
{"asctime": "2024-09-22T13:24:49", "msecs": 653.0, "levelname": "INFO", "correlation_id": "-", "name": "uvicorn.error", "lineno": 258, "message": "Shutting down", "taskName": "Task-1"}
{"asctime": "2024-09-22T13:24:49", "msecs": 762.0, "levelname": "INFO", "correlation_id": "-", "name": "uvicorn.error", "lineno": 67, "message": "Waiting for application shutdown.", "taskName": "Task-1"}
{"asctime": "2024-09-22T13:24:49", "msecs": 764.0, "levelname": "INFO", "correlation_id": "-", "name": "uvicorn.error", "lineno": 76, "message": "Application shutdown complete.", "taskName": "Task-1"}
{"asctime": "2024-09-22T13:24:49", "msecs": 766.0, "levelname": "INFO", "correlation_id": "-", "name": "uvicorn.error", "lineno": 92, "message": "Finished server process [35084]", "taskName": "Task-1", "color_message": "Finished server process [\u001b[36m%d\u001b[0m]"}
{"asctime": "2024-09-22T13:24:50", "msecs": 984.0, "levelname": "INFO", "correlation_id": "-", "name": "uvicorn.error", "lineno": 62, "message": "Application startup complete.", "taskName": "Task-1"}
{"asctime": "2024-09-22T13:24:50", "msecs": 994.0, "levelname": "ERROR", "correlation_id": "-", "name": "uvicorn.error", "lineno": 134, "message": "Traceback (most recent call last):\n  File \"C:\\Users\\Administrator\\AppData\\Local\\Programs\\Python\\Python312\\Lib\\asyncio\\runners.py\", line 118, in run\n    return self._loop.run_until_complete(task)\n           ^^^^^^^^^^^^^^^^^^^^^^^^^^^^^^^^^^^\n  File \"C:\\Users\\Administrator\\AppData\\Local\\Programs\\Python\\Python312\\Lib\\asyncio\\base_events.py\", line 687, in run_until_complete\n    return future.result()\n           ^^^^^^^^^^^^^^^\nasyncio.exceptions.CancelledError\n\nDuring handling of the above exception, another exception occurred:\n\nTraceback (most recent call last):\n  File \"C:\\Users\\Administrator\\AppData\\Local\\Programs\\Python\\Python312\\Lib\\asyncio\\runners.py\", line 194, in run\n    return runner.run(main)\n           ^^^^^^^^^^^^^^^^\n  File \"C:\\Users\\Administrator\\AppData\\Local\\Programs\\Python\\Python312\\Lib\\asyncio\\runners.py\", line 123, in run\n    raise KeyboardInterrupt()\nKeyboardInterrupt\n\nDuring handling of the above exception, another exception occurred:\n\nTraceback (most recent call last):\n  File \"C:\\Users\\Administrator\\AppData\\Local\\Programs\\Python\\Python312\\Lib\\site-packages\\starlette\\routing.py\", line 700, in lifespan\n    await receive()\n  File \"C:\\Users\\Administrator\\AppData\\Local\\Programs\\Python\\Python312\\Lib\\site-packages\\uvicorn\\lifespan\\on.py\", line 137, in receive\n    return await self.receive_queue.get()\n           ^^^^^^^^^^^^^^^^^^^^^^^^^^^^^^\n  File \"C:\\Users\\Administrator\\AppData\\Local\\Programs\\Python\\Python312\\Lib\\asyncio\\queues.py\", line 158, in get\n    await getter\nasyncio.exceptions.CancelledError\n", "taskName": "Task-2"}
{"asctime": "2024-09-22T13:24:52", "msecs": 554.0, "levelname": "INFO", "correlation_id": "-", "name": "uvicorn.error", "lineno": 62, "message": "Application startup complete.", "taskName": "Task-1"}
{"asctime": "2024-09-22T13:24:52", "msecs": 560.0, "levelname": "ERROR", "correlation_id": "-", "name": "uvicorn.error", "lineno": 134, "message": "Traceback (most recent call last):\n  File \"C:\\Users\\Administrator\\AppData\\Local\\Programs\\Python\\Python312\\Lib\\asyncio\\runners.py\", line 118, in run\n    return self._loop.run_until_complete(task)\n           ^^^^^^^^^^^^^^^^^^^^^^^^^^^^^^^^^^^\n  File \"C:\\Users\\Administrator\\AppData\\Local\\Programs\\Python\\Python312\\Lib\\asyncio\\base_events.py\", line 687, in run_until_complete\n    return future.result()\n           ^^^^^^^^^^^^^^^\nasyncio.exceptions.CancelledError\n\nDuring handling of the above exception, another exception occurred:\n\nTraceback (most recent call last):\n  File \"C:\\Users\\Administrator\\AppData\\Local\\Programs\\Python\\Python312\\Lib\\asyncio\\runners.py\", line 194, in run\n    return runner.run(main)\n           ^^^^^^^^^^^^^^^^\n  File \"C:\\Users\\Administrator\\AppData\\Local\\Programs\\Python\\Python312\\Lib\\asyncio\\runners.py\", line 123, in run\n    raise KeyboardInterrupt()\nKeyboardInterrupt\n\nDuring handling of the above exception, another exception occurred:\n\nTraceback (most recent call last):\n  File \"C:\\Users\\Administrator\\AppData\\Local\\Programs\\Python\\Python312\\Lib\\site-packages\\starlette\\routing.py\", line 700, in lifespan\n    await receive()\n  File \"C:\\Users\\Administrator\\AppData\\Local\\Programs\\Python\\Python312\\Lib\\site-packages\\uvicorn\\lifespan\\on.py\", line 137, in receive\n    return await self.receive_queue.get()\n           ^^^^^^^^^^^^^^^^^^^^^^^^^^^^^^\n  File \"C:\\Users\\Administrator\\AppData\\Local\\Programs\\Python\\Python312\\Lib\\asyncio\\queues.py\", line 158, in get\n    await getter\nasyncio.exceptions.CancelledError\n", "taskName": "Task-2"}
{"asctime": "2024-09-22T13:24:53", "msecs": 750.0, "levelname": "INFO", "correlation_id": "-", "name": "uvicorn.error", "lineno": 62, "message": "Application startup complete.", "taskName": "Task-1"}
{"asctime": "2024-09-22T13:24:53", "msecs": 756.0, "levelname": "ERROR", "correlation_id": "-", "name": "uvicorn.error", "lineno": 134, "message": "Traceback (most recent call last):\n  File \"C:\\Users\\Administrator\\AppData\\Local\\Programs\\Python\\Python312\\Lib\\asyncio\\runners.py\", line 118, in run\n    return self._loop.run_until_complete(task)\n           ^^^^^^^^^^^^^^^^^^^^^^^^^^^^^^^^^^^\n  File \"C:\\Users\\Administrator\\AppData\\Local\\Programs\\Python\\Python312\\Lib\\asyncio\\base_events.py\", line 687, in run_until_complete\n    return future.result()\n           ^^^^^^^^^^^^^^^\nasyncio.exceptions.CancelledError\n\nDuring handling of the above exception, another exception occurred:\n\nTraceback (most recent call last):\n  File \"C:\\Users\\Administrator\\AppData\\Local\\Programs\\Python\\Python312\\Lib\\asyncio\\runners.py\", line 194, in run\n    return runner.run(main)\n           ^^^^^^^^^^^^^^^^\n  File \"C:\\Users\\Administrator\\AppData\\Local\\Programs\\Python\\Python312\\Lib\\asyncio\\runners.py\", line 123, in run\n    raise KeyboardInterrupt()\nKeyboardInterrupt\n\nDuring handling of the above exception, another exception occurred:\n\nTraceback (most recent call last):\n  File \"C:\\Users\\Administrator\\AppData\\Local\\Programs\\Python\\Python312\\Lib\\site-packages\\starlette\\routing.py\", line 700, in lifespan\n    await receive()\n  File \"C:\\Users\\Administrator\\AppData\\Local\\Programs\\Python\\Python312\\Lib\\site-packages\\uvicorn\\lifespan\\on.py\", line 137, in receive\n    return await self.receive_queue.get()\n           ^^^^^^^^^^^^^^^^^^^^^^^^^^^^^^\n  File \"C:\\Users\\Administrator\\AppData\\Local\\Programs\\Python\\Python312\\Lib\\asyncio\\queues.py\", line 158, in get\n    await getter\nasyncio.exceptions.CancelledError\n", "taskName": "Task-2"}
{"asctime": "2024-09-22T13:24:54", "msecs": 915.0, "levelname": "INFO", "correlation_id": "-", "name": "uvicorn.error", "lineno": 62, "message": "Application startup complete.", "taskName": "Task-1"}
{"asctime": "2024-09-22T13:25:25", "msecs": 486.0, "levelname": "INFO", "correlation_id": "-", "name": "uvicorn.error", "lineno": 258, "message": "Shutting down", "taskName": "Task-1"}
{"asctime": "2024-09-22T13:25:25", "msecs": 596.0, "levelname": "INFO", "correlation_id": "-", "name": "uvicorn.error", "lineno": 67, "message": "Waiting for application shutdown.", "taskName": "Task-1"}
{"asctime": "2024-09-22T13:25:25", "msecs": 598.0, "levelname": "INFO", "correlation_id": "-", "name": "uvicorn.error", "lineno": 76, "message": "Application shutdown complete.", "taskName": "Task-1"}
{"asctime": "2024-09-22T13:25:25", "msecs": 600.0, "levelname": "INFO", "correlation_id": "-", "name": "uvicorn.error", "lineno": 92, "message": "Finished server process [33500]", "taskName": "Task-1", "color_message": "Finished server process [\u001b[36m%d\u001b[0m]"}
{"asctime": "2024-09-22T13:25:26", "msecs": 865.0, "levelname": "INFO", "correlation_id": "-", "name": "uvicorn.error", "lineno": 62, "message": "Application startup complete.", "taskName": "Task-1"}
{"asctime": "2024-09-22T13:26:00", "msecs": 839.0, "levelname": "INFO", "correlation_id": "-", "name": "uvicorn.error", "lineno": 258, "message": "Shutting down", "taskName": "Task-1"}
{"asctime": "2024-09-22T13:26:00", "msecs": 948.0, "levelname": "INFO", "correlation_id": "-", "name": "uvicorn.error", "lineno": 67, "message": "Waiting for application shutdown.", "taskName": "Task-1"}
{"asctime": "2024-09-22T13:26:00", "msecs": 950.0, "levelname": "INFO", "correlation_id": "-", "name": "uvicorn.error", "lineno": 76, "message": "Application shutdown complete.", "taskName": "Task-1"}
{"asctime": "2024-09-22T13:26:00", "msecs": 952.0, "levelname": "INFO", "correlation_id": "-", "name": "uvicorn.error", "lineno": 92, "message": "Finished server process [12880]", "taskName": "Task-1", "color_message": "Finished server process [\u001b[36m%d\u001b[0m]"}
{"asctime": "2024-09-22T13:26:02", "msecs": 163.0, "levelname": "INFO", "correlation_id": "-", "name": "uvicorn.error", "lineno": 62, "message": "Application startup complete.", "taskName": "Task-1"}
{"asctime": "2024-09-22T13:32:49", "msecs": 515.0, "levelname": "INFO", "correlation_id": "-", "name": "uvicorn.error", "lineno": 62, "message": "Application startup complete.", "taskName": "Task-1"}
{"asctime": "2024-09-22T13:40:39", "msecs": 628.0, "levelname": "INFO", "correlation_id": "-", "name": "uvicorn.error", "lineno": 62, "message": "Application startup complete.", "taskName": "Task-1"}
{"asctime": "2024-09-22T17:16:09", "msecs": 570.0, "levelname": "INFO", "correlation_id": "-", "name": "uvicorn.error", "lineno": 62, "message": "Application startup complete.", "taskName": "Task-1"}
{"asctime": "2024-09-22T19:20:35", "msecs": 113.0, "levelname": "INFO", "correlation_id": "-", "name": "uvicorn.error", "lineno": 62, "message": "Application startup complete.", "taskName": "Task-1"}
{"asctime": "2024-09-22T19:20:36", "msecs": 426.0, "levelname": "INFO", "correlation_id": "-", "name": "uvicorn.error", "lineno": 258, "message": "Shutting down", "taskName": "Task-1"}
{"asctime": "2024-09-22T19:20:36", "msecs": 536.0, "levelname": "INFO", "correlation_id": "-", "name": "uvicorn.error", "lineno": 67, "message": "Waiting for application shutdown.", "taskName": "Task-1"}
{"asctime": "2024-09-22T19:20:36", "msecs": 539.0, "levelname": "INFO", "correlation_id": "-", "name": "uvicorn.error", "lineno": 76, "message": "Application shutdown complete.", "taskName": "Task-1"}
{"asctime": "2024-09-22T19:20:36", "msecs": 540.0, "levelname": "INFO", "correlation_id": "-", "name": "uvicorn.error", "lineno": 92, "message": "Finished server process [33056]", "taskName": "Task-1", "color_message": "Finished server process [\u001b[36m%d\u001b[0m]"}
{"asctime": "2024-09-22T19:20:37", "msecs": 681.0, "levelname": "INFO", "correlation_id": "-", "name": "uvicorn.error", "lineno": 62, "message": "Application startup complete.", "taskName": "Task-1"}
{"asctime": "2024-09-22T20:38:46", "msecs": 856.0, "levelname": "INFO", "correlation_id": "-", "name": "uvicorn.error", "lineno": 62, "message": "Application startup complete.", "taskName": "Task-1"}
{"asctime": "2024-09-22T20:40:11", "msecs": 571.0, "levelname": "INFO", "correlation_id": "-", "name": "uvicorn.error", "lineno": 258, "message": "Shutting down", "taskName": "Task-1"}
{"asctime": "2024-09-22T20:40:11", "msecs": 680.0, "levelname": "INFO", "correlation_id": "-", "name": "uvicorn.error", "lineno": 67, "message": "Waiting for application shutdown.", "taskName": "Task-1"}
{"asctime": "2024-09-22T20:40:11", "msecs": 683.0, "levelname": "INFO", "correlation_id": "-", "name": "uvicorn.error", "lineno": 76, "message": "Application shutdown complete.", "taskName": "Task-1"}
{"asctime": "2024-09-22T20:40:11", "msecs": 685.0, "levelname": "INFO", "correlation_id": "-", "name": "uvicorn.error", "lineno": 92, "message": "Finished server process [32332]", "taskName": "Task-1", "color_message": "Finished server process [\u001b[36m%d\u001b[0m]"}
{"asctime": "2024-09-22T20:40:12", "msecs": 792.0, "levelname": "INFO", "correlation_id": "-", "name": "uvicorn.error", "lineno": 62, "message": "Application startup complete.", "taskName": "Task-1"}
{"asctime": "2024-09-22T20:40:20", "msecs": 235.0, "levelname": "INFO", "correlation_id": "-", "name": "uvicorn.error", "lineno": 258, "message": "Shutting down", "taskName": "Task-1"}
{"asctime": "2024-09-22T20:40:20", "msecs": 344.0, "levelname": "INFO", "correlation_id": "-", "name": "uvicorn.error", "lineno": 67, "message": "Waiting for application shutdown.", "taskName": "Task-1"}
{"asctime": "2024-09-22T20:40:20", "msecs": 349.0, "levelname": "INFO", "correlation_id": "-", "name": "uvicorn.error", "lineno": 76, "message": "Application shutdown complete.", "taskName": "Task-1"}
{"asctime": "2024-09-22T20:40:20", "msecs": 351.0, "levelname": "INFO", "correlation_id": "-", "name": "uvicorn.error", "lineno": 92, "message": "Finished server process [34992]", "taskName": "Task-1", "color_message": "Finished server process [\u001b[36m%d\u001b[0m]"}
{"asctime": "2024-09-22T20:40:21", "msecs": 546.0, "levelname": "INFO", "correlation_id": "-", "name": "uvicorn.error", "lineno": 62, "message": "Application startup complete.", "taskName": "Task-1"}
{"asctime": "2024-09-22T20:40:25", "msecs": 378.0, "levelname": "INFO", "correlation_id": "-", "name": "uvicorn.error", "lineno": 258, "message": "Shutting down", "taskName": "Task-1"}
{"asctime": "2024-09-22T20:40:25", "msecs": 489.0, "levelname": "INFO", "correlation_id": "-", "name": "uvicorn.error", "lineno": 67, "message": "Waiting for application shutdown.", "taskName": "Task-1"}
{"asctime": "2024-09-22T20:40:25", "msecs": 493.0, "levelname": "INFO", "correlation_id": "-", "name": "uvicorn.error", "lineno": 76, "message": "Application shutdown complete.", "taskName": "Task-1"}
{"asctime": "2024-09-22T20:40:25", "msecs": 495.0, "levelname": "INFO", "correlation_id": "-", "name": "uvicorn.error", "lineno": 92, "message": "Finished server process [35016]", "taskName": "Task-1", "color_message": "Finished server process [\u001b[36m%d\u001b[0m]"}
{"asctime": "2024-09-22T20:40:26", "msecs": 633.0, "levelname": "INFO", "correlation_id": "-", "name": "uvicorn.error", "lineno": 62, "message": "Application startup complete.", "taskName": "Task-1"}
{"asctime": "2024-09-22T20:40:29", "msecs": 605.0, "levelname": "INFO", "correlation_id": "-", "name": "uvicorn.error", "lineno": 258, "message": "Shutting down", "taskName": "Task-1"}
{"asctime": "2024-09-22T20:40:29", "msecs": 716.0, "levelname": "INFO", "correlation_id": "-", "name": "uvicorn.error", "lineno": 67, "message": "Waiting for application shutdown.", "taskName": "Task-1"}
{"asctime": "2024-09-22T20:40:29", "msecs": 719.0, "levelname": "INFO", "correlation_id": "-", "name": "uvicorn.error", "lineno": 76, "message": "Application shutdown complete.", "taskName": "Task-1"}
{"asctime": "2024-09-22T20:40:29", "msecs": 720.0, "levelname": "INFO", "correlation_id": "-", "name": "uvicorn.error", "lineno": 92, "message": "Finished server process [27744]", "taskName": "Task-1", "color_message": "Finished server process [\u001b[36m%d\u001b[0m]"}
{"asctime": "2024-09-22T20:40:30", "msecs": 899.0, "levelname": "INFO", "correlation_id": "-", "name": "uvicorn.error", "lineno": 62, "message": "Application startup complete.", "taskName": "Task-1"}
{"asctime": "2024-09-22T20:40:31", "msecs": 12.0, "levelname": "INFO", "correlation_id": "-", "name": "uvicorn.error", "lineno": 258, "message": "Shutting down", "taskName": "Task-1"}
{"asctime": "2024-09-22T20:40:31", "msecs": 122.0, "levelname": "INFO", "correlation_id": "-", "name": "uvicorn.error", "lineno": 67, "message": "Waiting for application shutdown.", "taskName": "Task-1"}
{"asctime": "2024-09-22T20:40:31", "msecs": 126.0, "levelname": "INFO", "correlation_id": "-", "name": "uvicorn.error", "lineno": 76, "message": "Application shutdown complete.", "taskName": "Task-1"}
{"asctime": "2024-09-22T20:40:31", "msecs": 128.0, "levelname": "INFO", "correlation_id": "-", "name": "uvicorn.error", "lineno": 92, "message": "Finished server process [33748]", "taskName": "Task-1", "color_message": "Finished server process [\u001b[36m%d\u001b[0m]"}
{"asctime": "2024-09-22T20:40:32", "msecs": 284.0, "levelname": "INFO", "correlation_id": "-", "name": "uvicorn.error", "lineno": 62, "message": "Application startup complete.", "taskName": "Task-1"}
{"asctime": "2024-09-22T20:40:38", "msecs": 954.0, "levelname": "INFO", "correlation_id": "-", "name": "uvicorn.error", "lineno": 258, "message": "Shutting down", "taskName": "Task-1"}
{"asctime": "2024-09-22T20:40:39", "msecs": 62.0, "levelname": "INFO", "correlation_id": "-", "name": "uvicorn.error", "lineno": 67, "message": "Waiting for application shutdown.", "taskName": "Task-1"}
{"asctime": "2024-09-22T20:40:39", "msecs": 66.0, "levelname": "INFO", "correlation_id": "-", "name": "uvicorn.error", "lineno": 76, "message": "Application shutdown complete.", "taskName": "Task-1"}
{"asctime": "2024-09-22T20:40:39", "msecs": 67.0, "levelname": "INFO", "correlation_id": "-", "name": "uvicorn.error", "lineno": 92, "message": "Finished server process [29980]", "taskName": "Task-1", "color_message": "Finished server process [\u001b[36m%d\u001b[0m]"}
{"asctime": "2024-09-22T20:40:40", "msecs": 242.0, "levelname": "INFO", "correlation_id": "-", "name": "uvicorn.error", "lineno": 62, "message": "Application startup complete.", "taskName": "Task-1"}
{"asctime": "2024-09-22T20:40:40", "msecs": 574.0, "levelname": "INFO", "correlation_id": "-", "name": "uvicorn.error", "lineno": 258, "message": "Shutting down", "taskName": "Task-1"}
{"asctime": "2024-09-22T20:40:40", "msecs": 684.0, "levelname": "INFO", "correlation_id": "-", "name": "uvicorn.error", "lineno": 67, "message": "Waiting for application shutdown.", "taskName": "Task-1"}
{"asctime": "2024-09-22T20:40:40", "msecs": 688.0, "levelname": "INFO", "correlation_id": "-", "name": "uvicorn.error", "lineno": 76, "message": "Application shutdown complete.", "taskName": "Task-1"}
{"asctime": "2024-09-22T20:40:40", "msecs": 689.0, "levelname": "INFO", "correlation_id": "-", "name": "uvicorn.error", "lineno": 92, "message": "Finished server process [9144]", "taskName": "Task-1", "color_message": "Finished server process [\u001b[36m%d\u001b[0m]"}
{"asctime": "2024-09-22T20:40:41", "msecs": 839.0, "levelname": "INFO", "correlation_id": "-", "name": "uvicorn.error", "lineno": 62, "message": "Application startup complete.", "taskName": "Task-1"}
{"asctime": "2024-09-22T20:40:44", "msecs": 782.0, "levelname": "INFO", "correlation_id": "-", "name": "uvicorn.error", "lineno": 258, "message": "Shutting down", "taskName": "Task-1"}
{"asctime": "2024-09-22T20:40:44", "msecs": 891.0, "levelname": "INFO", "correlation_id": "-", "name": "uvicorn.error", "lineno": 67, "message": "Waiting for application shutdown.", "taskName": "Task-1"}
{"asctime": "2024-09-22T20:40:44", "msecs": 896.0, "levelname": "INFO", "correlation_id": "-", "name": "uvicorn.error", "lineno": 76, "message": "Application shutdown complete.", "taskName": "Task-1"}
{"asctime": "2024-09-22T20:40:44", "msecs": 897.0, "levelname": "INFO", "correlation_id": "-", "name": "uvicorn.error", "lineno": 92, "message": "Finished server process [25252]", "taskName": "Task-1", "color_message": "Finished server process [\u001b[36m%d\u001b[0m]"}
{"asctime": "2024-09-22T20:40:46", "msecs": 47.0, "levelname": "INFO", "correlation_id": "-", "name": "uvicorn.error", "lineno": 62, "message": "Application startup complete.", "taskName": "Task-1"}
{"asctime": "2024-09-22T20:40:48", "msecs": 888.0, "levelname": "INFO", "correlation_id": "-", "name": "uvicorn.error", "lineno": 258, "message": "Shutting down", "taskName": "Task-1"}
{"asctime": "2024-09-22T20:40:48", "msecs": 998.0, "levelname": "INFO", "correlation_id": "-", "name": "uvicorn.error", "lineno": 67, "message": "Waiting for application shutdown.", "taskName": "Task-1"}
{"asctime": "2024-09-22T20:40:49", "msecs": 4.0, "levelname": "INFO", "correlation_id": "-", "name": "uvicorn.error", "lineno": 76, "message": "Application shutdown complete.", "taskName": "Task-1"}
{"asctime": "2024-09-22T20:40:49", "msecs": 6.0, "levelname": "INFO", "correlation_id": "-", "name": "uvicorn.error", "lineno": 92, "message": "Finished server process [28140]", "taskName": "Task-1", "color_message": "Finished server process [\u001b[36m%d\u001b[0m]"}
{"asctime": "2024-09-22T20:40:50", "msecs": 161.0, "levelname": "INFO", "correlation_id": "-", "name": "uvicorn.error", "lineno": 62, "message": "Application startup complete.", "taskName": "Task-1"}
{"asctime": "2024-09-22T20:40:53", "msecs": 436.0, "levelname": "INFO", "correlation_id": "-", "name": "uvicorn.error", "lineno": 258, "message": "Shutting down", "taskName": "Task-1"}
{"asctime": "2024-09-22T20:40:53", "msecs": 548.0, "levelname": "INFO", "correlation_id": "-", "name": "uvicorn.error", "lineno": 67, "message": "Waiting for application shutdown.", "taskName": "Task-1"}
{"asctime": "2024-09-22T20:40:53", "msecs": 553.0, "levelname": "INFO", "correlation_id": "-", "name": "uvicorn.error", "lineno": 76, "message": "Application shutdown complete.", "taskName": "Task-1"}
{"asctime": "2024-09-22T20:40:53", "msecs": 553.0, "levelname": "INFO", "correlation_id": "-", "name": "uvicorn.error", "lineno": 92, "message": "Finished server process [23692]", "taskName": "Task-1", "color_message": "Finished server process [\u001b[36m%d\u001b[0m]"}
{"asctime": "2024-09-22T20:40:54", "msecs": 738.0, "levelname": "INFO", "correlation_id": "-", "name": "uvicorn.error", "lineno": 62, "message": "Application startup complete.", "taskName": "Task-1"}
{"asctime": "2024-09-22T20:41:09", "msecs": 672.0, "levelname": "INFO", "correlation_id": "-", "name": "uvicorn.error", "lineno": 258, "message": "Shutting down", "taskName": "Task-1"}
{"asctime": "2024-09-22T20:41:09", "msecs": 779.0, "levelname": "INFO", "correlation_id": "-", "name": "uvicorn.error", "lineno": 67, "message": "Waiting for application shutdown.", "taskName": "Task-1"}
{"asctime": "2024-09-22T20:41:09", "msecs": 786.0, "levelname": "INFO", "correlation_id": "-", "name": "uvicorn.error", "lineno": 76, "message": "Application shutdown complete.", "taskName": "Task-1"}
{"asctime": "2024-09-22T20:41:09", "msecs": 787.0, "levelname": "INFO", "correlation_id": "-", "name": "uvicorn.error", "lineno": 92, "message": "Finished server process [31396]", "taskName": "Task-1", "color_message": "Finished server process [\u001b[36m%d\u001b[0m]"}
{"asctime": "2024-09-22T20:41:10", "msecs": 929.0, "levelname": "INFO", "correlation_id": "-", "name": "uvicorn.error", "lineno": 62, "message": "Application startup complete.", "taskName": "Task-1"}
{"asctime": "2024-09-22T20:43:10", "msecs": 667.0, "levelname": "INFO", "correlation_id": "-", "name": "uvicorn.error", "lineno": 258, "message": "Shutting down", "taskName": "Task-1"}
{"asctime": "2024-09-22T20:43:10", "msecs": 776.0, "levelname": "INFO", "correlation_id": "-", "name": "uvicorn.error", "lineno": 67, "message": "Waiting for application shutdown.", "taskName": "Task-1"}
{"asctime": "2024-09-22T20:43:10", "msecs": 781.0, "levelname": "INFO", "correlation_id": "-", "name": "uvicorn.error", "lineno": 76, "message": "Application shutdown complete.", "taskName": "Task-1"}
{"asctime": "2024-09-22T20:43:10", "msecs": 783.0, "levelname": "INFO", "correlation_id": "-", "name": "uvicorn.error", "lineno": 92, "message": "Finished server process [25004]", "taskName": "Task-1", "color_message": "Finished server process [\u001b[36m%d\u001b[0m]"}
{"asctime": "2024-09-22T20:43:12", "msecs": 63.0, "levelname": "INFO", "correlation_id": "-", "name": "uvicorn.error", "lineno": 62, "message": "Application startup complete.", "taskName": "Task-1"}
{"asctime": "2024-09-22T20:43:13", "msecs": 820.0, "levelname": "INFO", "correlation_id": "-", "name": "uvicorn.error", "lineno": 258, "message": "Shutting down", "taskName": "Task-1"}
{"asctime": "2024-09-22T20:43:13", "msecs": 930.0, "levelname": "INFO", "correlation_id": "-", "name": "uvicorn.error", "lineno": 67, "message": "Waiting for application shutdown.", "taskName": "Task-1"}
{"asctime": "2024-09-22T20:43:13", "msecs": 936.0, "levelname": "INFO", "correlation_id": "-", "name": "uvicorn.error", "lineno": 76, "message": "Application shutdown complete.", "taskName": "Task-1"}
{"asctime": "2024-09-22T20:43:13", "msecs": 937.0, "levelname": "INFO", "correlation_id": "-", "name": "uvicorn.error", "lineno": 92, "message": "Finished server process [6744]", "taskName": "Task-1", "color_message": "Finished server process [\u001b[36m%d\u001b[0m]"}
{"asctime": "2024-09-22T20:43:15", "msecs": 207.0, "levelname": "INFO", "correlation_id": "-", "name": "uvicorn.error", "lineno": 62, "message": "Application startup complete.", "taskName": "Task-1"}
{"asctime": "2024-09-22T20:43:18", "msecs": 378.0, "levelname": "INFO", "correlation_id": "-", "name": "uvicorn.error", "lineno": 258, "message": "Shutting down", "taskName": "Task-1"}
{"asctime": "2024-09-22T20:43:18", "msecs": 486.0, "levelname": "INFO", "correlation_id": "-", "name": "uvicorn.error", "lineno": 67, "message": "Waiting for application shutdown.", "taskName": "Task-1"}
{"asctime": "2024-09-22T20:43:18", "msecs": 491.0, "levelname": "INFO", "correlation_id": "-", "name": "uvicorn.error", "lineno": 76, "message": "Application shutdown complete.", "taskName": "Task-1"}
{"asctime": "2024-09-22T20:43:18", "msecs": 492.0, "levelname": "INFO", "correlation_id": "-", "name": "uvicorn.error", "lineno": 92, "message": "Finished server process [33648]", "taskName": "Task-1", "color_message": "Finished server process [\u001b[36m%d\u001b[0m]"}
{"asctime": "2024-09-22T20:43:19", "msecs": 675.0, "levelname": "INFO", "correlation_id": "-", "name": "uvicorn.error", "lineno": 62, "message": "Application startup complete.", "taskName": "Task-1"}
{"asctime": "2024-09-22T20:43:28", "msecs": 88.0, "levelname": "INFO", "correlation_id": "-", "name": "uvicorn.error", "lineno": 258, "message": "Shutting down", "taskName": "Task-1"}
{"asctime": "2024-09-22T20:43:28", "msecs": 200.0, "levelname": "INFO", "correlation_id": "-", "name": "uvicorn.error", "lineno": 67, "message": "Waiting for application shutdown.", "taskName": "Task-1"}
{"asctime": "2024-09-22T20:43:28", "msecs": 205.0, "levelname": "INFO", "correlation_id": "-", "name": "uvicorn.error", "lineno": 76, "message": "Application shutdown complete.", "taskName": "Task-1"}
{"asctime": "2024-09-22T20:43:28", "msecs": 207.0, "levelname": "INFO", "correlation_id": "-", "name": "uvicorn.error", "lineno": 92, "message": "Finished server process [30436]", "taskName": "Task-1", "color_message": "Finished server process [\u001b[36m%d\u001b[0m]"}
{"asctime": "2024-09-22T20:43:29", "msecs": 295.0, "levelname": "INFO", "correlation_id": "-", "name": "uvicorn.error", "lineno": 62, "message": "Application startup complete.", "taskName": "Task-1"}
{"asctime": "2024-09-22T20:43:40", "msecs": 689.0, "levelname": "INFO", "correlation_id": "-", "name": "uvicorn.error", "lineno": 258, "message": "Shutting down", "taskName": "Task-1"}
{"asctime": "2024-09-22T20:43:40", "msecs": 797.0, "levelname": "INFO", "correlation_id": "-", "name": "uvicorn.error", "lineno": 67, "message": "Waiting for application shutdown.", "taskName": "Task-1"}
{"asctime": "2024-09-22T20:43:40", "msecs": 803.0, "levelname": "INFO", "correlation_id": "-", "name": "uvicorn.error", "lineno": 76, "message": "Application shutdown complete.", "taskName": "Task-1"}
{"asctime": "2024-09-22T20:43:40", "msecs": 805.0, "levelname": "INFO", "correlation_id": "-", "name": "uvicorn.error", "lineno": 92, "message": "Finished server process [32260]", "taskName": "Task-1", "color_message": "Finished server process [\u001b[36m%d\u001b[0m]"}
{"asctime": "2024-09-22T20:43:41", "msecs": 952.0, "levelname": "INFO", "correlation_id": "-", "name": "uvicorn.error", "lineno": 62, "message": "Application startup complete.", "taskName": "Task-1"}
{"asctime": "2024-09-22T20:43:47", "msecs": 414.0, "levelname": "INFO", "correlation_id": "-", "name": "uvicorn.error", "lineno": 258, "message": "Shutting down", "taskName": "Task-1"}
{"asctime": "2024-09-22T20:43:47", "msecs": 523.0, "levelname": "INFO", "correlation_id": "-", "name": "uvicorn.error", "lineno": 67, "message": "Waiting for application shutdown.", "taskName": "Task-1"}
{"asctime": "2024-09-22T20:43:47", "msecs": 530.0, "levelname": "INFO", "correlation_id": "-", "name": "uvicorn.error", "lineno": 76, "message": "Application shutdown complete.", "taskName": "Task-1"}
{"asctime": "2024-09-22T20:43:47", "msecs": 531.0, "levelname": "INFO", "correlation_id": "-", "name": "uvicorn.error", "lineno": 92, "message": "Finished server process [34088]", "taskName": "Task-1", "color_message": "Finished server process [\u001b[36m%d\u001b[0m]"}
{"asctime": "2024-09-22T20:43:48", "msecs": 722.0, "levelname": "INFO", "correlation_id": "-", "name": "uvicorn.error", "lineno": 62, "message": "Application startup complete.", "taskName": "Task-1"}
{"asctime": "2024-09-22T20:44:17", "msecs": 70.0, "levelname": "INFO", "correlation_id": "-", "name": "uvicorn.error", "lineno": 258, "message": "Shutting down", "taskName": "Task-1"}
{"asctime": "2024-09-22T20:44:17", "msecs": 180.0, "levelname": "INFO", "correlation_id": "-", "name": "uvicorn.error", "lineno": 67, "message": "Waiting for application shutdown.", "taskName": "Task-1"}
{"asctime": "2024-09-22T20:44:17", "msecs": 185.0, "levelname": "INFO", "correlation_id": "-", "name": "uvicorn.error", "lineno": 76, "message": "Application shutdown complete.", "taskName": "Task-1"}
{"asctime": "2024-09-22T20:44:17", "msecs": 186.0, "levelname": "INFO", "correlation_id": "-", "name": "uvicorn.error", "lineno": 92, "message": "Finished server process [34496]", "taskName": "Task-1", "color_message": "Finished server process [\u001b[36m%d\u001b[0m]"}
{"asctime": "2024-09-22T20:44:18", "msecs": 350.0, "levelname": "INFO", "correlation_id": "-", "name": "uvicorn.error", "lineno": 62, "message": "Application startup complete.", "taskName": "Task-1"}
{"asctime": "2024-09-22T20:44:19", "msecs": 123.0, "levelname": "INFO", "correlation_id": "-", "name": "uvicorn.error", "lineno": 258, "message": "Shutting down", "taskName": "Task-1"}
{"asctime": "2024-09-22T20:44:19", "msecs": 234.0, "levelname": "INFO", "correlation_id": "-", "name": "uvicorn.error", "lineno": 67, "message": "Waiting for application shutdown.", "taskName": "Task-1"}
{"asctime": "2024-09-22T20:44:19", "msecs": 240.0, "levelname": "INFO", "correlation_id": "-", "name": "uvicorn.error", "lineno": 76, "message": "Application shutdown complete.", "taskName": "Task-1"}
{"asctime": "2024-09-22T20:44:19", "msecs": 241.0, "levelname": "INFO", "correlation_id": "-", "name": "uvicorn.error", "lineno": 92, "message": "Finished server process [33832]", "taskName": "Task-1", "color_message": "Finished server process [\u001b[36m%d\u001b[0m]"}
{"asctime": "2024-09-22T20:44:20", "msecs": 322.0, "levelname": "INFO", "correlation_id": "-", "name": "uvicorn.error", "lineno": 62, "message": "Application startup complete.", "taskName": "Task-1"}
{"asctime": "2024-09-22T20:45:58", "msecs": 428.0, "levelname": "INFO", "correlation_id": "-", "name": "uvicorn.error", "lineno": 62, "message": "Application startup complete.", "taskName": "Task-1"}
{"asctime": "2024-09-22T20:56:10", "msecs": 440.0, "levelname": "INFO", "correlation_id": "-", "name": "uvicorn.error", "lineno": 62, "message": "Application startup complete.", "taskName": "Task-1"}
{"asctime": "2024-09-22T21:02:47", "msecs": 454.0, "levelname": "INFO", "correlation_id": "-", "name": "uvicorn.error", "lineno": 62, "message": "Application startup complete.", "taskName": "Task-1"}
{"asctime": "2024-09-22T21:03:10", "msecs": 540.0, "levelname": "INFO", "correlation_id": "-", "name": "uvicorn.error", "lineno": 258, "message": "Shutting down", "taskName": "Task-1"}
{"asctime": "2024-09-22T21:03:10", "msecs": 650.0, "levelname": "INFO", "correlation_id": "-", "name": "uvicorn.error", "lineno": 67, "message": "Waiting for application shutdown.", "taskName": "Task-1"}
{"asctime": "2024-09-22T21:03:10", "msecs": 654.0, "levelname": "INFO", "correlation_id": "-", "name": "uvicorn.error", "lineno": 76, "message": "Application shutdown complete.", "taskName": "Task-1"}
{"asctime": "2024-09-22T21:03:10", "msecs": 656.0, "levelname": "INFO", "correlation_id": "-", "name": "uvicorn.error", "lineno": 92, "message": "Finished server process [8164]", "taskName": "Task-1", "color_message": "Finished server process [\u001b[36m%d\u001b[0m]"}
{"asctime": "2024-09-22T13:15:09", "msecs": 619.0, "levelname": "INFO", "correlation_id": "-", "name": "uvicorn.error", "lineno": 62, "message": "Application startup complete.", "taskName": "Task-1"}
{"asctime": "2024-09-22T13:20:03", "msecs": 668.0, "levelname": "INFO", "correlation_id": "-", "name": "uvicorn.error", "lineno": 258, "message": "Shutting down", "taskName": "Task-1"}
{"asctime": "2024-09-22T13:20:03", "msecs": 770.0, "levelname": "INFO", "correlation_id": "-", "name": "uvicorn.error", "lineno": 67, "message": "Waiting for application shutdown.", "taskName": "Task-1"}
{"asctime": "2024-09-22T13:20:03", "msecs": 774.0, "levelname": "INFO", "correlation_id": "-", "name": "uvicorn.error", "lineno": 76, "message": "Application shutdown complete.", "taskName": "Task-1"}
{"asctime": "2024-09-22T13:20:03", "msecs": 775.0, "levelname": "INFO", "correlation_id": "-", "name": "uvicorn.error", "lineno": 92, "message": "Finished server process [9]", "taskName": "Task-1", "color_message": "Finished server process [\u001b[36m%d\u001b[0m]"}
{"asctime": "2024-09-22T13:20:04", "msecs": 643.0, "levelname": "INFO", "correlation_id": "-", "name": "uvicorn.error", "lineno": 62, "message": "Application startup complete.", "taskName": "Task-1"}
{"asctime": "2024-09-22T13:20:12", "msecs": 71.0, "levelname": "INFO", "correlation_id": "-", "name": "uvicorn.error", "lineno": 258, "message": "Shutting down", "taskName": "Task-1"}
{"asctime": "2024-09-22T13:20:12", "msecs": 173.0, "levelname": "INFO", "correlation_id": "-", "name": "uvicorn.error", "lineno": 67, "message": "Waiting for application shutdown.", "taskName": "Task-1"}
{"asctime": "2024-09-22T13:20:12", "msecs": 177.0, "levelname": "INFO", "correlation_id": "-", "name": "uvicorn.error", "lineno": 76, "message": "Application shutdown complete.", "taskName": "Task-1"}
{"asctime": "2024-09-22T13:20:12", "msecs": 178.0, "levelname": "INFO", "correlation_id": "-", "name": "uvicorn.error", "lineno": 92, "message": "Finished server process [13]", "taskName": "Task-1", "color_message": "Finished server process [\u001b[36m%d\u001b[0m]"}
{"asctime": "2024-09-22T13:20:13", "msecs": 12.0, "levelname": "INFO", "correlation_id": "-", "name": "uvicorn.error", "lineno": 62, "message": "Application startup complete.", "taskName": "Task-1"}
{"asctime": "2024-09-22T13:20:22", "msecs": 445.0, "levelname": "INFO", "correlation_id": "-", "name": "uvicorn.error", "lineno": 258, "message": "Shutting down", "taskName": "Task-1"}
{"asctime": "2024-09-22T13:20:22", "msecs": 547.0, "levelname": "INFO", "correlation_id": "-", "name": "uvicorn.error", "lineno": 67, "message": "Waiting for application shutdown.", "taskName": "Task-1"}
{"asctime": "2024-09-22T13:20:22", "msecs": 550.0, "levelname": "INFO", "correlation_id": "-", "name": "uvicorn.error", "lineno": 76, "message": "Application shutdown complete.", "taskName": "Task-1"}
{"asctime": "2024-09-22T13:20:22", "msecs": 553.0, "levelname": "INFO", "correlation_id": "-", "name": "uvicorn.error", "lineno": 92, "message": "Finished server process [16]", "taskName": "Task-1", "color_message": "Finished server process [\u001b[36m%d\u001b[0m]"}
{"asctime": "2024-09-22T13:20:23", "msecs": 478.0, "levelname": "INFO", "correlation_id": "-", "name": "uvicorn.error", "lineno": 62, "message": "Application startup complete.", "taskName": "Task-1"}
{"asctime": "2024-09-22T13:20:31", "msecs": 307.0, "levelname": "INFO", "correlation_id": "-", "name": "uvicorn.error", "lineno": 258, "message": "Shutting down", "taskName": "Task-1"}
{"asctime": "2024-09-22T13:20:31", "msecs": 409.0, "levelname": "INFO", "correlation_id": "-", "name": "uvicorn.error", "lineno": 67, "message": "Waiting for application shutdown.", "taskName": "Task-1"}
{"asctime": "2024-09-22T13:20:31", "msecs": 411.0, "levelname": "INFO", "correlation_id": "-", "name": "uvicorn.error", "lineno": 76, "message": "Application shutdown complete.", "taskName": "Task-1"}
{"asctime": "2024-09-22T13:20:31", "msecs": 413.0, "levelname": "INFO", "correlation_id": "-", "name": "uvicorn.error", "lineno": 92, "message": "Finished server process [19]", "taskName": "Task-1", "color_message": "Finished server process [\u001b[36m%d\u001b[0m]"}
{"asctime": "2024-09-22T13:20:32", "msecs": 267.0, "levelname": "INFO", "correlation_id": "-", "name": "uvicorn.error", "lineno": 62, "message": "Application startup complete.", "taskName": "Task-1"}
{"asctime": "2024-09-22T13:20:38", "msecs": 490.0, "levelname": "INFO", "correlation_id": "-", "name": "uvicorn.error", "lineno": 258, "message": "Shutting down", "taskName": "Task-1"}
{"asctime": "2024-09-22T13:20:38", "msecs": 592.0, "levelname": "INFO", "correlation_id": "-", "name": "uvicorn.error", "lineno": 67, "message": "Waiting for application shutdown.", "taskName": "Task-1"}
{"asctime": "2024-09-22T13:20:38", "msecs": 595.0, "levelname": "INFO", "correlation_id": "-", "name": "uvicorn.error", "lineno": 76, "message": "Application shutdown complete.", "taskName": "Task-1"}
{"asctime": "2024-09-22T13:20:38", "msecs": 598.0, "levelname": "INFO", "correlation_id": "-", "name": "uvicorn.error", "lineno": 92, "message": "Finished server process [22]", "taskName": "Task-1", "color_message": "Finished server process [\u001b[36m%d\u001b[0m]"}
{"asctime": "2024-09-22T13:20:39", "msecs": 462.0, "levelname": "INFO", "correlation_id": "-", "name": "uvicorn.error", "lineno": 62, "message": "Application startup complete.", "taskName": "Task-1"}
{"asctime": "2024-09-22T13:22:17", "msecs": 257.0, "levelname": "INFO", "correlation_id": "-", "name": "uvicorn.error", "lineno": 258, "message": "Shutting down", "taskName": "Task-1"}
{"asctime": "2024-09-22T13:22:17", "msecs": 360.0, "levelname": "INFO", "correlation_id": "-", "name": "uvicorn.error", "lineno": 67, "message": "Waiting for application shutdown.", "taskName": "Task-1"}
{"asctime": "2024-09-22T13:22:17", "msecs": 364.0, "levelname": "INFO", "correlation_id": "-", "name": "uvicorn.error", "lineno": 76, "message": "Application shutdown complete.", "taskName": "Task-1"}
{"asctime": "2024-09-22T13:22:17", "msecs": 367.0, "levelname": "INFO", "correlation_id": "-", "name": "uvicorn.error", "lineno": 92, "message": "Finished server process [25]", "taskName": "Task-1", "color_message": "Finished server process [\u001b[36m%d\u001b[0m]"}
{"asctime": "2024-09-22T13:22:18", "msecs": 207.0, "levelname": "INFO", "correlation_id": "-", "name": "uvicorn.error", "lineno": 62, "message": "Application startup complete.", "taskName": "Task-1"}
{"asctime": "2024-09-22T14:03:31", "msecs": 466.0, "levelname": "INFO", "correlation_id": "-", "name": "uvicorn.error", "lineno": 258, "message": "Shutting down", "taskName": "Task-1"}
{"asctime": "2024-09-22T14:03:31", "msecs": 569.0, "levelname": "INFO", "correlation_id": "-", "name": "uvicorn.error", "lineno": 67, "message": "Waiting for application shutdown.", "taskName": "Task-1"}
{"asctime": "2024-09-22T14:03:31", "msecs": 573.0, "levelname": "INFO", "correlation_id": "-", "name": "uvicorn.error", "lineno": 76, "message": "Application shutdown complete.", "taskName": "Task-1"}
{"asctime": "2024-09-22T14:03:31", "msecs": 575.0, "levelname": "INFO", "correlation_id": "-", "name": "uvicorn.error", "lineno": 92, "message": "Finished server process [28]", "taskName": "Task-1", "color_message": "Finished server process [\u001b[36m%d\u001b[0m]"}
{"asctime": "2024-09-22T14:03:32", "msecs": 612.0, "levelname": "INFO", "correlation_id": "-", "name": "uvicorn.error", "lineno": 62, "message": "Application startup complete.", "taskName": "Task-1"}
{"asctime": "2024-09-22T14:19:27", "msecs": 904.0, "levelname": "INFO", "correlation_id": "-", "name": "uvicorn.error", "lineno": 258, "message": "Shutting down", "taskName": "Task-1"}
{"asctime": "2024-09-22T14:19:28", "msecs": 8.0, "levelname": "INFO", "correlation_id": "-", "name": "uvicorn.error", "lineno": 67, "message": "Waiting for application shutdown.", "taskName": "Task-1"}
{"asctime": "2024-09-22T14:19:28", "msecs": 12.0, "levelname": "INFO", "correlation_id": "-", "name": "uvicorn.error", "lineno": 76, "message": "Application shutdown complete.", "taskName": "Task-1"}
{"asctime": "2024-09-22T14:19:28", "msecs": 15.0, "levelname": "INFO", "correlation_id": "-", "name": "uvicorn.error", "lineno": 92, "message": "Finished server process [31]", "taskName": "Task-1", "color_message": "Finished server process [\u001b[36m%d\u001b[0m]"}
{"asctime": "2024-09-22T14:19:28", "msecs": 936.0, "levelname": "INFO", "correlation_id": "-", "name": "uvicorn.error", "lineno": 62, "message": "Application startup complete.", "taskName": "Task-1"}
{"asctime": "2024-09-22T14:19:32", "msecs": 451.0, "levelname": "INFO", "correlation_id": "-", "name": "uvicorn.error", "lineno": 258, "message": "Shutting down", "taskName": "Task-1"}
{"asctime": "2024-09-22T14:19:32", "msecs": 554.0, "levelname": "INFO", "correlation_id": "-", "name": "uvicorn.error", "lineno": 67, "message": "Waiting for application shutdown.", "taskName": "Task-1"}
{"asctime": "2024-09-22T14:19:32", "msecs": 557.0, "levelname": "INFO", "correlation_id": "-", "name": "uvicorn.error", "lineno": 76, "message": "Application shutdown complete.", "taskName": "Task-1"}
{"asctime": "2024-09-22T14:19:32", "msecs": 558.0, "levelname": "INFO", "correlation_id": "-", "name": "uvicorn.error", "lineno": 92, "message": "Finished server process [34]", "taskName": "Task-1", "color_message": "Finished server process [\u001b[36m%d\u001b[0m]"}
{"asctime": "2024-09-22T14:19:33", "msecs": 456.0, "levelname": "INFO", "correlation_id": "-", "name": "uvicorn.error", "lineno": 62, "message": "Application startup complete.", "taskName": "Task-1"}
{"asctime": "2024-09-22T14:19:34", "msecs": 353.0, "levelname": "INFO", "correlation_id": "-", "name": "uvicorn.error", "lineno": 62, "message": "Application startup complete.", "taskName": "Task-1"}
{"asctime": "2024-09-22T14:30:58", "msecs": 740.0, "levelname": "INFO", "correlation_id": "-", "name": "uvicorn.error", "lineno": 258, "message": "Shutting down", "taskName": "Task-1"}
{"asctime": "2024-09-22T14:30:58", "msecs": 845.0, "levelname": "INFO", "correlation_id": "-", "name": "uvicorn.error", "lineno": 67, "message": "Waiting for application shutdown.", "taskName": "Task-1"}
{"asctime": "2024-09-22T14:30:58", "msecs": 849.0, "levelname": "INFO", "correlation_id": "-", "name": "uvicorn.error", "lineno": 76, "message": "Application shutdown complete.", "taskName": "Task-1"}
{"asctime": "2024-09-22T14:30:58", "msecs": 851.0, "levelname": "INFO", "correlation_id": "-", "name": "uvicorn.error", "lineno": 92, "message": "Finished server process [40]", "taskName": "Task-1", "color_message": "Finished server process [\u001b[36m%d\u001b[0m]"}
{"asctime": "2024-09-22T14:31:00", "msecs": 31.0, "levelname": "INFO", "correlation_id": "-", "name": "uvicorn.error", "lineno": 62, "message": "Application startup complete.", "taskName": "Task-1"}
{"asctime": "2024-09-22T16:07:11", "msecs": 190.0, "levelname": "INFO", "correlation_id": "-", "name": "uvicorn.error", "lineno": 258, "message": "Shutting down", "taskName": "Task-1"}
{"asctime": "2024-09-22T16:07:11", "msecs": 330.0, "levelname": "INFO", "correlation_id": "-", "name": "uvicorn.error", "lineno": 67, "message": "Waiting for application shutdown.", "taskName": "Task-1"}
{"asctime": "2024-09-22T16:07:11", "msecs": 349.0, "levelname": "INFO", "correlation_id": "-", "name": "uvicorn.error", "lineno": 76, "message": "Application shutdown complete.", "taskName": "Task-1"}
{"asctime": "2024-09-22T16:07:11", "msecs": 352.0, "levelname": "INFO", "correlation_id": "-", "name": "uvicorn.error", "lineno": 92, "message": "Finished server process [43]", "taskName": "Task-1", "color_message": "Finished server process [\u001b[36m%d\u001b[0m]"}
{"asctime": "2024-09-22T16:07:12", "msecs": 684.0, "levelname": "INFO", "correlation_id": "-", "name": "uvicorn.error", "lineno": 62, "message": "Application startup complete.", "taskName": "Task-1"}
{"asctime": "2024-09-22T16:07:14", "msecs": 996.0, "levelname": "INFO", "correlation_id": "-", "name": "uvicorn.error", "lineno": 258, "message": "Shutting down", "taskName": "Task-1"}
{"asctime": "2024-09-22T16:07:15", "msecs": 99.0, "levelname": "INFO", "correlation_id": "-", "name": "uvicorn.error", "lineno": 67, "message": "Waiting for application shutdown.", "taskName": "Task-1"}
{"asctime": "2024-09-22T16:07:15", "msecs": 103.0, "levelname": "INFO", "correlation_id": "-", "name": "uvicorn.error", "lineno": 76, "message": "Application shutdown complete.", "taskName": "Task-1"}
{"asctime": "2024-09-22T16:07:15", "msecs": 106.0, "levelname": "INFO", "correlation_id": "-", "name": "uvicorn.error", "lineno": 92, "message": "Finished server process [46]", "taskName": "Task-1", "color_message": "Finished server process [\u001b[36m%d\u001b[0m]"}
{"asctime": "2024-09-22T16:07:15", "msecs": 925.0, "levelname": "INFO", "correlation_id": "-", "name": "uvicorn.error", "lineno": 62, "message": "Application startup complete.", "taskName": "Task-1"}
{"asctime": "2024-09-22T16:07:17", "msecs": 834.0, "levelname": "INFO", "correlation_id": "-", "name": "uvicorn.error", "lineno": 258, "message": "Shutting down", "taskName": "Task-1"}
{"asctime": "2024-09-22T16:07:17", "msecs": 936.0, "levelname": "INFO", "correlation_id": "-", "name": "uvicorn.error", "lineno": 67, "message": "Waiting for application shutdown.", "taskName": "Task-1"}
{"asctime": "2024-09-22T16:07:17", "msecs": 940.0, "levelname": "INFO", "correlation_id": "-", "name": "uvicorn.error", "lineno": 76, "message": "Application shutdown complete.", "taskName": "Task-1"}
{"asctime": "2024-09-22T16:07:17", "msecs": 941.0, "levelname": "INFO", "correlation_id": "-", "name": "uvicorn.error", "lineno": 92, "message": "Finished server process [49]", "taskName": "Task-1", "color_message": "Finished server process [\u001b[36m%d\u001b[0m]"}
{"asctime": "2024-09-22T16:07:18", "msecs": 821.0, "levelname": "INFO", "correlation_id": "-", "name": "uvicorn.error", "lineno": 62, "message": "Application startup complete.", "taskName": "Task-1"}
{"asctime": "2024-09-22T16:21:44", "msecs": 827.0, "levelname": "INFO", "correlation_id": "-", "name": "uvicorn.error", "lineno": 258, "message": "Shutting down", "taskName": "Task-1"}
{"asctime": "2024-09-22T16:21:44", "msecs": 935.0, "levelname": "INFO", "correlation_id": "-", "name": "uvicorn.error", "lineno": 67, "message": "Waiting for application shutdown.", "taskName": "Task-1"}
{"asctime": "2024-09-22T16:21:44", "msecs": 939.0, "levelname": "INFO", "correlation_id": "-", "name": "uvicorn.error", "lineno": 76, "message": "Application shutdown complete.", "taskName": "Task-1"}
{"asctime": "2024-09-22T16:21:44", "msecs": 942.0, "levelname": "INFO", "correlation_id": "-", "name": "uvicorn.error", "lineno": 92, "message": "Finished server process [52]", "taskName": "Task-1", "color_message": "Finished server process [\u001b[36m%d\u001b[0m]"}
{"asctime": "2024-09-22T16:21:46", "msecs": 162.0, "levelname": "INFO", "correlation_id": "-", "name": "uvicorn.error", "lineno": 62, "message": "Application startup complete.", "taskName": "Task-1"}
{"asctime": "2024-09-22T16:21:48", "msecs": 374.0, "levelname": "INFO", "correlation_id": "-", "name": "uvicorn.error", "lineno": 258, "message": "Shutting down", "taskName": "Task-1"}
{"asctime": "2024-09-22T16:21:48", "msecs": 476.0, "levelname": "INFO", "correlation_id": "-", "name": "uvicorn.error", "lineno": 67, "message": "Waiting for application shutdown.", "taskName": "Task-1"}
{"asctime": "2024-09-22T16:21:48", "msecs": 480.0, "levelname": "INFO", "correlation_id": "-", "name": "uvicorn.error", "lineno": 76, "message": "Application shutdown complete.", "taskName": "Task-1"}
{"asctime": "2024-09-22T16:21:48", "msecs": 482.0, "levelname": "INFO", "correlation_id": "-", "name": "uvicorn.error", "lineno": 92, "message": "Finished server process [55]", "taskName": "Task-1", "color_message": "Finished server process [\u001b[36m%d\u001b[0m]"}
{"asctime": "2024-09-22T16:21:49", "msecs": 393.0, "levelname": "INFO", "correlation_id": "-", "name": "uvicorn.error", "lineno": 62, "message": "Application startup complete.", "taskName": "Task-1"}
{"asctime": "2024-09-22T16:21:55", "msecs": 113.0, "levelname": "INFO", "correlation_id": "-", "name": "uvicorn.error", "lineno": 258, "message": "Shutting down", "taskName": "Task-1"}
{"asctime": "2024-09-22T16:21:55", "msecs": 215.0, "levelname": "INFO", "correlation_id": "-", "name": "uvicorn.error", "lineno": 67, "message": "Waiting for application shutdown.", "taskName": "Task-1"}
{"asctime": "2024-09-22T16:21:55", "msecs": 218.0, "levelname": "INFO", "correlation_id": "-", "name": "uvicorn.error", "lineno": 76, "message": "Application shutdown complete.", "taskName": "Task-1"}
{"asctime": "2024-09-22T16:21:55", "msecs": 220.0, "levelname": "INFO", "correlation_id": "-", "name": "uvicorn.error", "lineno": 92, "message": "Finished server process [58]", "taskName": "Task-1", "color_message": "Finished server process [\u001b[36m%d\u001b[0m]"}
{"asctime": "2024-09-22T16:21:56", "msecs": 60.0, "levelname": "INFO", "correlation_id": "-", "name": "uvicorn.error", "lineno": 62, "message": "Application startup complete.", "taskName": "Task-1"}
{"asctime": "2024-09-22T16:25:21", "msecs": 271.0, "levelname": "INFO", "correlation_id": "-", "name": "uvicorn.error", "lineno": 258, "message": "Shutting down", "taskName": "Task-1"}
{"asctime": "2024-09-22T16:25:21", "msecs": 375.0, "levelname": "INFO", "correlation_id": "-", "name": "uvicorn.error", "lineno": 67, "message": "Waiting for application shutdown.", "taskName": "Task-1"}
{"asctime": "2024-09-22T16:25:21", "msecs": 380.0, "levelname": "INFO", "correlation_id": "-", "name": "uvicorn.error", "lineno": 76, "message": "Application shutdown complete.", "taskName": "Task-1"}
{"asctime": "2024-09-22T16:25:21", "msecs": 383.0, "levelname": "INFO", "correlation_id": "-", "name": "uvicorn.error", "lineno": 92, "message": "Finished server process [61]", "taskName": "Task-1", "color_message": "Finished server process [\u001b[36m%d\u001b[0m]"}
{"asctime": "2024-09-22T16:25:22", "msecs": 529.0, "levelname": "INFO", "correlation_id": "-", "name": "uvicorn.error", "lineno": 62, "message": "Application startup complete.", "taskName": "Task-1"}
{"asctime": "2024-09-22T16:27:07", "msecs": 850.0, "levelname": "INFO", "correlation_id": "-", "name": "uvicorn.error", "lineno": 258, "message": "Shutting down", "taskName": "Task-1"}
{"asctime": "2024-09-22T16:27:07", "msecs": 954.0, "levelname": "INFO", "correlation_id": "-", "name": "uvicorn.error", "lineno": 67, "message": "Waiting for application shutdown.", "taskName": "Task-1"}
{"asctime": "2024-09-22T16:27:07", "msecs": 959.0, "levelname": "INFO", "correlation_id": "-", "name": "uvicorn.error", "lineno": 76, "message": "Application shutdown complete.", "taskName": "Task-1"}
{"asctime": "2024-09-22T16:27:07", "msecs": 961.0, "levelname": "INFO", "correlation_id": "-", "name": "uvicorn.error", "lineno": 92, "message": "Finished server process [64]", "taskName": "Task-1", "color_message": "Finished server process [\u001b[36m%d\u001b[0m]"}
{"asctime": "2024-09-22T16:27:08", "msecs": 839.0, "levelname": "INFO", "correlation_id": "-", "name": "uvicorn.error", "lineno": 62, "message": "Application startup complete.", "taskName": "Task-1"}
{"asctime": "2024-09-22T16:27:12", "msecs": 51.0, "levelname": "INFO", "correlation_id": "-", "name": "uvicorn.error", "lineno": 258, "message": "Shutting down", "taskName": "Task-1"}
{"asctime": "2024-09-22T16:27:12", "msecs": 153.0, "levelname": "INFO", "correlation_id": "-", "name": "uvicorn.error", "lineno": 67, "message": "Waiting for application shutdown.", "taskName": "Task-1"}
{"asctime": "2024-09-22T16:27:12", "msecs": 156.0, "levelname": "INFO", "correlation_id": "-", "name": "uvicorn.error", "lineno": 76, "message": "Application shutdown complete.", "taskName": "Task-1"}
{"asctime": "2024-09-22T16:27:12", "msecs": 157.0, "levelname": "INFO", "correlation_id": "-", "name": "uvicorn.error", "lineno": 92, "message": "Finished server process [67]", "taskName": "Task-1", "color_message": "Finished server process [\u001b[36m%d\u001b[0m]"}
{"asctime": "2024-09-22T16:27:12", "msecs": 969.0, "levelname": "INFO", "correlation_id": "-", "name": "uvicorn.error", "lineno": 62, "message": "Application startup complete.", "taskName": "Task-1"}
{"asctime": "2024-09-22T16:27:52", "msecs": 388.0, "levelname": "INFO", "correlation_id": "-", "name": "uvicorn.error", "lineno": 258, "message": "Shutting down", "taskName": "Task-1"}
{"asctime": "2024-09-22T16:27:52", "msecs": 491.0, "levelname": "INFO", "correlation_id": "-", "name": "uvicorn.error", "lineno": 67, "message": "Waiting for application shutdown.", "taskName": "Task-1"}
{"asctime": "2024-09-22T16:27:52", "msecs": 494.0, "levelname": "INFO", "correlation_id": "-", "name": "uvicorn.error", "lineno": 76, "message": "Application shutdown complete.", "taskName": "Task-1"}
{"asctime": "2024-09-22T16:27:52", "msecs": 496.0, "levelname": "INFO", "correlation_id": "-", "name": "uvicorn.error", "lineno": 92, "message": "Finished server process [70]", "taskName": "Task-1", "color_message": "Finished server process [\u001b[36m%d\u001b[0m]"}
{"asctime": "2024-09-22T16:27:53", "msecs": 328.0, "levelname": "INFO", "correlation_id": "-", "name": "uvicorn.error", "lineno": 62, "message": "Application startup complete.", "taskName": "Task-1"}
{"asctime": "2024-09-22T16:28:57", "msecs": 315.0, "levelname": "INFO", "correlation_id": "-", "name": "uvicorn.error", "lineno": 258, "message": "Shutting down", "taskName": "Task-1"}
{"asctime": "2024-09-22T16:28:57", "msecs": 417.0, "levelname": "INFO", "correlation_id": "-", "name": "uvicorn.error", "lineno": 67, "message": "Waiting for application shutdown.", "taskName": "Task-1"}
{"asctime": "2024-09-22T16:28:57", "msecs": 421.0, "levelname": "INFO", "correlation_id": "-", "name": "uvicorn.error", "lineno": 76, "message": "Application shutdown complete.", "taskName": "Task-1"}
{"asctime": "2024-09-22T16:28:57", "msecs": 422.0, "levelname": "INFO", "correlation_id": "-", "name": "uvicorn.error", "lineno": 92, "message": "Finished server process [73]", "taskName": "Task-1", "color_message": "Finished server process [\u001b[36m%d\u001b[0m]"}
{"asctime": "2024-09-22T16:28:58", "msecs": 226.0, "levelname": "INFO", "correlation_id": "-", "name": "uvicorn.error", "lineno": 62, "message": "Application startup complete.", "taskName": "Task-1"}
{"asctime": "2024-09-23T00:36:08", "msecs": 86.0, "levelname": "INFO", "correlation_id": "-", "name": "uvicorn.error", "lineno": 62, "message": "Application startup complete.", "taskName": "Task-1"}
{"asctime": "2024-09-22T17:45:29", "msecs": 737.0, "levelname": "INFO", "correlation_id": "-", "name": "uvicorn.error", "lineno": 258, "message": "Shutting down", "taskName": "Task-1"}
{"asctime": "2024-09-22T17:45:29", "msecs": 843.0, "levelname": "INFO", "correlation_id": "-", "name": "uvicorn.error", "lineno": 67, "message": "Waiting for application shutdown.", "taskName": "Task-1"}
{"asctime": "2024-09-22T17:45:29", "msecs": 849.0, "levelname": "INFO", "correlation_id": "-", "name": "uvicorn.error", "lineno": 76, "message": "Application shutdown complete.", "taskName": "Task-1"}
{"asctime": "2024-09-22T17:45:29", "msecs": 851.0, "levelname": "INFO", "correlation_id": "-", "name": "uvicorn.error", "lineno": 92, "message": "Finished server process [76]", "taskName": "Task-1", "color_message": "Finished server process [\u001b[36m%d\u001b[0m]"}
{"asctime": "2024-09-22T17:45:30", "msecs": 773.0, "levelname": "INFO", "correlation_id": "-", "name": "uvicorn.error", "lineno": 62, "message": "Application startup complete.", "taskName": "Task-1"}
{"asctime": "2024-09-23T03:32:08", "msecs": 278.0, "levelname": "INFO", "correlation_id": "-", "name": "uvicorn.error", "lineno": 258, "message": "Shutting down", "taskName": "Task-1"}
{"asctime": "2024-09-23T03:32:08", "msecs": 496.0, "levelname": "INFO", "correlation_id": "-", "name": "uvicorn.error", "lineno": 67, "message": "Waiting for application shutdown.", "taskName": "Task-1"}
{"asctime": "2024-09-23T03:32:08", "msecs": 545.0, "levelname": "INFO", "correlation_id": "-", "name": "uvicorn.error", "lineno": 76, "message": "Application shutdown complete.", "taskName": "Task-1"}
{"asctime": "2024-09-23T03:32:08", "msecs": 550.0, "levelname": "INFO", "correlation_id": "-", "name": "uvicorn.error", "lineno": 92, "message": "Finished server process [79]", "taskName": "Task-1", "color_message": "Finished server process [\u001b[36m%d\u001b[0m]"}
{"asctime": "2024-09-23T03:32:11", "msecs": 345.0, "levelname": "INFO", "correlation_id": "-", "name": "uvicorn.error", "lineno": 62, "message": "Application startup complete.", "taskName": "Task-1"}
{"asctime": "2024-09-23T03:32:14", "msecs": 365.0, "levelname": "INFO", "correlation_id": "-", "name": "uvicorn.error", "lineno": 258, "message": "Shutting down", "taskName": "Task-1"}
{"asctime": "2024-09-23T03:32:14", "msecs": 468.0, "levelname": "INFO", "correlation_id": "-", "name": "uvicorn.error", "lineno": 67, "message": "Waiting for application shutdown.", "taskName": "Task-1"}
{"asctime": "2024-09-23T03:32:14", "msecs": 472.0, "levelname": "INFO", "correlation_id": "-", "name": "uvicorn.error", "lineno": 76, "message": "Application shutdown complete.", "taskName": "Task-1"}
{"asctime": "2024-09-23T03:32:14", "msecs": 475.0, "levelname": "INFO", "correlation_id": "-", "name": "uvicorn.error", "lineno": 92, "message": "Finished server process [82]", "taskName": "Task-1", "color_message": "Finished server process [\u001b[36m%d\u001b[0m]"}
{"asctime": "2024-09-23T03:32:15", "msecs": 767.0, "levelname": "INFO", "correlation_id": "-", "name": "uvicorn.error", "lineno": 62, "message": "Application startup complete.", "taskName": "Task-1"}
{"asctime": "2024-09-23T03:32:53", "msecs": 924.0, "levelname": "INFO", "correlation_id": "-", "name": "uvicorn.error", "lineno": 258, "message": "Shutting down", "taskName": "Task-1"}
{"asctime": "2024-09-23T03:32:54", "msecs": 31.0, "levelname": "INFO", "correlation_id": "-", "name": "uvicorn.error", "lineno": 67, "message": "Waiting for application shutdown.", "taskName": "Task-1"}
{"asctime": "2024-09-23T03:32:54", "msecs": 42.0, "levelname": "INFO", "correlation_id": "-", "name": "uvicorn.error", "lineno": 76, "message": "Application shutdown complete.", "taskName": "Task-1"}
{"asctime": "2024-09-23T03:32:54", "msecs": 46.0, "levelname": "INFO", "correlation_id": "-", "name": "uvicorn.error", "lineno": 92, "message": "Finished server process [85]", "taskName": "Task-1", "color_message": "Finished server process [\u001b[36m%d\u001b[0m]"}
{"asctime": "2024-09-23T03:32:55", "msecs": 548.0, "levelname": "INFO", "correlation_id": "-", "name": "uvicorn.error", "lineno": 62, "message": "Application startup complete.", "taskName": "Task-1"}
{"asctime": "2024-09-23T03:32:57", "msecs": 864.0, "levelname": "INFO", "correlation_id": "-", "name": "uvicorn.error", "lineno": 258, "message": "Shutting down", "taskName": "Task-1"}
{"asctime": "2024-09-23T03:32:57", "msecs": 969.0, "levelname": "INFO", "correlation_id": "-", "name": "uvicorn.error", "lineno": 67, "message": "Waiting for application shutdown.", "taskName": "Task-1"}
{"asctime": "2024-09-23T03:32:57", "msecs": 974.0, "levelname": "INFO", "correlation_id": "-", "name": "uvicorn.error", "lineno": 76, "message": "Application shutdown complete.", "taskName": "Task-1"}
{"asctime": "2024-09-23T03:32:57", "msecs": 976.0, "levelname": "INFO", "correlation_id": "-", "name": "uvicorn.error", "lineno": 92, "message": "Finished server process [88]", "taskName": "Task-1", "color_message": "Finished server process [\u001b[36m%d\u001b[0m]"}
{"asctime": "2024-09-23T03:32:59", "msecs": 505.0, "levelname": "INFO", "correlation_id": "-", "name": "uvicorn.error", "lineno": 62, "message": "Application startup complete.", "taskName": "Task-1"}
{"asctime": "2024-09-23T03:33:18", "msecs": 587.0, "levelname": "INFO", "correlation_id": "-", "name": "uvicorn.error", "lineno": 258, "message": "Shutting down", "taskName": "Task-1"}
{"asctime": "2024-09-23T03:33:18", "msecs": 690.0, "levelname": "INFO", "correlation_id": "-", "name": "uvicorn.error", "lineno": 67, "message": "Waiting for application shutdown.", "taskName": "Task-1"}
{"asctime": "2024-09-23T03:33:18", "msecs": 696.0, "levelname": "INFO", "correlation_id": "-", "name": "uvicorn.error", "lineno": 76, "message": "Application shutdown complete.", "taskName": "Task-1"}
{"asctime": "2024-09-23T03:33:18", "msecs": 700.0, "levelname": "INFO", "correlation_id": "-", "name": "uvicorn.error", "lineno": 92, "message": "Finished server process [91]", "taskName": "Task-1", "color_message": "Finished server process [\u001b[36m%d\u001b[0m]"}
{"asctime": "2024-09-23T03:33:20", "msecs": 377.0, "levelname": "INFO", "correlation_id": "-", "name": "uvicorn.error", "lineno": 62, "message": "Application startup complete.", "taskName": "Task-1"}
{"asctime": "2024-09-23T03:33:20", "msecs": 695.0, "levelname": "INFO", "correlation_id": "-", "name": "uvicorn.error", "lineno": 258, "message": "Shutting down", "taskName": "Task-1"}
{"asctime": "2024-09-23T03:33:20", "msecs": 799.0, "levelname": "INFO", "correlation_id": "-", "name": "uvicorn.error", "lineno": 67, "message": "Waiting for application shutdown.", "taskName": "Task-1"}
{"asctime": "2024-09-23T03:33:20", "msecs": 804.0, "levelname": "INFO", "correlation_id": "-", "name": "uvicorn.error", "lineno": 76, "message": "Application shutdown complete.", "taskName": "Task-1"}
{"asctime": "2024-09-23T03:33:20", "msecs": 807.0, "levelname": "INFO", "correlation_id": "-", "name": "uvicorn.error", "lineno": 92, "message": "Finished server process [94]", "taskName": "Task-1", "color_message": "Finished server process [\u001b[36m%d\u001b[0m]"}
{"asctime": "2024-09-23T03:33:22", "msecs": 544.0, "levelname": "INFO", "correlation_id": "-", "name": "uvicorn.error", "lineno": 62, "message": "Application startup complete.", "taskName": "Task-1"}
{"asctime": "2024-09-23T03:33:50", "msecs": 957.0, "levelname": "INFO", "correlation_id": "-", "name": "uvicorn.error", "lineno": 258, "message": "Shutting down", "taskName": "Task-1"}
{"asctime": "2024-09-23T03:33:51", "msecs": 61.0, "levelname": "INFO", "correlation_id": "-", "name": "uvicorn.error", "lineno": 67, "message": "Waiting for application shutdown.", "taskName": "Task-1"}
{"asctime": "2024-09-23T03:33:51", "msecs": 66.0, "levelname": "INFO", "correlation_id": "-", "name": "uvicorn.error", "lineno": 76, "message": "Application shutdown complete.", "taskName": "Task-1"}
{"asctime": "2024-09-23T03:33:51", "msecs": 70.0, "levelname": "INFO", "correlation_id": "-", "name": "uvicorn.error", "lineno": 92, "message": "Finished server process [97]", "taskName": "Task-1", "color_message": "Finished server process [\u001b[36m%d\u001b[0m]"}
{"asctime": "2024-09-23T03:33:52", "msecs": 394.0, "levelname": "INFO", "correlation_id": "-", "name": "uvicorn.error", "lineno": 62, "message": "Application startup complete.", "taskName": "Task-1"}
{"asctime": "2024-09-23T03:33:58", "msecs": 926.0, "levelname": "INFO", "correlation_id": "-", "name": "uvicorn.error", "lineno": 258, "message": "Shutting down", "taskName": "Task-1"}
{"asctime": "2024-09-23T03:33:59", "msecs": 30.0, "levelname": "INFO", "correlation_id": "-", "name": "uvicorn.error", "lineno": 67, "message": "Waiting for application shutdown.", "taskName": "Task-1"}
{"asctime": "2024-09-23T03:33:59", "msecs": 36.0, "levelname": "INFO", "correlation_id": "-", "name": "uvicorn.error", "lineno": 76, "message": "Application shutdown complete.", "taskName": "Task-1"}
{"asctime": "2024-09-23T03:33:59", "msecs": 40.0, "levelname": "INFO", "correlation_id": "-", "name": "uvicorn.error", "lineno": 92, "message": "Finished server process [100]", "taskName": "Task-1", "color_message": "Finished server process [\u001b[36m%d\u001b[0m]"}
{"asctime": "2024-09-23T03:34:00", "msecs": 482.0, "levelname": "INFO", "correlation_id": "-", "name": "uvicorn.error", "lineno": 62, "message": "Application startup complete.", "taskName": "Task-1"}
{"asctime": "2024-09-23T03:34:07", "msecs": 613.0, "levelname": "INFO", "correlation_id": "-", "name": "uvicorn.error", "lineno": 258, "message": "Shutting down", "taskName": "Task-1"}
{"asctime": "2024-09-23T03:34:07", "msecs": 716.0, "levelname": "INFO", "correlation_id": "-", "name": "uvicorn.error", "lineno": 67, "message": "Waiting for application shutdown.", "taskName": "Task-1"}
{"asctime": "2024-09-23T03:34:07", "msecs": 721.0, "levelname": "INFO", "correlation_id": "-", "name": "uvicorn.error", "lineno": 76, "message": "Application shutdown complete.", "taskName": "Task-1"}
{"asctime": "2024-09-23T03:34:07", "msecs": 723.0, "levelname": "INFO", "correlation_id": "-", "name": "uvicorn.error", "lineno": 92, "message": "Finished server process [103]", "taskName": "Task-1", "color_message": "Finished server process [\u001b[36m%d\u001b[0m]"}
{"asctime": "2024-09-23T03:34:09", "msecs": 71.0, "levelname": "INFO", "correlation_id": "-", "name": "uvicorn.error", "lineno": 62, "message": "Application startup complete.", "taskName": "Task-1"}
{"asctime": "2024-09-23T03:34:15", "msecs": 400.0, "levelname": "INFO", "correlation_id": "-", "name": "uvicorn.error", "lineno": 258, "message": "Shutting down", "taskName": "Task-1"}
{"asctime": "2024-09-23T03:34:15", "msecs": 505.0, "levelname": "INFO", "correlation_id": "-", "name": "uvicorn.error", "lineno": 67, "message": "Waiting for application shutdown.", "taskName": "Task-1"}
{"asctime": "2024-09-23T03:34:15", "msecs": 512.0, "levelname": "INFO", "correlation_id": "-", "name": "uvicorn.error", "lineno": 76, "message": "Application shutdown complete.", "taskName": "Task-1"}
{"asctime": "2024-09-23T03:34:15", "msecs": 515.0, "levelname": "INFO", "correlation_id": "-", "name": "uvicorn.error", "lineno": 92, "message": "Finished server process [106]", "taskName": "Task-1", "color_message": "Finished server process [\u001b[36m%d\u001b[0m]"}
{"asctime": "2024-09-23T03:34:16", "msecs": 938.0, "levelname": "INFO", "correlation_id": "-", "name": "uvicorn.error", "lineno": 62, "message": "Application startup complete.", "taskName": "Task-1"}
{"asctime": "2024-09-23T03:34:27", "msecs": 183.0, "levelname": "INFO", "correlation_id": "-", "name": "uvicorn.error", "lineno": 258, "message": "Shutting down", "taskName": "Task-1"}
{"asctime": "2024-09-23T03:34:27", "msecs": 289.0, "levelname": "INFO", "correlation_id": "-", "name": "uvicorn.error", "lineno": 67, "message": "Waiting for application shutdown.", "taskName": "Task-1"}
{"asctime": "2024-09-23T03:34:27", "msecs": 295.0, "levelname": "INFO", "correlation_id": "-", "name": "uvicorn.error", "lineno": 76, "message": "Application shutdown complete.", "taskName": "Task-1"}
{"asctime": "2024-09-23T03:34:27", "msecs": 297.0, "levelname": "INFO", "correlation_id": "-", "name": "uvicorn.error", "lineno": 92, "message": "Finished server process [109]", "taskName": "Task-1", "color_message": "Finished server process [\u001b[36m%d\u001b[0m]"}
{"asctime": "2024-09-23T03:34:28", "msecs": 893.0, "levelname": "INFO", "correlation_id": "-", "name": "uvicorn.error", "lineno": 62, "message": "Application startup complete.", "taskName": "Task-1"}
{"asctime": "2024-09-23T03:34:36", "msecs": 927.0, "levelname": "INFO", "correlation_id": "-", "name": "uvicorn.error", "lineno": 258, "message": "Shutting down", "taskName": "Task-1"}
{"asctime": "2024-09-23T03:34:37", "msecs": 33.0, "levelname": "INFO", "correlation_id": "-", "name": "uvicorn.error", "lineno": 67, "message": "Waiting for application shutdown.", "taskName": "Task-1"}
{"asctime": "2024-09-23T03:34:37", "msecs": 41.0, "levelname": "INFO", "correlation_id": "-", "name": "uvicorn.error", "lineno": 76, "message": "Application shutdown complete.", "taskName": "Task-1"}
{"asctime": "2024-09-23T03:34:37", "msecs": 44.0, "levelname": "INFO", "correlation_id": "-", "name": "uvicorn.error", "lineno": 92, "message": "Finished server process [112]", "taskName": "Task-1", "color_message": "Finished server process [\u001b[36m%d\u001b[0m]"}
{"asctime": "2024-09-23T03:34:38", "msecs": 613.0, "levelname": "INFO", "correlation_id": "-", "name": "uvicorn.error", "lineno": 62, "message": "Application startup complete.", "taskName": "Task-1"}
{"asctime": "2024-09-23T22:56:01", "msecs": 726.0, "levelname": "INFO", "correlation_id": "-", "name": "uvicorn.error", "lineno": 62, "message": "Application startup complete.", "taskName": "Task-1"}
{"asctime": "2024-09-23T22:15:31", "msecs": 384.0, "levelname": "INFO", "correlation_id": "-", "name": "uvicorn.error", "lineno": 258, "message": "Shutting down", "taskName": "Task-1"}
{"asctime": "2024-09-23T22:15:31", "msecs": 642.0, "levelname": "INFO", "correlation_id": "-", "name": "uvicorn.error", "lineno": 67, "message": "Waiting for application shutdown.", "taskName": "Task-1"}
{"asctime": "2024-09-23T22:15:31", "msecs": 719.0, "levelname": "INFO", "correlation_id": "-", "name": "uvicorn.error", "lineno": 76, "message": "Application shutdown complete.", "taskName": "Task-1"}
{"asctime": "2024-09-23T22:15:31", "msecs": 724.0, "levelname": "INFO", "correlation_id": "-", "name": "uvicorn.error", "lineno": 92, "message": "Finished server process [115]", "taskName": "Task-1", "color_message": "Finished server process [\u001b[36m%d\u001b[0m]"}
{"asctime": "2024-09-23T22:15:34", "msecs": 405.0, "levelname": "INFO", "correlation_id": "-", "name": "uvicorn.error", "lineno": 62, "message": "Application startup complete.", "taskName": "Task-1"}
{"asctime": "2024-09-24T06:15:51", "msecs": 699.0, "levelname": "INFO", "correlation_id": "-", "name": "uvicorn.error", "lineno": 62, "message": "Application startup complete.", "taskName": "Task-1"}
{"asctime": "2024-09-24T08:00:33", "msecs": 816.0, "levelname": "INFO", "correlation_id": "-", "name": "uvicorn.error", "lineno": 258, "message": "Shutting down", "taskName": "Task-1"}
{"asctime": "2024-09-24T08:00:33", "msecs": 925.0, "levelname": "INFO", "correlation_id": "-", "name": "uvicorn.error", "lineno": 67, "message": "Waiting for application shutdown.", "taskName": "Task-1"}
{"asctime": "2024-09-24T08:00:33", "msecs": 931.0, "levelname": "INFO", "correlation_id": "-", "name": "uvicorn.error", "lineno": 76, "message": "Application shutdown complete.", "taskName": "Task-1"}
{"asctime": "2024-09-24T08:00:33", "msecs": 933.0, "levelname": "INFO", "correlation_id": "-", "name": "uvicorn.error", "lineno": 92, "message": "Finished server process [14776]", "taskName": "Task-1", "color_message": "Finished server process [\u001b[36m%d\u001b[0m]"}
{"asctime": "2024-09-24T00:00:34", "msecs": 118.0, "levelname": "INFO", "correlation_id": "-", "name": "uvicorn.error", "lineno": 258, "message": "Shutting down", "taskName": "Task-1"}
{"asctime": "2024-09-24T00:00:34", "msecs": 225.0, "levelname": "INFO", "correlation_id": "-", "name": "uvicorn.error", "lineno": 67, "message": "Waiting for application shutdown.", "taskName": "Task-1"}
{"asctime": "2024-09-24T00:00:34", "msecs": 230.0, "levelname": "INFO", "correlation_id": "-", "name": "uvicorn.error", "lineno": 76, "message": "Application shutdown complete.", "taskName": "Task-1"}
{"asctime": "2024-09-24T00:00:34", "msecs": 232.0, "levelname": "INFO", "correlation_id": "-", "name": "uvicorn.error", "lineno": 92, "message": "Finished server process [118]", "taskName": "Task-1", "color_message": "Finished server process [\u001b[36m%d\u001b[0m]"}
{"asctime": "2024-09-24T08:00:35", "msecs": 159.0, "levelname": "INFO", "correlation_id": "-", "name": "uvicorn.error", "lineno": 62, "message": "Application startup complete.", "taskName": "Task-1"}
{"asctime": "2024-09-24T00:00:35", "msecs": 223.0, "levelname": "INFO", "correlation_id": "-", "name": "uvicorn.error", "lineno": 62, "message": "Application startup complete.", "taskName": "Task-1"}
{"asctime": "2024-09-24T08:01:46", "msecs": 26.0, "levelname": "INFO", "correlation_id": "-", "name": "uvicorn.error", "lineno": 258, "message": "Shutting down", "taskName": "Task-1"}
{"asctime": "2024-09-24T08:01:46", "msecs": 136.0, "levelname": "INFO", "correlation_id": "-", "name": "uvicorn.error", "lineno": 67, "message": "Waiting for application shutdown.", "taskName": "Task-1"}
{"asctime": "2024-09-24T08:01:46", "msecs": 142.0, "levelname": "INFO", "correlation_id": "-", "name": "uvicorn.error", "lineno": 76, "message": "Application shutdown complete.", "taskName": "Task-1"}
{"asctime": "2024-09-24T08:01:46", "msecs": 144.0, "levelname": "INFO", "correlation_id": "-", "name": "uvicorn.error", "lineno": 92, "message": "Finished server process [29420]", "taskName": "Task-1", "color_message": "Finished server process [\u001b[36m%d\u001b[0m]"}
{"asctime": "2024-09-24T00:01:46", "msecs": 337.0, "levelname": "INFO", "correlation_id": "-", "name": "uvicorn.error", "lineno": 258, "message": "Shutting down", "taskName": "Task-1"}
{"asctime": "2024-09-24T00:01:46", "msecs": 440.0, "levelname": "INFO", "correlation_id": "-", "name": "uvicorn.error", "lineno": 67, "message": "Waiting for application shutdown.", "taskName": "Task-1"}
{"asctime": "2024-09-24T00:01:46", "msecs": 444.0, "levelname": "INFO", "correlation_id": "-", "name": "uvicorn.error", "lineno": 76, "message": "Application shutdown complete.", "taskName": "Task-1"}
{"asctime": "2024-09-24T00:01:46", "msecs": 446.0, "levelname": "INFO", "correlation_id": "-", "name": "uvicorn.error", "lineno": 92, "message": "Finished server process [121]", "taskName": "Task-1", "color_message": "Finished server process [\u001b[36m%d\u001b[0m]"}
{"asctime": "2024-09-24T08:01:47", "msecs": 336.0, "levelname": "INFO", "correlation_id": "-", "name": "uvicorn.error", "lineno": 62, "message": "Application startup complete.", "taskName": "Task-1"}
{"asctime": "2024-09-24T00:01:47", "msecs": 376.0, "levelname": "INFO", "correlation_id": "-", "name": "uvicorn.error", "lineno": 62, "message": "Application startup complete.", "taskName": "Task-1"}
{"asctime": "2024-09-24T08:01:53", "msecs": 477.0, "levelname": "INFO", "correlation_id": "-", "name": "uvicorn.error", "lineno": 258, "message": "Shutting down", "taskName": "Task-1"}
{"asctime": "2024-09-24T00:01:53", "msecs": 496.0, "levelname": "INFO", "correlation_id": "-", "name": "uvicorn.error", "lineno": 258, "message": "Shutting down", "taskName": "Task-1"}
{"asctime": "2024-09-24T08:01:53", "msecs": 585.0, "levelname": "INFO", "correlation_id": "-", "name": "uvicorn.error", "lineno": 67, "message": "Waiting for application shutdown.", "taskName": "Task-1"}
{"asctime": "2024-09-24T08:01:53", "msecs": 590.0, "levelname": "INFO", "correlation_id": "-", "name": "uvicorn.error", "lineno": 76, "message": "Application shutdown complete.", "taskName": "Task-1"}
{"asctime": "2024-09-24T08:01:53", "msecs": 591.0, "levelname": "INFO", "correlation_id": "-", "name": "uvicorn.error", "lineno": 92, "message": "Finished server process [37164]", "taskName": "Task-1", "color_message": "Finished server process [\u001b[36m%d\u001b[0m]"}
{"asctime": "2024-09-24T00:01:53", "msecs": 599.0, "levelname": "INFO", "correlation_id": "-", "name": "uvicorn.error", "lineno": 67, "message": "Waiting for application shutdown.", "taskName": "Task-1"}
{"asctime": "2024-09-24T00:01:53", "msecs": 603.0, "levelname": "INFO", "correlation_id": "-", "name": "uvicorn.error", "lineno": 76, "message": "Application shutdown complete.", "taskName": "Task-1"}
{"asctime": "2024-09-24T00:01:53", "msecs": 605.0, "levelname": "INFO", "correlation_id": "-", "name": "uvicorn.error", "lineno": 92, "message": "Finished server process [124]", "taskName": "Task-1", "color_message": "Finished server process [\u001b[36m%d\u001b[0m]"}
{"asctime": "2024-09-24T00:01:54", "msecs": 469.0, "levelname": "INFO", "correlation_id": "-", "name": "uvicorn.error", "lineno": 62, "message": "Application startup complete.", "taskName": "Task-1"}
{"asctime": "2024-09-24T08:01:54", "msecs": 701.0, "levelname": "INFO", "correlation_id": "-", "name": "uvicorn.error", "lineno": 62, "message": "Application startup complete.", "taskName": "Task-1"}
{"asctime": "2024-09-24T08:03:39", "msecs": 872.0, "levelname": "INFO", "correlation_id": "-", "name": "uvicorn.error", "lineno": 258, "message": "Shutting down", "taskName": "Task-1"}
{"asctime": "2024-09-24T08:03:39", "msecs": 981.0, "levelname": "INFO", "correlation_id": "-", "name": "uvicorn.error", "lineno": 67, "message": "Waiting for application shutdown.", "taskName": "Task-1"}
{"asctime": "2024-09-24T08:03:39", "msecs": 984.0, "levelname": "INFO", "correlation_id": "-", "name": "uvicorn.error", "lineno": 76, "message": "Application shutdown complete.", "taskName": "Task-1"}
{"asctime": "2024-09-24T08:03:39", "msecs": 985.0, "levelname": "INFO", "correlation_id": "-", "name": "uvicorn.error", "lineno": 92, "message": "Finished server process [37204]", "taskName": "Task-1", "color_message": "Finished server process [\u001b[36m%d\u001b[0m]"}
{"asctime": "2024-09-24T00:03:40", "msecs": 182.0, "levelname": "INFO", "correlation_id": "-", "name": "uvicorn.error", "lineno": 258, "message": "Shutting down", "taskName": "Task-1"}
{"asctime": "2024-09-24T00:03:40", "msecs": 286.0, "levelname": "INFO", "correlation_id": "-", "name": "uvicorn.error", "lineno": 67, "message": "Waiting for application shutdown.", "taskName": "Task-1"}
{"asctime": "2024-09-24T00:03:40", "msecs": 289.0, "levelname": "INFO", "correlation_id": "-", "name": "uvicorn.error", "lineno": 76, "message": "Application shutdown complete.", "taskName": "Task-1"}
{"asctime": "2024-09-24T00:03:40", "msecs": 291.0, "levelname": "INFO", "correlation_id": "-", "name": "uvicorn.error", "lineno": 92, "message": "Finished server process [127]", "taskName": "Task-1", "color_message": "Finished server process [\u001b[36m%d\u001b[0m]"}
{"asctime": "2024-09-24T08:03:41", "msecs": 229.0, "levelname": "INFO", "correlation_id": "-", "name": "uvicorn.error", "lineno": 62, "message": "Application startup complete.", "taskName": "Task-1"}
{"asctime": "2024-09-24T00:03:41", "msecs": 262.0, "levelname": "INFO", "correlation_id": "-", "name": "uvicorn.error", "lineno": 62, "message": "Application startup complete.", "taskName": "Task-1"}
{"asctime": "2024-09-24T08:03:46", "msecs": 667.0, "levelname": "INFO", "correlation_id": "-", "name": "uvicorn.error", "lineno": 258, "message": "Shutting down", "taskName": "Task-1"}
{"asctime": "2024-09-24T00:03:46", "msecs": 683.0, "levelname": "INFO", "correlation_id": "-", "name": "uvicorn.error", "lineno": 258, "message": "Shutting down", "taskName": "Task-1"}
{"asctime": "2024-09-24T08:03:46", "msecs": 774.0, "levelname": "INFO", "correlation_id": "-", "name": "uvicorn.error", "lineno": 67, "message": "Waiting for application shutdown.", "taskName": "Task-1"}
{"asctime": "2024-09-24T08:03:46", "msecs": 778.0, "levelname": "INFO", "correlation_id": "-", "name": "uvicorn.error", "lineno": 76, "message": "Application shutdown complete.", "taskName": "Task-1"}
{"asctime": "2024-09-24T08:03:46", "msecs": 780.0, "levelname": "INFO", "correlation_id": "-", "name": "uvicorn.error", "lineno": 92, "message": "Finished server process [39272]", "taskName": "Task-1", "color_message": "Finished server process [\u001b[36m%d\u001b[0m]"}
{"asctime": "2024-09-24T00:03:46", "msecs": 786.0, "levelname": "INFO", "correlation_id": "-", "name": "uvicorn.error", "lineno": 67, "message": "Waiting for application shutdown.", "taskName": "Task-1"}
{"asctime": "2024-09-24T00:03:46", "msecs": 789.0, "levelname": "INFO", "correlation_id": "-", "name": "uvicorn.error", "lineno": 76, "message": "Application shutdown complete.", "taskName": "Task-1"}
{"asctime": "2024-09-24T00:03:46", "msecs": 791.0, "levelname": "INFO", "correlation_id": "-", "name": "uvicorn.error", "lineno": 92, "message": "Finished server process [130]", "taskName": "Task-1", "color_message": "Finished server process [\u001b[36m%d\u001b[0m]"}
{"asctime": "2024-09-24T00:03:47", "msecs": 809.0, "levelname": "INFO", "correlation_id": "-", "name": "uvicorn.error", "lineno": 62, "message": "Application startup complete.", "taskName": "Task-1"}
{"asctime": "2024-09-24T08:03:48", "msecs": 28.0, "levelname": "INFO", "correlation_id": "-", "name": "uvicorn.error", "lineno": 62, "message": "Application startup complete.", "taskName": "Task-1"}
{"asctime": "2024-09-24T08:03:58", "msecs": 285.0, "levelname": "INFO", "correlation_id": "-", "name": "uvicorn.error", "lineno": 258, "message": "Shutting down", "taskName": "Task-1"}
{"asctime": "2024-09-24T08:03:58", "msecs": 394.0, "levelname": "INFO", "correlation_id": "-", "name": "uvicorn.error", "lineno": 67, "message": "Waiting for application shutdown.", "taskName": "Task-1"}
{"asctime": "2024-09-24T08:03:58", "msecs": 401.0, "levelname": "INFO", "correlation_id": "-", "name": "uvicorn.error", "lineno": 76, "message": "Application shutdown complete.", "taskName": "Task-1"}
{"asctime": "2024-09-24T08:03:58", "msecs": 403.0, "levelname": "INFO", "correlation_id": "-", "name": "uvicorn.error", "lineno": 92, "message": "Finished server process [38828]", "taskName": "Task-1", "color_message": "Finished server process [\u001b[36m%d\u001b[0m]"}
{"asctime": "2024-09-24T00:03:58", "msecs": 446.0, "levelname": "INFO", "correlation_id": "-", "name": "uvicorn.error", "lineno": 258, "message": "Shutting down", "taskName": "Task-1"}
{"asctime": "2024-09-24T00:03:58", "msecs": 549.0, "levelname": "INFO", "correlation_id": "-", "name": "uvicorn.error", "lineno": 67, "message": "Waiting for application shutdown.", "taskName": "Task-1"}
{"asctime": "2024-09-24T00:03:58", "msecs": 553.0, "levelname": "INFO", "correlation_id": "-", "name": "uvicorn.error", "lineno": 76, "message": "Application shutdown complete.", "taskName": "Task-1"}
{"asctime": "2024-09-24T00:03:58", "msecs": 555.0, "levelname": "INFO", "correlation_id": "-", "name": "uvicorn.error", "lineno": 92, "message": "Finished server process [133]", "taskName": "Task-1", "color_message": "Finished server process [\u001b[36m%d\u001b[0m]"}
{"asctime": "2024-09-24T00:03:59", "msecs": 419.0, "levelname": "INFO", "correlation_id": "-", "name": "uvicorn.error", "lineno": 62, "message": "Application startup complete.", "taskName": "Task-1"}
{"asctime": "2024-09-24T08:03:59", "msecs": 546.0, "levelname": "INFO", "correlation_id": "-", "name": "uvicorn.error", "lineno": 62, "message": "Application startup complete.", "taskName": "Task-1"}
{"asctime": "2024-09-24T00:04:03", "msecs": 34.0, "levelname": "INFO", "correlation_id": "-", "name": "uvicorn.error", "lineno": 258, "message": "Shutting down", "taskName": "Task-1"}
{"asctime": "2024-09-24T08:04:03", "msecs": 40.0, "levelname": "INFO", "correlation_id": "-", "name": "uvicorn.error", "lineno": 258, "message": "Shutting down", "taskName": "Task-1"}
{"asctime": "2024-09-24T00:04:03", "msecs": 136.0, "levelname": "INFO", "correlation_id": "-", "name": "uvicorn.error", "lineno": 67, "message": "Waiting for application shutdown.", "taskName": "Task-1"}
{"asctime": "2024-09-24T00:04:03", "msecs": 139.0, "levelname": "INFO", "correlation_id": "-", "name": "uvicorn.error", "lineno": 76, "message": "Application shutdown complete.", "taskName": "Task-1"}
{"asctime": "2024-09-24T00:04:03", "msecs": 141.0, "levelname": "INFO", "correlation_id": "-", "name": "uvicorn.error", "lineno": 92, "message": "Finished server process [136]", "taskName": "Task-1", "color_message": "Finished server process [\u001b[36m%d\u001b[0m]"}
{"asctime": "2024-09-24T08:04:03", "msecs": 146.0, "levelname": "INFO", "correlation_id": "-", "name": "uvicorn.error", "lineno": 67, "message": "Waiting for application shutdown.", "taskName": "Task-1"}
{"asctime": "2024-09-24T08:04:03", "msecs": 149.0, "levelname": "INFO", "correlation_id": "-", "name": "uvicorn.error", "lineno": 76, "message": "Application shutdown complete.", "taskName": "Task-1"}
{"asctime": "2024-09-24T08:04:03", "msecs": 151.0, "levelname": "INFO", "correlation_id": "-", "name": "uvicorn.error", "lineno": 92, "message": "Finished server process [40200]", "taskName": "Task-1", "color_message": "Finished server process [\u001b[36m%d\u001b[0m]"}
{"asctime": "2024-09-24T00:04:04", "msecs": 88.0, "levelname": "INFO", "correlation_id": "-", "name": "uvicorn.error", "lineno": 62, "message": "Application startup complete.", "taskName": "Task-1"}
{"asctime": "2024-09-24T08:04:04", "msecs": 422.0, "levelname": "INFO", "correlation_id": "-", "name": "uvicorn.error", "lineno": 62, "message": "Application startup complete.", "taskName": "Task-1"}
{"asctime": "2024-09-24T08:04:17", "msecs": 369.0, "levelname": "INFO", "correlation_id": "-", "name": "uvicorn.error", "lineno": 258, "message": "Shutting down", "taskName": "Task-1"}
{"asctime": "2024-09-24T08:04:17", "msecs": 479.0, "levelname": "INFO", "correlation_id": "-", "name": "uvicorn.error", "lineno": 67, "message": "Waiting for application shutdown.", "taskName": "Task-1"}
{"asctime": "2024-09-24T08:04:17", "msecs": 484.0, "levelname": "INFO", "correlation_id": "-", "name": "uvicorn.error", "lineno": 76, "message": "Application shutdown complete.", "taskName": "Task-1"}
{"asctime": "2024-09-24T08:04:17", "msecs": 486.0, "levelname": "INFO", "correlation_id": "-", "name": "uvicorn.error", "lineno": 92, "message": "Finished server process [3740]", "taskName": "Task-1", "color_message": "Finished server process [\u001b[36m%d\u001b[0m]"}
{"asctime": "2024-09-24T00:04:17", "msecs": 736.0, "levelname": "INFO", "correlation_id": "-", "name": "uvicorn.error", "lineno": 258, "message": "Shutting down", "taskName": "Task-1"}
{"asctime": "2024-09-24T00:04:17", "msecs": 838.0, "levelname": "INFO", "correlation_id": "-", "name": "uvicorn.error", "lineno": 67, "message": "Waiting for application shutdown.", "taskName": "Task-1"}
{"asctime": "2024-09-24T00:04:17", "msecs": 842.0, "levelname": "INFO", "correlation_id": "-", "name": "uvicorn.error", "lineno": 76, "message": "Application shutdown complete.", "taskName": "Task-1"}
{"asctime": "2024-09-24T00:04:17", "msecs": 844.0, "levelname": "INFO", "correlation_id": "-", "name": "uvicorn.error", "lineno": 92, "message": "Finished server process [139]", "taskName": "Task-1", "color_message": "Finished server process [\u001b[36m%d\u001b[0m]"}
{"asctime": "2024-09-24T08:04:18", "msecs": 633.0, "levelname": "INFO", "correlation_id": "-", "name": "uvicorn.error", "lineno": 62, "message": "Application startup complete.", "taskName": "Task-1"}
{"asctime": "2024-09-24T00:04:18", "msecs": 704.0, "levelname": "INFO", "correlation_id": "-", "name": "uvicorn.error", "lineno": 62, "message": "Application startup complete.", "taskName": "Task-1"}
{"asctime": "2024-09-24T08:05:52", "msecs": 417.0, "levelname": "INFO", "correlation_id": "-", "name": "uvicorn.error", "lineno": 258, "message": "Shutting down", "taskName": "Task-1"}
{"asctime": "2024-09-24T00:05:52", "msecs": 477.0, "levelname": "INFO", "correlation_id": "-", "name": "uvicorn.error", "lineno": 258, "message": "Shutting down", "taskName": "Task-1"}
{"asctime": "2024-09-24T08:05:52", "msecs": 524.0, "levelname": "INFO", "correlation_id": "-", "name": "uvicorn.error", "lineno": 67, "message": "Waiting for application shutdown.", "taskName": "Task-1"}
{"asctime": "2024-09-24T08:05:52", "msecs": 530.0, "levelname": "INFO", "correlation_id": "-", "name": "uvicorn.error", "lineno": 76, "message": "Application shutdown complete.", "taskName": "Task-1"}
{"asctime": "2024-09-24T08:05:52", "msecs": 531.0, "levelname": "INFO", "correlation_id": "-", "name": "uvicorn.error", "lineno": 92, "message": "Finished server process [33252]", "taskName": "Task-1", "color_message": "Finished server process [\u001b[36m%d\u001b[0m]"}
{"asctime": "2024-09-24T00:05:52", "msecs": 580.0, "levelname": "INFO", "correlation_id": "-", "name": "uvicorn.error", "lineno": 67, "message": "Waiting for application shutdown.", "taskName": "Task-1"}
{"asctime": "2024-09-24T00:05:52", "msecs": 584.0, "levelname": "INFO", "correlation_id": "-", "name": "uvicorn.error", "lineno": 76, "message": "Application shutdown complete.", "taskName": "Task-1"}
{"asctime": "2024-09-24T00:05:52", "msecs": 586.0, "levelname": "INFO", "correlation_id": "-", "name": "uvicorn.error", "lineno": 92, "message": "Finished server process [142]", "taskName": "Task-1", "color_message": "Finished server process [\u001b[36m%d\u001b[0m]"}
{"asctime": "2024-09-24T08:05:53", "msecs": 710.0, "levelname": "INFO", "correlation_id": "-", "name": "uvicorn.error", "lineno": 62, "message": "Application startup complete.", "taskName": "Task-1"}
{"asctime": "2024-09-24T00:05:53", "msecs": 790.0, "levelname": "INFO", "correlation_id": "-", "name": "uvicorn.error", "lineno": 62, "message": "Application startup complete.", "taskName": "Task-1"}
{"asctime": "2024-09-24T08:06:00", "msecs": 691.0, "levelname": "INFO", "correlation_id": "-", "name": "uvicorn.error", "lineno": 258, "message": "Shutting down", "taskName": "Task-1"}
{"asctime": "2024-09-24T08:06:00", "msecs": 799.0, "levelname": "INFO", "correlation_id": "-", "name": "uvicorn.error", "lineno": 67, "message": "Waiting for application shutdown.", "taskName": "Task-1"}
{"asctime": "2024-09-24T08:06:00", "msecs": 805.0, "levelname": "INFO", "correlation_id": "-", "name": "uvicorn.error", "lineno": 76, "message": "Application shutdown complete.", "taskName": "Task-1"}
{"asctime": "2024-09-24T08:06:00", "msecs": 807.0, "levelname": "INFO", "correlation_id": "-", "name": "uvicorn.error", "lineno": 92, "message": "Finished server process [23152]", "taskName": "Task-1", "color_message": "Finished server process [\u001b[36m%d\u001b[0m]"}
{"asctime": "2024-09-24T00:06:00", "msecs": 918.0, "levelname": "INFO", "correlation_id": "-", "name": "uvicorn.error", "lineno": 258, "message": "Shutting down", "taskName": "Task-1"}
{"asctime": "2024-09-24T00:06:01", "msecs": 21.0, "levelname": "INFO", "correlation_id": "-", "name": "uvicorn.error", "lineno": 67, "message": "Waiting for application shutdown.", "taskName": "Task-1"}
{"asctime": "2024-09-24T00:06:01", "msecs": 24.0, "levelname": "INFO", "correlation_id": "-", "name": "uvicorn.error", "lineno": 76, "message": "Application shutdown complete.", "taskName": "Task-1"}
{"asctime": "2024-09-24T00:06:01", "msecs": 26.0, "levelname": "INFO", "correlation_id": "-", "name": "uvicorn.error", "lineno": 92, "message": "Finished server process [145]", "taskName": "Task-1", "color_message": "Finished server process [\u001b[36m%d\u001b[0m]"}
{"asctime": "2024-09-24T00:06:01", "msecs": 923.0, "levelname": "INFO", "correlation_id": "-", "name": "uvicorn.error", "lineno": 62, "message": "Application startup complete.", "taskName": "Task-1"}
{"asctime": "2024-09-24T08:06:01", "msecs": 986.0, "levelname": "INFO", "correlation_id": "-", "name": "uvicorn.error", "lineno": 62, "message": "Application startup complete.", "taskName": "Task-1"}
{"asctime": "2024-09-24T08:06:09", "msecs": 819.0, "levelname": "INFO", "correlation_id": "-", "name": "uvicorn.error", "lineno": 258, "message": "Shutting down", "taskName": "Task-1"}
{"asctime": "2024-09-24T08:06:09", "msecs": 929.0, "levelname": "INFO", "correlation_id": "-", "name": "uvicorn.error", "lineno": 67, "message": "Waiting for application shutdown.", "taskName": "Task-1"}
{"asctime": "2024-09-24T08:06:09", "msecs": 933.0, "levelname": "INFO", "correlation_id": "-", "name": "uvicorn.error", "lineno": 76, "message": "Application shutdown complete.", "taskName": "Task-1"}
{"asctime": "2024-09-24T08:06:09", "msecs": 935.0, "levelname": "INFO", "correlation_id": "-", "name": "uvicorn.error", "lineno": 92, "message": "Finished server process [7016]", "taskName": "Task-1", "color_message": "Finished server process [\u001b[36m%d\u001b[0m]"}
{"asctime": "2024-09-24T00:06:10", "msecs": 152.0, "levelname": "INFO", "correlation_id": "-", "name": "uvicorn.error", "lineno": 258, "message": "Shutting down", "taskName": "Task-1"}
{"asctime": "2024-09-24T00:06:10", "msecs": 255.0, "levelname": "INFO", "correlation_id": "-", "name": "uvicorn.error", "lineno": 67, "message": "Waiting for application shutdown.", "taskName": "Task-1"}
{"asctime": "2024-09-24T00:06:10", "msecs": 258.0, "levelname": "INFO", "correlation_id": "-", "name": "uvicorn.error", "lineno": 76, "message": "Application shutdown complete.", "taskName": "Task-1"}
{"asctime": "2024-09-24T00:06:10", "msecs": 260.0, "levelname": "INFO", "correlation_id": "-", "name": "uvicorn.error", "lineno": 92, "message": "Finished server process [148]", "taskName": "Task-1", "color_message": "Finished server process [\u001b[36m%d\u001b[0m]"}
{"asctime": "2024-09-24T08:06:11", "msecs": 167.0, "levelname": "INFO", "correlation_id": "-", "name": "uvicorn.error", "lineno": 62, "message": "Application startup complete.", "taskName": "Task-1"}
{"asctime": "2024-09-24T00:06:11", "msecs": 191.0, "levelname": "INFO", "correlation_id": "-", "name": "uvicorn.error", "lineno": 62, "message": "Application startup complete.", "taskName": "Task-1"}
{"asctime": "2024-09-24T08:07:13", "msecs": 107.0, "levelname": "INFO", "correlation_id": "-", "name": "uvicorn.error", "lineno": 258, "message": "Shutting down", "taskName": "Task-1"}
{"asctime": "2024-09-24T08:07:13", "msecs": 216.0, "levelname": "INFO", "correlation_id": "-", "name": "uvicorn.error", "lineno": 67, "message": "Waiting for application shutdown.", "taskName": "Task-1"}
{"asctime": "2024-09-24T08:07:13", "msecs": 220.0, "levelname": "INFO", "correlation_id": "-", "name": "uvicorn.error", "lineno": 76, "message": "Application shutdown complete.", "taskName": "Task-1"}
{"asctime": "2024-09-24T08:07:13", "msecs": 221.0, "levelname": "INFO", "correlation_id": "-", "name": "uvicorn.error", "lineno": 92, "message": "Finished server process [31336]", "taskName": "Task-1", "color_message": "Finished server process [\u001b[36m%d\u001b[0m]"}
{"asctime": "2024-09-24T00:07:13", "msecs": 277.0, "levelname": "INFO", "correlation_id": "-", "name": "uvicorn.error", "lineno": 258, "message": "Shutting down", "taskName": "Task-1"}
{"asctime": "2024-09-24T00:07:13", "msecs": 380.0, "levelname": "INFO", "correlation_id": "-", "name": "uvicorn.error", "lineno": 67, "message": "Waiting for application shutdown.", "taskName": "Task-1"}
{"asctime": "2024-09-24T00:07:13", "msecs": 382.0, "levelname": "INFO", "correlation_id": "-", "name": "uvicorn.error", "lineno": 76, "message": "Application shutdown complete.", "taskName": "Task-1"}
{"asctime": "2024-09-24T00:07:13", "msecs": 384.0, "levelname": "INFO", "correlation_id": "-", "name": "uvicorn.error", "lineno": 92, "message": "Finished server process [151]", "taskName": "Task-1", "color_message": "Finished server process [\u001b[36m%d\u001b[0m]"}
{"asctime": "2024-09-24T08:07:14", "msecs": 289.0, "levelname": "INFO", "correlation_id": "-", "name": "uvicorn.error", "lineno": 62, "message": "Application startup complete.", "taskName": "Task-1"}
{"asctime": "2024-09-24T00:07:14", "msecs": 433.0, "levelname": "INFO", "correlation_id": "-", "name": "uvicorn.error", "lineno": 62, "message": "Application startup complete.", "taskName": "Task-1"}
{"asctime": "2024-09-24T08:07:18", "msecs": 557.0, "levelname": "INFO", "correlation_id": "-", "name": "uvicorn.error", "lineno": 258, "message": "Shutting down", "taskName": "Task-1"}
{"asctime": "2024-09-24T08:07:18", "msecs": 667.0, "levelname": "INFO", "correlation_id": "-", "name": "uvicorn.error", "lineno": 67, "message": "Waiting for application shutdown.", "taskName": "Task-1"}
{"asctime": "2024-09-24T08:07:18", "msecs": 671.0, "levelname": "INFO", "correlation_id": "-", "name": "uvicorn.error", "lineno": 76, "message": "Application shutdown complete.", "taskName": "Task-1"}
{"asctime": "2024-09-24T08:07:18", "msecs": 672.0, "levelname": "INFO", "correlation_id": "-", "name": "uvicorn.error", "lineno": 92, "message": "Finished server process [42876]", "taskName": "Task-1", "color_message": "Finished server process [\u001b[36m%d\u001b[0m]"}
{"asctime": "2024-09-24T00:07:18", "msecs": 951.0, "levelname": "INFO", "correlation_id": "-", "name": "uvicorn.error", "lineno": 258, "message": "Shutting down", "taskName": "Task-1"}
{"asctime": "2024-09-24T00:07:19", "msecs": 54.0, "levelname": "INFO", "correlation_id": "-", "name": "uvicorn.error", "lineno": 67, "message": "Waiting for application shutdown.", "taskName": "Task-1"}
{"asctime": "2024-09-24T00:07:19", "msecs": 58.0, "levelname": "INFO", "correlation_id": "-", "name": "uvicorn.error", "lineno": 76, "message": "Application shutdown complete.", "taskName": "Task-1"}
{"asctime": "2024-09-24T00:07:19", "msecs": 60.0, "levelname": "INFO", "correlation_id": "-", "name": "uvicorn.error", "lineno": 92, "message": "Finished server process [154]", "taskName": "Task-1", "color_message": "Finished server process [\u001b[36m%d\u001b[0m]"}
{"asctime": "2024-09-24T08:07:19", "msecs": 924.0, "levelname": "INFO", "correlation_id": "-", "name": "uvicorn.error", "lineno": 62, "message": "Application startup complete.", "taskName": "Task-1"}
{"asctime": "2024-09-24T00:07:20", "msecs": 26.0, "levelname": "INFO", "correlation_id": "-", "name": "uvicorn.error", "lineno": 62, "message": "Application startup complete.", "taskName": "Task-1"}
{"asctime": "2024-09-24T08:07:22", "msecs": 106.0, "levelname": "INFO", "correlation_id": "-", "name": "uvicorn.error", "lineno": 258, "message": "Shutting down", "taskName": "Task-1"}
{"asctime": "2024-09-24T00:07:22", "msecs": 134.0, "levelname": "INFO", "correlation_id": "-", "name": "uvicorn.error", "lineno": 258, "message": "Shutting down", "taskName": "Task-1"}
{"asctime": "2024-09-24T08:07:22", "msecs": 213.0, "levelname": "INFO", "correlation_id": "-", "name": "uvicorn.error", "lineno": 67, "message": "Waiting for application shutdown.", "taskName": "Task-1"}
{"asctime": "2024-09-24T08:07:22", "msecs": 219.0, "levelname": "INFO", "correlation_id": "-", "name": "uvicorn.error", "lineno": 76, "message": "Application shutdown complete.", "taskName": "Task-1"}
{"asctime": "2024-09-24T08:07:22", "msecs": 221.0, "levelname": "INFO", "correlation_id": "-", "name": "uvicorn.error", "lineno": 92, "message": "Finished server process [29564]", "taskName": "Task-1", "color_message": "Finished server process [\u001b[36m%d\u001b[0m]"}
{"asctime": "2024-09-24T00:07:22", "msecs": 236.0, "levelname": "INFO", "correlation_id": "-", "name": "uvicorn.error", "lineno": 67, "message": "Waiting for application shutdown.", "taskName": "Task-1"}
{"asctime": "2024-09-24T00:07:22", "msecs": 240.0, "levelname": "INFO", "correlation_id": "-", "name": "uvicorn.error", "lineno": 76, "message": "Application shutdown complete.", "taskName": "Task-1"}
{"asctime": "2024-09-24T00:07:22", "msecs": 241.0, "levelname": "INFO", "correlation_id": "-", "name": "uvicorn.error", "lineno": 92, "message": "Finished server process [157]", "taskName": "Task-1", "color_message": "Finished server process [\u001b[36m%d\u001b[0m]"}
{"asctime": "2024-09-24T00:07:23", "msecs": 138.0, "levelname": "INFO", "correlation_id": "-", "name": "uvicorn.error", "lineno": 62, "message": "Application startup complete.", "taskName": "Task-1"}
{"asctime": "2024-09-24T08:07:23", "msecs": 433.0, "levelname": "INFO", "correlation_id": "-", "name": "uvicorn.error", "lineno": 62, "message": "Application startup complete.", "taskName": "Task-1"}
{"asctime": "2024-09-24T08:07:46", "msecs": 399.0, "levelname": "INFO", "correlation_id": "-", "name": "uvicorn.error", "lineno": 258, "message": "Shutting down", "taskName": "Task-1"}
{"asctime": "2024-09-24T08:07:46", "msecs": 508.0, "levelname": "INFO", "correlation_id": "-", "name": "uvicorn.error", "lineno": 67, "message": "Waiting for application shutdown.", "taskName": "Task-1"}
{"asctime": "2024-09-24T00:07:46", "msecs": 511.0, "levelname": "INFO", "correlation_id": "-", "name": "uvicorn.error", "lineno": 258, "message": "Shutting down", "taskName": "Task-1"}
{"asctime": "2024-09-24T08:07:46", "msecs": 513.0, "levelname": "INFO", "correlation_id": "-", "name": "uvicorn.error", "lineno": 76, "message": "Application shutdown complete.", "taskName": "Task-1"}
{"asctime": "2024-09-24T08:07:46", "msecs": 514.0, "levelname": "INFO", "correlation_id": "-", "name": "uvicorn.error", "lineno": 92, "message": "Finished server process [42296]", "taskName": "Task-1", "color_message": "Finished server process [\u001b[36m%d\u001b[0m]"}
{"asctime": "2024-09-24T00:07:46", "msecs": 613.0, "levelname": "INFO", "correlation_id": "-", "name": "uvicorn.error", "lineno": 67, "message": "Waiting for application shutdown.", "taskName": "Task-1"}
{"asctime": "2024-09-24T00:07:46", "msecs": 616.0, "levelname": "INFO", "correlation_id": "-", "name": "uvicorn.error", "lineno": 76, "message": "Application shutdown complete.", "taskName": "Task-1"}
{"asctime": "2024-09-24T00:07:46", "msecs": 617.0, "levelname": "INFO", "correlation_id": "-", "name": "uvicorn.error", "lineno": 92, "message": "Finished server process [160]", "taskName": "Task-1", "color_message": "Finished server process [\u001b[36m%d\u001b[0m]"}
{"asctime": "2024-09-24T00:07:47", "msecs": 532.0, "levelname": "INFO", "correlation_id": "-", "name": "uvicorn.error", "lineno": 62, "message": "Application startup complete.", "taskName": "Task-1"}
{"asctime": "2024-09-24T08:07:47", "msecs": 688.0, "levelname": "INFO", "correlation_id": "-", "name": "uvicorn.error", "lineno": 62, "message": "Application startup complete.", "taskName": "Task-1"}
{"asctime": "2024-09-24T08:11:50", "msecs": 346.0, "levelname": "INFO", "correlation_id": "-", "name": "uvicorn.error", "lineno": 258, "message": "Shutting down", "taskName": "Task-1"}
{"asctime": "2024-09-24T00:11:50", "msecs": 455.0, "levelname": "INFO", "correlation_id": "-", "name": "uvicorn.error", "lineno": 258, "message": "Shutting down", "taskName": "Task-1"}
{"asctime": "2024-09-24T08:11:50", "msecs": 457.0, "levelname": "INFO", "correlation_id": "-", "name": "uvicorn.error", "lineno": 67, "message": "Waiting for application shutdown.", "taskName": "Task-1"}
{"asctime": "2024-09-24T08:11:50", "msecs": 462.0, "levelname": "INFO", "correlation_id": "-", "name": "uvicorn.error", "lineno": 76, "message": "Application shutdown complete.", "taskName": "Task-1"}
{"asctime": "2024-09-24T08:11:50", "msecs": 464.0, "levelname": "INFO", "correlation_id": "-", "name": "uvicorn.error", "lineno": 92, "message": "Finished server process [40924]", "taskName": "Task-1", "color_message": "Finished server process [\u001b[36m%d\u001b[0m]"}
{"asctime": "2024-09-24T00:11:50", "msecs": 558.0, "levelname": "INFO", "correlation_id": "-", "name": "uvicorn.error", "lineno": 67, "message": "Waiting for application shutdown.", "taskName": "Task-1"}
{"asctime": "2024-09-24T00:11:50", "msecs": 563.0, "levelname": "INFO", "correlation_id": "-", "name": "uvicorn.error", "lineno": 76, "message": "Application shutdown complete.", "taskName": "Task-1"}
{"asctime": "2024-09-24T00:11:50", "msecs": 565.0, "levelname": "INFO", "correlation_id": "-", "name": "uvicorn.error", "lineno": 92, "message": "Finished server process [163]", "taskName": "Task-1", "color_message": "Finished server process [\u001b[36m%d\u001b[0m]"}
{"asctime": "2024-09-24T00:11:51", "msecs": 468.0, "levelname": "INFO", "correlation_id": "-", "name": "uvicorn.error", "lineno": 62, "message": "Application startup complete.", "taskName": "Task-1"}
{"asctime": "2024-09-24T08:11:51", "msecs": 620.0, "levelname": "INFO", "correlation_id": "-", "name": "uvicorn.error", "lineno": 62, "message": "Application startup complete.", "taskName": "Task-1"}
{"asctime": "2024-09-24T08:21:36", "msecs": 34.0, "levelname": "INFO", "correlation_id": "-", "name": "uvicorn.error", "lineno": 258, "message": "Shutting down", "taskName": "Task-1"}
{"asctime": "2024-09-24T08:21:36", "msecs": 145.0, "levelname": "INFO", "correlation_id": "-", "name": "uvicorn.error", "lineno": 67, "message": "Waiting for application shutdown.", "taskName": "Task-1"}
{"asctime": "2024-09-24T08:21:36", "msecs": 151.0, "levelname": "INFO", "correlation_id": "-", "name": "uvicorn.error", "lineno": 76, "message": "Application shutdown complete.", "taskName": "Task-1"}
{"asctime": "2024-09-24T08:21:36", "msecs": 152.0, "levelname": "INFO", "correlation_id": "-", "name": "uvicorn.error", "lineno": 92, "message": "Finished server process [39564]", "taskName": "Task-1", "color_message": "Finished server process [\u001b[36m%d\u001b[0m]"}
{"asctime": "2024-09-24T00:21:36", "msecs": 317.0, "levelname": "INFO", "correlation_id": "-", "name": "uvicorn.error", "lineno": 258, "message": "Shutting down", "taskName": "Task-1"}
{"asctime": "2024-09-24T00:21:36", "msecs": 420.0, "levelname": "INFO", "correlation_id": "-", "name": "uvicorn.error", "lineno": 67, "message": "Waiting for application shutdown.", "taskName": "Task-1"}
{"asctime": "2024-09-24T00:21:36", "msecs": 424.0, "levelname": "INFO", "correlation_id": "-", "name": "uvicorn.error", "lineno": 76, "message": "Application shutdown complete.", "taskName": "Task-1"}
{"asctime": "2024-09-24T00:21:36", "msecs": 426.0, "levelname": "INFO", "correlation_id": "-", "name": "uvicorn.error", "lineno": 92, "message": "Finished server process [166]", "taskName": "Task-1", "color_message": "Finished server process [\u001b[36m%d\u001b[0m]"}
{"asctime": "2024-09-24T00:21:37", "msecs": 441.0, "levelname": "INFO", "correlation_id": "-", "name": "uvicorn.error", "lineno": 62, "message": "Application startup complete.", "taskName": "Task-1"}
{"asctime": "2024-09-24T08:21:37", "msecs": 469.0, "levelname": "INFO", "correlation_id": "-", "name": "uvicorn.error", "lineno": 62, "message": "Application startup complete.", "taskName": "Task-1"}
{"asctime": "2024-09-24T08:21:40", "msecs": 752.0, "levelname": "INFO", "correlation_id": "-", "name": "uvicorn.error", "lineno": 258, "message": "Shutting down", "taskName": "Task-1"}
{"asctime": "2024-09-24T00:21:40", "msecs": 855.0, "levelname": "INFO", "correlation_id": "-", "name": "uvicorn.error", "lineno": 258, "message": "Shutting down", "taskName": "Task-1"}
{"asctime": "2024-09-24T08:21:40", "msecs": 861.0, "levelname": "INFO", "correlation_id": "-", "name": "uvicorn.error", "lineno": 67, "message": "Waiting for application shutdown.", "taskName": "Task-1"}
{"asctime": "2024-09-24T08:21:40", "msecs": 865.0, "levelname": "INFO", "correlation_id": "-", "name": "uvicorn.error", "lineno": 76, "message": "Application shutdown complete.", "taskName": "Task-1"}
{"asctime": "2024-09-24T08:21:40", "msecs": 867.0, "levelname": "INFO", "correlation_id": "-", "name": "uvicorn.error", "lineno": 92, "message": "Finished server process [41536]", "taskName": "Task-1", "color_message": "Finished server process [\u001b[36m%d\u001b[0m]"}
{"asctime": "2024-09-24T00:21:40", "msecs": 958.0, "levelname": "INFO", "correlation_id": "-", "name": "uvicorn.error", "lineno": 67, "message": "Waiting for application shutdown.", "taskName": "Task-1"}
{"asctime": "2024-09-24T00:21:40", "msecs": 961.0, "levelname": "INFO", "correlation_id": "-", "name": "uvicorn.error", "lineno": 76, "message": "Application shutdown complete.", "taskName": "Task-1"}
{"asctime": "2024-09-24T00:21:40", "msecs": 963.0, "levelname": "INFO", "correlation_id": "-", "name": "uvicorn.error", "lineno": 92, "message": "Finished server process [169]", "taskName": "Task-1", "color_message": "Finished server process [\u001b[36m%d\u001b[0m]"}
{"asctime": "2024-09-24T00:21:41", "msecs": 778.0, "levelname": "INFO", "correlation_id": "-", "name": "uvicorn.error", "lineno": 62, "message": "Application startup complete.", "taskName": "Task-1"}
{"asctime": "2024-09-24T08:21:41", "msecs": 952.0, "levelname": "INFO", "correlation_id": "-", "name": "uvicorn.error", "lineno": 62, "message": "Application startup complete.", "taskName": "Task-1"}
{"asctime": "2024-09-24T08:23:02", "msecs": 453.0, "levelname": "INFO", "correlation_id": "-", "name": "uvicorn.error", "lineno": 258, "message": "Shutting down", "taskName": "Task-1"}
{"asctime": "2024-09-24T08:23:02", "msecs": 563.0, "levelname": "INFO", "correlation_id": "-", "name": "uvicorn.error", "lineno": 67, "message": "Waiting for application shutdown.", "taskName": "Task-1"}
{"asctime": "2024-09-24T08:23:02", "msecs": 567.0, "levelname": "INFO", "correlation_id": "-", "name": "uvicorn.error", "lineno": 76, "message": "Application shutdown complete.", "taskName": "Task-1"}
{"asctime": "2024-09-24T08:23:02", "msecs": 568.0, "levelname": "INFO", "correlation_id": "-", "name": "uvicorn.error", "lineno": 92, "message": "Finished server process [40112]", "taskName": "Task-1", "color_message": "Finished server process [\u001b[36m%d\u001b[0m]"}
{"asctime": "2024-09-24T00:23:02", "msecs": 617.0, "levelname": "INFO", "correlation_id": "-", "name": "uvicorn.error", "lineno": 258, "message": "Shutting down", "taskName": "Task-1"}
{"asctime": "2024-09-24T00:23:02", "msecs": 720.0, "levelname": "INFO", "correlation_id": "-", "name": "uvicorn.error", "lineno": 67, "message": "Waiting for application shutdown.", "taskName": "Task-1"}
{"asctime": "2024-09-24T00:23:02", "msecs": 723.0, "levelname": "INFO", "correlation_id": "-", "name": "uvicorn.error", "lineno": 76, "message": "Application shutdown complete.", "taskName": "Task-1"}
{"asctime": "2024-09-24T00:23:02", "msecs": 725.0, "levelname": "INFO", "correlation_id": "-", "name": "uvicorn.error", "lineno": 92, "message": "Finished server process [172]", "taskName": "Task-1", "color_message": "Finished server process [\u001b[36m%d\u001b[0m]"}
{"asctime": "2024-09-24T00:23:03", "msecs": 669.0, "levelname": "INFO", "correlation_id": "-", "name": "uvicorn.error", "lineno": 62, "message": "Application startup complete.", "taskName": "Task-1"}
{"asctime": "2024-09-24T08:23:03", "msecs": 784.0, "levelname": "INFO", "correlation_id": "-", "name": "uvicorn.error", "lineno": 62, "message": "Application startup complete.", "taskName": "Task-1"}
{"asctime": "2024-09-24T08:23:39", "msecs": 758.0, "levelname": "INFO", "correlation_id": "-", "name": "uvicorn.error", "lineno": 258, "message": "Shutting down", "taskName": "Task-1"}
{"asctime": "2024-09-24T08:23:39", "msecs": 867.0, "levelname": "INFO", "correlation_id": "-", "name": "uvicorn.error", "lineno": 67, "message": "Waiting for application shutdown.", "taskName": "Task-1"}
{"asctime": "2024-09-24T08:23:39", "msecs": 871.0, "levelname": "INFO", "correlation_id": "-", "name": "uvicorn.error", "lineno": 76, "message": "Application shutdown complete.", "taskName": "Task-1"}
{"asctime": "2024-09-24T08:23:39", "msecs": 873.0, "levelname": "INFO", "correlation_id": "-", "name": "uvicorn.error", "lineno": 92, "message": "Finished server process [34252]", "taskName": "Task-1", "color_message": "Finished server process [\u001b[36m%d\u001b[0m]"}
{"asctime": "2024-09-24T00:23:39", "msecs": 989.0, "levelname": "INFO", "correlation_id": "-", "name": "uvicorn.error", "lineno": 258, "message": "Shutting down", "taskName": "Task-1"}
{"asctime": "2024-09-24T00:23:40", "msecs": 91.0, "levelname": "INFO", "correlation_id": "-", "name": "uvicorn.error", "lineno": 67, "message": "Waiting for application shutdown.", "taskName": "Task-1"}
{"asctime": "2024-09-24T00:23:40", "msecs": 94.0, "levelname": "INFO", "correlation_id": "-", "name": "uvicorn.error", "lineno": 76, "message": "Application shutdown complete.", "taskName": "Task-1"}
{"asctime": "2024-09-24T00:23:40", "msecs": 96.0, "levelname": "INFO", "correlation_id": "-", "name": "uvicorn.error", "lineno": 92, "message": "Finished server process [175]", "taskName": "Task-1", "color_message": "Finished server process [\u001b[36m%d\u001b[0m]"}
{"asctime": "2024-09-24T00:23:41", "msecs": 54.0, "levelname": "INFO", "correlation_id": "-", "name": "uvicorn.error", "lineno": 62, "message": "Application startup complete.", "taskName": "Task-1"}
{"asctime": "2024-09-24T08:23:41", "msecs": 85.0, "levelname": "INFO", "correlation_id": "-", "name": "uvicorn.error", "lineno": 62, "message": "Application startup complete.", "taskName": "Task-1"}
{"asctime": "2024-09-24T08:24:13", "msecs": 30.0, "levelname": "INFO", "correlation_id": "-", "name": "uvicorn.error", "lineno": 258, "message": "Shutting down", "taskName": "Task-1"}
{"asctime": "2024-09-24T08:24:13", "msecs": 138.0, "levelname": "INFO", "correlation_id": "-", "name": "uvicorn.error", "lineno": 67, "message": "Waiting for application shutdown.", "taskName": "Task-1"}
{"asctime": "2024-09-24T08:24:13", "msecs": 144.0, "levelname": "INFO", "correlation_id": "-", "name": "uvicorn.error", "lineno": 76, "message": "Application shutdown complete.", "taskName": "Task-1"}
{"asctime": "2024-09-24T08:24:13", "msecs": 146.0, "levelname": "INFO", "correlation_id": "-", "name": "uvicorn.error", "lineno": 92, "message": "Finished server process [10692]", "taskName": "Task-1", "color_message": "Finished server process [\u001b[36m%d\u001b[0m]"}
{"asctime": "2024-09-24T00:24:13", "msecs": 357.0, "levelname": "INFO", "correlation_id": "-", "name": "uvicorn.error", "lineno": 258, "message": "Shutting down", "taskName": "Task-1"}
{"asctime": "2024-09-24T00:24:13", "msecs": 460.0, "levelname": "INFO", "correlation_id": "-", "name": "uvicorn.error", "lineno": 67, "message": "Waiting for application shutdown.", "taskName": "Task-1"}
{"asctime": "2024-09-24T00:24:13", "msecs": 464.0, "levelname": "INFO", "correlation_id": "-", "name": "uvicorn.error", "lineno": 76, "message": "Application shutdown complete.", "taskName": "Task-1"}
{"asctime": "2024-09-24T00:24:13", "msecs": 466.0, "levelname": "INFO", "correlation_id": "-", "name": "uvicorn.error", "lineno": 92, "message": "Finished server process [178]", "taskName": "Task-1", "color_message": "Finished server process [\u001b[36m%d\u001b[0m]"}
{"asctime": "2024-09-24T08:24:14", "msecs": 419.0, "levelname": "INFO", "correlation_id": "-", "name": "uvicorn.error", "lineno": 62, "message": "Application startup complete.", "taskName": "Task-1"}
{"asctime": "2024-09-24T00:24:14", "msecs": 435.0, "levelname": "INFO", "correlation_id": "-", "name": "uvicorn.error", "lineno": 62, "message": "Application startup complete.", "taskName": "Task-1"}
{"asctime": "2024-09-24T08:24:54", "msecs": 140.0, "levelname": "INFO", "correlation_id": "-", "name": "uvicorn.error", "lineno": 258, "message": "Shutting down", "taskName": "Task-1"}
{"asctime": "2024-09-24T08:24:54", "msecs": 250.0, "levelname": "INFO", "correlation_id": "-", "name": "uvicorn.error", "lineno": 67, "message": "Waiting for application shutdown.", "taskName": "Task-1"}
{"asctime": "2024-09-24T08:24:54", "msecs": 255.0, "levelname": "INFO", "correlation_id": "-", "name": "uvicorn.error", "lineno": 76, "message": "Application shutdown complete.", "taskName": "Task-1"}
{"asctime": "2024-09-24T08:24:54", "msecs": 257.0, "levelname": "INFO", "correlation_id": "-", "name": "uvicorn.error", "lineno": 92, "message": "Finished server process [21020]", "taskName": "Task-1", "color_message": "Finished server process [\u001b[36m%d\u001b[0m]"}
{"asctime": "2024-09-24T00:24:54", "msecs": 458.0, "levelname": "INFO", "correlation_id": "-", "name": "uvicorn.error", "lineno": 258, "message": "Shutting down", "taskName": "Task-1"}
{"asctime": "2024-09-24T00:24:54", "msecs": 560.0, "levelname": "INFO", "correlation_id": "-", "name": "uvicorn.error", "lineno": 67, "message": "Waiting for application shutdown.", "taskName": "Task-1"}
{"asctime": "2024-09-24T00:24:54", "msecs": 565.0, "levelname": "INFO", "correlation_id": "-", "name": "uvicorn.error", "lineno": 76, "message": "Application shutdown complete.", "taskName": "Task-1"}
{"asctime": "2024-09-24T00:24:54", "msecs": 566.0, "levelname": "INFO", "correlation_id": "-", "name": "uvicorn.error", "lineno": 92, "message": "Finished server process [181]", "taskName": "Task-1", "color_message": "Finished server process [\u001b[36m%d\u001b[0m]"}
{"asctime": "2024-09-24T08:24:55", "msecs": 435.0, "levelname": "INFO", "correlation_id": "-", "name": "uvicorn.error", "lineno": 62, "message": "Application startup complete.", "taskName": "Task-1"}
{"asctime": "2024-09-24T00:24:55", "msecs": 457.0, "levelname": "INFO", "correlation_id": "-", "name": "uvicorn.error", "lineno": 62, "message": "Application startup complete.", "taskName": "Task-1"}
{"asctime": "2024-09-24T08:25:09", "msecs": 877.0, "levelname": "INFO", "correlation_id": "-", "name": "uvicorn.error", "lineno": 258, "message": "Shutting down", "taskName": "Task-1"}
{"asctime": "2024-09-24T08:25:09", "msecs": 986.0, "levelname": "INFO", "correlation_id": "-", "name": "uvicorn.error", "lineno": 67, "message": "Waiting for application shutdown.", "taskName": "Task-1"}
{"asctime": "2024-09-24T08:25:09", "msecs": 993.0, "levelname": "INFO", "correlation_id": "-", "name": "uvicorn.error", "lineno": 76, "message": "Application shutdown complete.", "taskName": "Task-1"}
{"asctime": "2024-09-24T08:25:09", "msecs": 995.0, "levelname": "INFO", "correlation_id": "-", "name": "uvicorn.error", "lineno": 92, "message": "Finished server process [38528]", "taskName": "Task-1", "color_message": "Finished server process [\u001b[36m%d\u001b[0m]"}
{"asctime": "2024-09-24T00:25:10", "msecs": 107.0, "levelname": "INFO", "correlation_id": "-", "name": "uvicorn.error", "lineno": 258, "message": "Shutting down", "taskName": "Task-1"}
{"asctime": "2024-09-24T00:25:10", "msecs": 210.0, "levelname": "INFO", "correlation_id": "-", "name": "uvicorn.error", "lineno": 67, "message": "Waiting for application shutdown.", "taskName": "Task-1"}
{"asctime": "2024-09-24T00:25:10", "msecs": 213.0, "levelname": "INFO", "correlation_id": "-", "name": "uvicorn.error", "lineno": 76, "message": "Application shutdown complete.", "taskName": "Task-1"}
{"asctime": "2024-09-24T00:25:10", "msecs": 214.0, "levelname": "INFO", "correlation_id": "-", "name": "uvicorn.error", "lineno": 92, "message": "Finished server process [184]", "taskName": "Task-1", "color_message": "Finished server process [\u001b[36m%d\u001b[0m]"}
{"asctime": "2024-09-24T00:25:11", "msecs": 86.0, "levelname": "INFO", "correlation_id": "-", "name": "uvicorn.error", "lineno": 62, "message": "Application startup complete.", "taskName": "Task-1"}
{"asctime": "2024-09-24T08:25:11", "msecs": 128.0, "levelname": "INFO", "correlation_id": "-", "name": "uvicorn.error", "lineno": 62, "message": "Application startup complete.", "taskName": "Task-1"}
{"asctime": "2024-09-24T00:25:21", "msecs": 519.0, "levelname": "INFO", "correlation_id": "-", "name": "uvicorn.error", "lineno": 258, "message": "Shutting down", "taskName": "Task-1"}
{"asctime": "2024-09-24T08:25:21", "msecs": 521.0, "levelname": "INFO", "correlation_id": "-", "name": "uvicorn.error", "lineno": 258, "message": "Shutting down", "taskName": "Task-1"}
{"asctime": "2024-09-24T00:25:21", "msecs": 622.0, "levelname": "INFO", "correlation_id": "-", "name": "uvicorn.error", "lineno": 67, "message": "Waiting for application shutdown.", "taskName": "Task-1"}
{"asctime": "2024-09-24T00:25:21", "msecs": 626.0, "levelname": "INFO", "correlation_id": "-", "name": "uvicorn.error", "lineno": 76, "message": "Application shutdown complete.", "taskName": "Task-1"}
{"asctime": "2024-09-24T00:25:21", "msecs": 628.0, "levelname": "INFO", "correlation_id": "-", "name": "uvicorn.error", "lineno": 92, "message": "Finished server process [187]", "taskName": "Task-1", "color_message": "Finished server process [\u001b[36m%d\u001b[0m]"}
{"asctime": "2024-09-24T08:25:21", "msecs": 630.0, "levelname": "INFO", "correlation_id": "-", "name": "uvicorn.error", "lineno": 67, "message": "Waiting for application shutdown.", "taskName": "Task-1"}
{"asctime": "2024-09-24T08:25:21", "msecs": 636.0, "levelname": "INFO", "correlation_id": "-", "name": "uvicorn.error", "lineno": 76, "message": "Application shutdown complete.", "taskName": "Task-1"}
{"asctime": "2024-09-24T08:25:21", "msecs": 637.0, "levelname": "INFO", "correlation_id": "-", "name": "uvicorn.error", "lineno": 92, "message": "Finished server process [32040]", "taskName": "Task-1", "color_message": "Finished server process [\u001b[36m%d\u001b[0m]"}
{"asctime": "2024-09-24T00:25:22", "msecs": 497.0, "levelname": "INFO", "correlation_id": "-", "name": "uvicorn.error", "lineno": 62, "message": "Application startup complete.", "taskName": "Task-1"}
{"asctime": "2024-09-24T08:25:22", "msecs": 782.0, "levelname": "INFO", "correlation_id": "-", "name": "uvicorn.error", "lineno": 62, "message": "Application startup complete.", "taskName": "Task-1"}
{"asctime": "2024-09-24T08:25:27", "msecs": 684.0, "levelname": "INFO", "correlation_id": "-", "name": "uvicorn.error", "lineno": 258, "message": "Shutting down", "taskName": "Task-1"}
{"asctime": "2024-09-24T08:25:27", "msecs": 794.0, "levelname": "INFO", "correlation_id": "-", "name": "uvicorn.error", "lineno": 67, "message": "Waiting for application shutdown.", "taskName": "Task-1"}
{"asctime": "2024-09-24T08:25:27", "msecs": 799.0, "levelname": "INFO", "correlation_id": "-", "name": "uvicorn.error", "lineno": 76, "message": "Application shutdown complete.", "taskName": "Task-1"}
{"asctime": "2024-09-24T08:25:27", "msecs": 800.0, "levelname": "INFO", "correlation_id": "-", "name": "uvicorn.error", "lineno": 92, "message": "Finished server process [6764]", "taskName": "Task-1", "color_message": "Finished server process [\u001b[36m%d\u001b[0m]"}
{"asctime": "2024-09-24T00:25:28", "msecs": 219.0, "levelname": "INFO", "correlation_id": "-", "name": "uvicorn.error", "lineno": 258, "message": "Shutting down", "taskName": "Task-1"}
{"asctime": "2024-09-24T00:25:28", "msecs": 322.0, "levelname": "INFO", "correlation_id": "-", "name": "uvicorn.error", "lineno": 67, "message": "Waiting for application shutdown.", "taskName": "Task-1"}
{"asctime": "2024-09-24T00:25:28", "msecs": 326.0, "levelname": "INFO", "correlation_id": "-", "name": "uvicorn.error", "lineno": 76, "message": "Application shutdown complete.", "taskName": "Task-1"}
{"asctime": "2024-09-24T00:25:28", "msecs": 328.0, "levelname": "INFO", "correlation_id": "-", "name": "uvicorn.error", "lineno": 92, "message": "Finished server process [190]", "taskName": "Task-1", "color_message": "Finished server process [\u001b[36m%d\u001b[0m]"}
{"asctime": "2024-09-24T08:25:29", "msecs": 67.0, "levelname": "INFO", "correlation_id": "-", "name": "uvicorn.error", "lineno": 62, "message": "Application startup complete.", "taskName": "Task-1"}
{"asctime": "2024-09-24T00:25:29", "msecs": 252.0, "levelname": "INFO", "correlation_id": "-", "name": "uvicorn.error", "lineno": 62, "message": "Application startup complete.", "taskName": "Task-1"}
{"asctime": "2024-09-24T08:25:45", "msecs": 677.0, "levelname": "INFO", "correlation_id": "-", "name": "uvicorn.error", "lineno": 258, "message": "Shutting down", "taskName": "Task-1"}
{"asctime": "2024-09-24T00:25:45", "msecs": 706.0, "levelname": "INFO", "correlation_id": "-", "name": "uvicorn.error", "lineno": 258, "message": "Shutting down", "taskName": "Task-1"}
{"asctime": "2024-09-24T08:25:45", "msecs": 785.0, "levelname": "INFO", "correlation_id": "-", "name": "uvicorn.error", "lineno": 67, "message": "Waiting for application shutdown.", "taskName": "Task-1"}
{"asctime": "2024-09-24T08:25:45", "msecs": 790.0, "levelname": "INFO", "correlation_id": "-", "name": "uvicorn.error", "lineno": 76, "message": "Application shutdown complete.", "taskName": "Task-1"}
{"asctime": "2024-09-24T08:25:45", "msecs": 792.0, "levelname": "INFO", "correlation_id": "-", "name": "uvicorn.error", "lineno": 92, "message": "Finished server process [40368]", "taskName": "Task-1", "color_message": "Finished server process [\u001b[36m%d\u001b[0m]"}
{"asctime": "2024-09-24T00:25:45", "msecs": 808.0, "levelname": "INFO", "correlation_id": "-", "name": "uvicorn.error", "lineno": 67, "message": "Waiting for application shutdown.", "taskName": "Task-1"}
{"asctime": "2024-09-24T00:25:45", "msecs": 813.0, "levelname": "INFO", "correlation_id": "-", "name": "uvicorn.error", "lineno": 76, "message": "Application shutdown complete.", "taskName": "Task-1"}
{"asctime": "2024-09-24T00:25:45", "msecs": 815.0, "levelname": "INFO", "correlation_id": "-", "name": "uvicorn.error", "lineno": 92, "message": "Finished server process [193]", "taskName": "Task-1", "color_message": "Finished server process [\u001b[36m%d\u001b[0m]"}
{"asctime": "2024-09-24T00:25:46", "msecs": 695.0, "levelname": "INFO", "correlation_id": "-", "name": "uvicorn.error", "lineno": 62, "message": "Application startup complete.", "taskName": "Task-1"}
{"asctime": "2024-09-24T08:25:46", "msecs": 953.0, "levelname": "INFO", "correlation_id": "-", "name": "uvicorn.error", "lineno": 62, "message": "Application startup complete.", "taskName": "Task-1"}
{"asctime": "2024-09-24T00:25:48", "msecs": 907.0, "levelname": "INFO", "correlation_id": "-", "name": "uvicorn.error", "lineno": 258, "message": "Shutting down", "taskName": "Task-1"}
{"asctime": "2024-09-24T08:25:48", "msecs": 931.0, "levelname": "INFO", "correlation_id": "-", "name": "uvicorn.error", "lineno": 258, "message": "Shutting down", "taskName": "Task-1"}
{"asctime": "2024-09-24T00:25:49", "msecs": 10.0, "levelname": "INFO", "correlation_id": "-", "name": "uvicorn.error", "lineno": 67, "message": "Waiting for application shutdown.", "taskName": "Task-1"}
{"asctime": "2024-09-24T00:25:49", "msecs": 13.0, "levelname": "INFO", "correlation_id": "-", "name": "uvicorn.error", "lineno": 76, "message": "Application shutdown complete.", "taskName": "Task-1"}
{"asctime": "2024-09-24T00:25:49", "msecs": 15.0, "levelname": "INFO", "correlation_id": "-", "name": "uvicorn.error", "lineno": 92, "message": "Finished server process [196]", "taskName": "Task-1", "color_message": "Finished server process [\u001b[36m%d\u001b[0m]"}
{"asctime": "2024-09-24T08:25:49", "msecs": 41.0, "levelname": "INFO", "correlation_id": "-", "name": "uvicorn.error", "lineno": 67, "message": "Waiting for application shutdown.", "taskName": "Task-1"}
{"asctime": "2024-09-24T08:25:49", "msecs": 52.0, "levelname": "INFO", "correlation_id": "-", "name": "uvicorn.error", "lineno": 76, "message": "Application shutdown complete.", "taskName": "Task-1"}
{"asctime": "2024-09-24T08:25:49", "msecs": 53.0, "levelname": "INFO", "correlation_id": "-", "name": "uvicorn.error", "lineno": 92, "message": "Finished server process [29084]", "taskName": "Task-1", "color_message": "Finished server process [\u001b[36m%d\u001b[0m]"}
{"asctime": "2024-09-24T00:25:49", "msecs": 900.0, "levelname": "INFO", "correlation_id": "-", "name": "uvicorn.error", "lineno": 62, "message": "Application startup complete.", "taskName": "Task-1"}
{"asctime": "2024-09-24T08:25:50", "msecs": 200.0, "levelname": "INFO", "correlation_id": "-", "name": "uvicorn.error", "lineno": 62, "message": "Application startup complete.", "taskName": "Task-1"}
{"asctime": "2024-09-24T08:25:52", "msecs": 607.0, "levelname": "INFO", "correlation_id": "-", "name": "uvicorn.error", "lineno": 258, "message": "Shutting down", "taskName": "Task-1"}
{"asctime": "2024-09-24T08:25:52", "msecs": 716.0, "levelname": "INFO", "correlation_id": "-", "name": "uvicorn.error", "lineno": 67, "message": "Waiting for application shutdown.", "taskName": "Task-1"}
{"asctime": "2024-09-24T08:25:52", "msecs": 725.0, "levelname": "INFO", "correlation_id": "-", "name": "uvicorn.error", "lineno": 76, "message": "Application shutdown complete.", "taskName": "Task-1"}
{"asctime": "2024-09-24T08:25:52", "msecs": 727.0, "levelname": "INFO", "correlation_id": "-", "name": "uvicorn.error", "lineno": 92, "message": "Finished server process [30216]", "taskName": "Task-1", "color_message": "Finished server process [\u001b[36m%d\u001b[0m]"}
{"asctime": "2024-09-24T00:25:52", "msecs": 914.0, "levelname": "INFO", "correlation_id": "-", "name": "uvicorn.error", "lineno": 258, "message": "Shutting down", "taskName": "Task-1"}
{"asctime": "2024-09-24T00:25:53", "msecs": 17.0, "levelname": "INFO", "correlation_id": "-", "name": "uvicorn.error", "lineno": 67, "message": "Waiting for application shutdown.", "taskName": "Task-1"}
{"asctime": "2024-09-24T00:25:53", "msecs": 22.0, "levelname": "INFO", "correlation_id": "-", "name": "uvicorn.error", "lineno": 76, "message": "Application shutdown complete.", "taskName": "Task-1"}
{"asctime": "2024-09-24T00:25:53", "msecs": 24.0, "levelname": "INFO", "correlation_id": "-", "name": "uvicorn.error", "lineno": 92, "message": "Finished server process [199]", "taskName": "Task-1", "color_message": "Finished server process [\u001b[36m%d\u001b[0m]"}
{"asctime": "2024-09-24T08:25:53", "msecs": 815.0, "levelname": "INFO", "correlation_id": "-", "name": "uvicorn.error", "lineno": 62, "message": "Application startup complete.", "taskName": "Task-1"}
{"asctime": "2024-09-24T00:25:53", "msecs": 834.0, "levelname": "INFO", "correlation_id": "-", "name": "uvicorn.error", "lineno": 62, "message": "Application startup complete.", "taskName": "Task-1"}
{"asctime": "2024-09-24T08:25:58", "msecs": 408.0, "levelname": "INFO", "correlation_id": "-", "name": "uvicorn.error", "lineno": 258, "message": "Shutting down", "taskName": "Task-1"}
{"asctime": "2024-09-24T08:25:58", "msecs": 517.0, "levelname": "INFO", "correlation_id": "-", "name": "uvicorn.error", "lineno": 67, "message": "Waiting for application shutdown.", "taskName": "Task-1"}
{"asctime": "2024-09-24T08:25:58", "msecs": 521.0, "levelname": "INFO", "correlation_id": "-", "name": "uvicorn.error", "lineno": 76, "message": "Application shutdown complete.", "taskName": "Task-1"}
{"asctime": "2024-09-24T08:25:58", "msecs": 522.0, "levelname": "INFO", "correlation_id": "-", "name": "uvicorn.error", "lineno": 92, "message": "Finished server process [33900]", "taskName": "Task-1", "color_message": "Finished server process [\u001b[36m%d\u001b[0m]"}
{"asctime": "2024-09-24T00:25:58", "msecs": 552.0, "levelname": "INFO", "correlation_id": "-", "name": "uvicorn.error", "lineno": 258, "message": "Shutting down", "taskName": "Task-1"}
{"asctime": "2024-09-24T00:25:58", "msecs": 655.0, "levelname": "INFO", "correlation_id": "-", "name": "uvicorn.error", "lineno": 67, "message": "Waiting for application shutdown.", "taskName": "Task-1"}
{"asctime": "2024-09-24T00:25:58", "msecs": 659.0, "levelname": "INFO", "correlation_id": "-", "name": "uvicorn.error", "lineno": 76, "message": "Application shutdown complete.", "taskName": "Task-1"}
{"asctime": "2024-09-24T00:25:58", "msecs": 661.0, "levelname": "INFO", "correlation_id": "-", "name": "uvicorn.error", "lineno": 92, "message": "Finished server process [202]", "taskName": "Task-1", "color_message": "Finished server process [\u001b[36m%d\u001b[0m]"}
{"asctime": "2024-09-24T00:25:59", "msecs": 515.0, "levelname": "INFO", "correlation_id": "-", "name": "uvicorn.error", "lineno": 62, "message": "Application startup complete.", "taskName": "Task-1"}
{"asctime": "2024-09-24T08:25:59", "msecs": 645.0, "levelname": "INFO", "correlation_id": "-", "name": "uvicorn.error", "lineno": 62, "message": "Application startup complete.", "taskName": "Task-1"}
{"asctime": "2024-09-24T08:26:04", "msecs": 5.0, "levelname": "INFO", "correlation_id": "-", "name": "uvicorn.error", "lineno": 258, "message": "Shutting down", "taskName": "Task-1"}
{"asctime": "2024-09-24T08:26:04", "msecs": 114.0, "levelname": "INFO", "correlation_id": "-", "name": "uvicorn.error", "lineno": 67, "message": "Waiting for application shutdown.", "taskName": "Task-1"}
{"asctime": "2024-09-24T08:26:04", "msecs": 119.0, "levelname": "INFO", "correlation_id": "-", "name": "uvicorn.error", "lineno": 76, "message": "Application shutdown complete.", "taskName": "Task-1"}
{"asctime": "2024-09-24T08:26:04", "msecs": 120.0, "levelname": "INFO", "correlation_id": "-", "name": "uvicorn.error", "lineno": 92, "message": "Finished server process [25140]", "taskName": "Task-1", "color_message": "Finished server process [\u001b[36m%d\u001b[0m]"}
{"asctime": "2024-09-24T00:26:04", "msecs": 335.0, "levelname": "INFO", "correlation_id": "-", "name": "uvicorn.error", "lineno": 258, "message": "Shutting down", "taskName": "Task-1"}
{"asctime": "2024-09-24T00:26:04", "msecs": 438.0, "levelname": "INFO", "correlation_id": "-", "name": "uvicorn.error", "lineno": 67, "message": "Waiting for application shutdown.", "taskName": "Task-1"}
{"asctime": "2024-09-24T00:26:04", "msecs": 441.0, "levelname": "INFO", "correlation_id": "-", "name": "uvicorn.error", "lineno": 76, "message": "Application shutdown complete.", "taskName": "Task-1"}
{"asctime": "2024-09-24T00:26:04", "msecs": 443.0, "levelname": "INFO", "correlation_id": "-", "name": "uvicorn.error", "lineno": 92, "message": "Finished server process [205]", "taskName": "Task-1", "color_message": "Finished server process [\u001b[36m%d\u001b[0m]"}
{"asctime": "2024-09-24T08:26:05", "msecs": 244.0, "levelname": "INFO", "correlation_id": "-", "name": "uvicorn.error", "lineno": 62, "message": "Application startup complete.", "taskName": "Task-1"}
{"asctime": "2024-09-24T00:26:05", "msecs": 315.0, "levelname": "INFO", "correlation_id": "-", "name": "uvicorn.error", "lineno": 62, "message": "Application startup complete.", "taskName": "Task-1"}
{"asctime": "2024-09-24T00:26:40", "msecs": 523.0, "levelname": "INFO", "correlation_id": "-", "name": "uvicorn.error", "lineno": 258, "message": "Shutting down", "taskName": "Task-1"}
{"asctime": "2024-09-24T08:26:40", "msecs": 574.0, "levelname": "INFO", "correlation_id": "-", "name": "uvicorn.error", "lineno": 258, "message": "Shutting down", "taskName": "Task-1"}
{"asctime": "2024-09-24T00:26:40", "msecs": 626.0, "levelname": "INFO", "correlation_id": "-", "name": "uvicorn.error", "lineno": 67, "message": "Waiting for application shutdown.", "taskName": "Task-1"}
{"asctime": "2024-09-24T00:26:40", "msecs": 628.0, "levelname": "INFO", "correlation_id": "-", "name": "uvicorn.error", "lineno": 76, "message": "Application shutdown complete.", "taskName": "Task-1"}
{"asctime": "2024-09-24T00:26:40", "msecs": 630.0, "levelname": "INFO", "correlation_id": "-", "name": "uvicorn.error", "lineno": 92, "message": "Finished server process [208]", "taskName": "Task-1", "color_message": "Finished server process [\u001b[36m%d\u001b[0m]"}
{"asctime": "2024-09-24T08:26:40", "msecs": 683.0, "levelname": "INFO", "correlation_id": "-", "name": "uvicorn.error", "lineno": 67, "message": "Waiting for application shutdown.", "taskName": "Task-1"}
{"asctime": "2024-09-24T08:26:40", "msecs": 687.0, "levelname": "INFO", "correlation_id": "-", "name": "uvicorn.error", "lineno": 76, "message": "Application shutdown complete.", "taskName": "Task-1"}
{"asctime": "2024-09-24T08:26:40", "msecs": 689.0, "levelname": "INFO", "correlation_id": "-", "name": "uvicorn.error", "lineno": 92, "message": "Finished server process [16768]", "taskName": "Task-1", "color_message": "Finished server process [\u001b[36m%d\u001b[0m]"}
{"asctime": "2024-09-24T00:26:41", "msecs": 569.0, "levelname": "INFO", "correlation_id": "-", "name": "uvicorn.error", "lineno": 62, "message": "Application startup complete.", "taskName": "Task-1"}
{"asctime": "2024-09-24T08:26:41", "msecs": 865.0, "levelname": "INFO", "correlation_id": "-", "name": "uvicorn.error", "lineno": 62, "message": "Application startup complete.", "taskName": "Task-1"}
{"asctime": "2024-09-24T08:26:49", "msecs": 841.0, "levelname": "INFO", "correlation_id": "-", "name": "uvicorn.error", "lineno": 258, "message": "Shutting down", "taskName": "Task-1"}
{"asctime": "2024-09-24T00:26:49", "msecs": 897.0, "levelname": "INFO", "correlation_id": "-", "name": "uvicorn.error", "lineno": 258, "message": "Shutting down", "taskName": "Task-1"}
{"asctime": "2024-09-24T08:26:49", "msecs": 951.0, "levelname": "INFO", "correlation_id": "-", "name": "uvicorn.error", "lineno": 67, "message": "Waiting for application shutdown.", "taskName": "Task-1"}
{"asctime": "2024-09-24T08:26:49", "msecs": 954.0, "levelname": "INFO", "correlation_id": "-", "name": "uvicorn.error", "lineno": 76, "message": "Application shutdown complete.", "taskName": "Task-1"}
{"asctime": "2024-09-24T08:26:49", "msecs": 956.0, "levelname": "INFO", "correlation_id": "-", "name": "uvicorn.error", "lineno": 92, "message": "Finished server process [14240]", "taskName": "Task-1", "color_message": "Finished server process [\u001b[36m%d\u001b[0m]"}
{"asctime": "2024-09-24T00:26:50", "msecs": 0.0, "levelname": "INFO", "correlation_id": "-", "name": "uvicorn.error", "lineno": 67, "message": "Waiting for application shutdown.", "taskName": "Task-1"}
{"asctime": "2024-09-24T00:26:50", "msecs": 5.0, "levelname": "INFO", "correlation_id": "-", "name": "uvicorn.error", "lineno": 76, "message": "Application shutdown complete.", "taskName": "Task-1"}
{"asctime": "2024-09-24T00:26:50", "msecs": 7.0, "levelname": "INFO", "correlation_id": "-", "name": "uvicorn.error", "lineno": 92, "message": "Finished server process [211]", "taskName": "Task-1", "color_message": "Finished server process [\u001b[36m%d\u001b[0m]"}
{"asctime": "2024-09-24T08:26:51", "msecs": 124.0, "levelname": "INFO", "correlation_id": "-", "name": "uvicorn.error", "lineno": 62, "message": "Application startup complete.", "taskName": "Task-1"}
{"asctime": "2024-09-24T00:26:51", "msecs": 202.0, "levelname": "INFO", "correlation_id": "-", "name": "uvicorn.error", "lineno": 62, "message": "Application startup complete.", "taskName": "Task-1"}
{"asctime": "2024-09-24T00:26:56", "msecs": 21.0, "levelname": "INFO", "correlation_id": "-", "name": "uvicorn.error", "lineno": 258, "message": "Shutting down", "taskName": "Task-1"}
{"asctime": "2024-09-24T08:26:56", "msecs": 37.0, "levelname": "INFO", "correlation_id": "-", "name": "uvicorn.error", "lineno": 258, "message": "Shutting down", "taskName": "Task-1"}
{"asctime": "2024-09-24T00:26:56", "msecs": 124.0, "levelname": "INFO", "correlation_id": "-", "name": "uvicorn.error", "lineno": 67, "message": "Waiting for application shutdown.", "taskName": "Task-1"}
{"asctime": "2024-09-24T00:26:56", "msecs": 126.0, "levelname": "INFO", "correlation_id": "-", "name": "uvicorn.error", "lineno": 76, "message": "Application shutdown complete.", "taskName": "Task-1"}
{"asctime": "2024-09-24T00:26:56", "msecs": 129.0, "levelname": "INFO", "correlation_id": "-", "name": "uvicorn.error", "lineno": 92, "message": "Finished server process [214]", "taskName": "Task-1", "color_message": "Finished server process [\u001b[36m%d\u001b[0m]"}
{"asctime": "2024-09-24T08:26:56", "msecs": 145.0, "levelname": "INFO", "correlation_id": "-", "name": "uvicorn.error", "lineno": 67, "message": "Waiting for application shutdown.", "taskName": "Task-1"}
{"asctime": "2024-09-24T08:26:56", "msecs": 149.0, "levelname": "INFO", "correlation_id": "-", "name": "uvicorn.error", "lineno": 76, "message": "Application shutdown complete.", "taskName": "Task-1"}
{"asctime": "2024-09-24T08:26:56", "msecs": 150.0, "levelname": "INFO", "correlation_id": "-", "name": "uvicorn.error", "lineno": 92, "message": "Finished server process [27432]", "taskName": "Task-1", "color_message": "Finished server process [\u001b[36m%d\u001b[0m]"}
{"asctime": "2024-09-24T00:26:57", "msecs": 11.0, "levelname": "INFO", "correlation_id": "-", "name": "uvicorn.error", "lineno": 62, "message": "Application startup complete.", "taskName": "Task-1"}
{"asctime": "2024-09-24T08:26:57", "msecs": 293.0, "levelname": "INFO", "correlation_id": "-", "name": "uvicorn.error", "lineno": 62, "message": "Application startup complete.", "taskName": "Task-1"}
{"asctime": "2024-09-24T08:27:02", "msecs": 780.0, "levelname": "INFO", "correlation_id": "-", "name": "uvicorn.error", "lineno": 258, "message": "Shutting down", "taskName": "Task-1"}
{"asctime": "2024-09-24T08:27:02", "msecs": 890.0, "levelname": "INFO", "correlation_id": "-", "name": "uvicorn.error", "lineno": 67, "message": "Waiting for application shutdown.", "taskName": "Task-1"}
{"asctime": "2024-09-24T08:27:02", "msecs": 896.0, "levelname": "INFO", "correlation_id": "-", "name": "uvicorn.error", "lineno": 76, "message": "Application shutdown complete.", "taskName": "Task-1"}
{"asctime": "2024-09-24T08:27:02", "msecs": 898.0, "levelname": "INFO", "correlation_id": "-", "name": "uvicorn.error", "lineno": 92, "message": "Finished server process [12964]", "taskName": "Task-1", "color_message": "Finished server process [\u001b[36m%d\u001b[0m]"}
{"asctime": "2024-09-24T00:27:03", "msecs": 33.0, "levelname": "INFO", "correlation_id": "-", "name": "uvicorn.error", "lineno": 258, "message": "Shutting down", "taskName": "Task-1"}
{"asctime": "2024-09-24T00:27:03", "msecs": 136.0, "levelname": "INFO", "correlation_id": "-", "name": "uvicorn.error", "lineno": 67, "message": "Waiting for application shutdown.", "taskName": "Task-1"}
{"asctime": "2024-09-24T00:27:03", "msecs": 139.0, "levelname": "INFO", "correlation_id": "-", "name": "uvicorn.error", "lineno": 76, "message": "Application shutdown complete.", "taskName": "Task-1"}
{"asctime": "2024-09-24T00:27:03", "msecs": 141.0, "levelname": "INFO", "correlation_id": "-", "name": "uvicorn.error", "lineno": 92, "message": "Finished server process [217]", "taskName": "Task-1", "color_message": "Finished server process [\u001b[36m%d\u001b[0m]"}
{"asctime": "2024-09-24T00:27:04", "msecs": 29.0, "levelname": "INFO", "correlation_id": "-", "name": "uvicorn.error", "lineno": 62, "message": "Application startup complete.", "taskName": "Task-1"}
{"asctime": "2024-09-24T08:27:04", "msecs": 58.0, "levelname": "INFO", "correlation_id": "-", "name": "uvicorn.error", "lineno": 62, "message": "Application startup complete.", "taskName": "Task-1"}
{"asctime": "2024-09-24T08:27:06", "msecs": 251.0, "levelname": "INFO", "correlation_id": "-", "name": "uvicorn.error", "lineno": 258, "message": "Shutting down", "taskName": "Task-1"}
{"asctime": "2024-09-24T00:27:06", "msecs": 342.0, "levelname": "INFO", "correlation_id": "-", "name": "uvicorn.error", "lineno": 258, "message": "Shutting down", "taskName": "Task-1"}
{"asctime": "2024-09-24T08:27:06", "msecs": 361.0, "levelname": "INFO", "correlation_id": "-", "name": "uvicorn.error", "lineno": 67, "message": "Waiting for application shutdown.", "taskName": "Task-1"}
{"asctime": "2024-09-24T08:27:06", "msecs": 365.0, "levelname": "INFO", "correlation_id": "-", "name": "uvicorn.error", "lineno": 76, "message": "Application shutdown complete.", "taskName": "Task-1"}
{"asctime": "2024-09-24T08:27:06", "msecs": 366.0, "levelname": "INFO", "correlation_id": "-", "name": "uvicorn.error", "lineno": 92, "message": "Finished server process [40148]", "taskName": "Task-1", "color_message": "Finished server process [\u001b[36m%d\u001b[0m]"}
{"asctime": "2024-09-24T00:27:06", "msecs": 444.0, "levelname": "INFO", "correlation_id": "-", "name": "uvicorn.error", "lineno": 67, "message": "Waiting for application shutdown.", "taskName": "Task-1"}
{"asctime": "2024-09-24T00:27:06", "msecs": 448.0, "levelname": "INFO", "correlation_id": "-", "name": "uvicorn.error", "lineno": 76, "message": "Application shutdown complete.", "taskName": "Task-1"}
{"asctime": "2024-09-24T00:27:06", "msecs": 450.0, "levelname": "INFO", "correlation_id": "-", "name": "uvicorn.error", "lineno": 92, "message": "Finished server process [220]", "taskName": "Task-1", "color_message": "Finished server process [\u001b[36m%d\u001b[0m]"}
{"asctime": "2024-09-24T00:27:07", "msecs": 329.0, "levelname": "INFO", "correlation_id": "-", "name": "uvicorn.error", "lineno": 62, "message": "Application startup complete.", "taskName": "Task-1"}
{"asctime": "2024-09-24T08:27:07", "msecs": 522.0, "levelname": "INFO", "correlation_id": "-", "name": "uvicorn.error", "lineno": 62, "message": "Application startup complete.", "taskName": "Task-1"}
{"asctime": "2024-09-24T08:27:17", "msecs": 917.0, "levelname": "INFO", "correlation_id": "-", "name": "uvicorn.error", "lineno": 258, "message": "Shutting down", "taskName": "Task-1"}
{"asctime": "2024-09-24T00:27:17", "msecs": 964.0, "levelname": "INFO", "correlation_id": "-", "name": "uvicorn.error", "lineno": 258, "message": "Shutting down", "taskName": "Task-1"}
{"asctime": "2024-09-24T08:27:18", "msecs": 27.0, "levelname": "INFO", "correlation_id": "-", "name": "uvicorn.error", "lineno": 67, "message": "Waiting for application shutdown.", "taskName": "Task-1"}
{"asctime": "2024-09-24T08:27:18", "msecs": 34.0, "levelname": "INFO", "correlation_id": "-", "name": "uvicorn.error", "lineno": 76, "message": "Application shutdown complete.", "taskName": "Task-1"}
{"asctime": "2024-09-24T08:27:18", "msecs": 35.0, "levelname": "INFO", "correlation_id": "-", "name": "uvicorn.error", "lineno": 92, "message": "Finished server process [35140]", "taskName": "Task-1", "color_message": "Finished server process [\u001b[36m%d\u001b[0m]"}
{"asctime": "2024-09-24T00:27:18", "msecs": 67.0, "levelname": "INFO", "correlation_id": "-", "name": "uvicorn.error", "lineno": 67, "message": "Waiting for application shutdown.", "taskName": "Task-1"}
{"asctime": "2024-09-24T00:27:18", "msecs": 71.0, "levelname": "INFO", "correlation_id": "-", "name": "uvicorn.error", "lineno": 76, "message": "Application shutdown complete.", "taskName": "Task-1"}
{"asctime": "2024-09-24T00:27:18", "msecs": 73.0, "levelname": "INFO", "correlation_id": "-", "name": "uvicorn.error", "lineno": 92, "message": "Finished server process [223]", "taskName": "Task-1", "color_message": "Finished server process [\u001b[36m%d\u001b[0m]"}
{"asctime": "2024-09-24T00:27:18", "msecs": 967.0, "levelname": "INFO", "correlation_id": "-", "name": "uvicorn.error", "lineno": 62, "message": "Application startup complete.", "taskName": "Task-1"}
{"asctime": "2024-09-24T08:27:19", "msecs": 201.0, "levelname": "INFO", "correlation_id": "-", "name": "uvicorn.error", "lineno": 62, "message": "Application startup complete.", "taskName": "Task-1"}
{"asctime": "2024-09-24T00:27:38", "msecs": 831.0, "levelname": "INFO", "correlation_id": "-", "name": "uvicorn.error", "lineno": 258, "message": "Shutting down", "taskName": "Task-1"}
{"asctime": "2024-09-24T08:27:38", "msecs": 907.0, "levelname": "INFO", "correlation_id": "-", "name": "uvicorn.error", "lineno": 258, "message": "Shutting down", "taskName": "Task-1"}
{"asctime": "2024-09-24T00:27:38", "msecs": 934.0, "levelname": "INFO", "correlation_id": "-", "name": "uvicorn.error", "lineno": 67, "message": "Waiting for application shutdown.", "taskName": "Task-1"}
{"asctime": "2024-09-24T00:27:38", "msecs": 936.0, "levelname": "INFO", "correlation_id": "-", "name": "uvicorn.error", "lineno": 76, "message": "Application shutdown complete.", "taskName": "Task-1"}
{"asctime": "2024-09-24T00:27:38", "msecs": 939.0, "levelname": "INFO", "correlation_id": "-", "name": "uvicorn.error", "lineno": 92, "message": "Finished server process [226]", "taskName": "Task-1", "color_message": "Finished server process [\u001b[36m%d\u001b[0m]"}
{"asctime": "2024-09-24T08:27:39", "msecs": 16.0, "levelname": "INFO", "correlation_id": "-", "name": "uvicorn.error", "lineno": 67, "message": "Waiting for application shutdown.", "taskName": "Task-1"}
{"asctime": "2024-09-24T08:27:39", "msecs": 22.0, "levelname": "INFO", "correlation_id": "-", "name": "uvicorn.error", "lineno": 76, "message": "Application shutdown complete.", "taskName": "Task-1"}
{"asctime": "2024-09-24T08:27:39", "msecs": 24.0, "levelname": "INFO", "correlation_id": "-", "name": "uvicorn.error", "lineno": 92, "message": "Finished server process [6748]", "taskName": "Task-1", "color_message": "Finished server process [\u001b[36m%d\u001b[0m]"}
{"asctime": "2024-09-24T00:27:39", "msecs": 809.0, "levelname": "INFO", "correlation_id": "-", "name": "uvicorn.error", "lineno": 62, "message": "Application startup complete.", "taskName": "Task-1"}
{"asctime": "2024-09-24T08:27:40", "msecs": 153.0, "levelname": "INFO", "correlation_id": "-", "name": "uvicorn.error", "lineno": 62, "message": "Application startup complete.", "taskName": "Task-1"}
{"asctime": "2024-09-24T08:27:53", "msecs": 197.0, "levelname": "INFO", "correlation_id": "-", "name": "uvicorn.error", "lineno": 258, "message": "Shutting down", "taskName": "Task-1"}
{"asctime": "2024-09-24T08:27:53", "msecs": 308.0, "levelname": "INFO", "correlation_id": "-", "name": "uvicorn.error", "lineno": 67, "message": "Waiting for application shutdown.", "taskName": "Task-1"}
{"asctime": "2024-09-24T08:27:53", "msecs": 312.0, "levelname": "INFO", "correlation_id": "-", "name": "uvicorn.error", "lineno": 76, "message": "Application shutdown complete.", "taskName": "Task-1"}
{"asctime": "2024-09-24T08:27:53", "msecs": 314.0, "levelname": "INFO", "correlation_id": "-", "name": "uvicorn.error", "lineno": 92, "message": "Finished server process [23880]", "taskName": "Task-1", "color_message": "Finished server process [\u001b[36m%d\u001b[0m]"}
{"asctime": "2024-09-24T00:27:53", "msecs": 352.0, "levelname": "INFO", "correlation_id": "-", "name": "uvicorn.error", "lineno": 258, "message": "Shutting down", "taskName": "Task-1"}
{"asctime": "2024-09-24T00:27:53", "msecs": 454.0, "levelname": "INFO", "correlation_id": "-", "name": "uvicorn.error", "lineno": 67, "message": "Waiting for application shutdown.", "taskName": "Task-1"}
{"asctime": "2024-09-24T00:27:53", "msecs": 457.0, "levelname": "INFO", "correlation_id": "-", "name": "uvicorn.error", "lineno": 76, "message": "Application shutdown complete.", "taskName": "Task-1"}
{"asctime": "2024-09-24T00:27:53", "msecs": 458.0, "levelname": "INFO", "correlation_id": "-", "name": "uvicorn.error", "lineno": 92, "message": "Finished server process [229]", "taskName": "Task-1", "color_message": "Finished server process [\u001b[36m%d\u001b[0m]"}
{"asctime": "2024-09-24T08:27:54", "msecs": 450.0, "levelname": "INFO", "correlation_id": "-", "name": "uvicorn.error", "lineno": 62, "message": "Application startup complete.", "taskName": "Task-1"}
{"asctime": "2024-09-24T00:27:54", "msecs": 596.0, "levelname": "INFO", "correlation_id": "-", "name": "uvicorn.error", "lineno": 62, "message": "Application startup complete.", "taskName": "Task-1"}
{"asctime": "2024-09-24T08:28:01", "msecs": 780.0, "levelname": "INFO", "correlation_id": "-", "name": "uvicorn.error", "lineno": 258, "message": "Shutting down", "taskName": "Task-1"}
{"asctime": "2024-09-24T08:28:01", "msecs": 889.0, "levelname": "INFO", "correlation_id": "-", "name": "uvicorn.error", "lineno": 67, "message": "Waiting for application shutdown.", "taskName": "Task-1"}
{"asctime": "2024-09-24T08:28:01", "msecs": 895.0, "levelname": "INFO", "correlation_id": "-", "name": "uvicorn.error", "lineno": 76, "message": "Application shutdown complete.", "taskName": "Task-1"}
{"asctime": "2024-09-24T08:28:01", "msecs": 898.0, "levelname": "INFO", "correlation_id": "-", "name": "uvicorn.error", "lineno": 92, "message": "Finished server process [2468]", "taskName": "Task-1", "color_message": "Finished server process [\u001b[36m%d\u001b[0m]"}
{"asctime": "2024-09-24T00:28:01", "msecs": 922.0, "levelname": "INFO", "correlation_id": "-", "name": "uvicorn.error", "lineno": 258, "message": "Shutting down", "taskName": "Task-1"}
{"asctime": "2024-09-24T00:28:02", "msecs": 25.0, "levelname": "INFO", "correlation_id": "-", "name": "uvicorn.error", "lineno": 67, "message": "Waiting for application shutdown.", "taskName": "Task-1"}
{"asctime": "2024-09-24T00:28:02", "msecs": 29.0, "levelname": "INFO", "correlation_id": "-", "name": "uvicorn.error", "lineno": 76, "message": "Application shutdown complete.", "taskName": "Task-1"}
{"asctime": "2024-09-24T00:28:02", "msecs": 31.0, "levelname": "INFO", "correlation_id": "-", "name": "uvicorn.error", "lineno": 92, "message": "Finished server process [232]", "taskName": "Task-1", "color_message": "Finished server process [\u001b[36m%d\u001b[0m]"}
{"asctime": "2024-09-24T00:28:02", "msecs": 924.0, "levelname": "INFO", "correlation_id": "-", "name": "uvicorn.error", "lineno": 62, "message": "Application startup complete.", "taskName": "Task-1"}
{"asctime": "2024-09-24T08:28:03", "msecs": 80.0, "levelname": "INFO", "correlation_id": "-", "name": "uvicorn.error", "lineno": 62, "message": "Application startup complete.", "taskName": "Task-1"}
{"asctime": "2024-09-24T08:28:40", "msecs": 138.0, "levelname": "INFO", "correlation_id": "-", "name": "uvicorn.error", "lineno": 258, "message": "Shutting down", "taskName": "Task-1"}
{"asctime": "2024-09-24T00:28:40", "msecs": 151.0, "levelname": "INFO", "correlation_id": "-", "name": "uvicorn.error", "lineno": 258, "message": "Shutting down", "taskName": "Task-1"}
{"asctime": "2024-09-24T08:28:40", "msecs": 246.0, "levelname": "INFO", "correlation_id": "-", "name": "uvicorn.error", "lineno": 67, "message": "Waiting for application shutdown.", "taskName": "Task-1"}
{"asctime": "2024-09-24T08:28:40", "msecs": 252.0, "levelname": "INFO", "correlation_id": "-", "name": "uvicorn.error", "lineno": 76, "message": "Application shutdown complete.", "taskName": "Task-1"}
{"asctime": "2024-09-24T00:28:40", "msecs": 253.0, "levelname": "INFO", "correlation_id": "-", "name": "uvicorn.error", "lineno": 67, "message": "Waiting for application shutdown.", "taskName": "Task-1"}
{"asctime": "2024-09-24T08:28:40", "msecs": 253.0, "levelname": "INFO", "correlation_id": "-", "name": "uvicorn.error", "lineno": 92, "message": "Finished server process [23352]", "taskName": "Task-1", "color_message": "Finished server process [\u001b[36m%d\u001b[0m]"}
{"asctime": "2024-09-24T00:28:40", "msecs": 256.0, "levelname": "INFO", "correlation_id": "-", "name": "uvicorn.error", "lineno": 76, "message": "Application shutdown complete.", "taskName": "Task-1"}
{"asctime": "2024-09-24T00:28:40", "msecs": 258.0, "levelname": "INFO", "correlation_id": "-", "name": "uvicorn.error", "lineno": 92, "message": "Finished server process [235]", "taskName": "Task-1", "color_message": "Finished server process [\u001b[36m%d\u001b[0m]"}
{"asctime": "2024-09-24T00:28:41", "msecs": 160.0, "levelname": "INFO", "correlation_id": "-", "name": "uvicorn.error", "lineno": 62, "message": "Application startup complete.", "taskName": "Task-1"}
{"asctime": "2024-09-24T08:28:41", "msecs": 408.0, "levelname": "INFO", "correlation_id": "-", "name": "uvicorn.error", "lineno": 62, "message": "Application startup complete.", "taskName": "Task-1"}
{"asctime": "2024-09-24T00:29:47", "msecs": 160.0, "levelname": "INFO", "correlation_id": "-", "name": "uvicorn.error", "lineno": 258, "message": "Shutting down", "taskName": "Task-1"}
{"asctime": "2024-09-24T08:29:47", "msecs": 234.0, "levelname": "INFO", "correlation_id": "-", "name": "uvicorn.error", "lineno": 258, "message": "Shutting down", "taskName": "Task-1"}
{"asctime": "2024-09-24T00:29:47", "msecs": 264.0, "levelname": "INFO", "correlation_id": "-", "name": "uvicorn.error", "lineno": 67, "message": "Waiting for application shutdown.", "taskName": "Task-1"}
{"asctime": "2024-09-24T00:29:47", "msecs": 267.0, "levelname": "INFO", "correlation_id": "-", "name": "uvicorn.error", "lineno": 76, "message": "Application shutdown complete.", "taskName": "Task-1"}
{"asctime": "2024-09-24T00:29:47", "msecs": 269.0, "levelname": "INFO", "correlation_id": "-", "name": "uvicorn.error", "lineno": 92, "message": "Finished server process [238]", "taskName": "Task-1", "color_message": "Finished server process [\u001b[36m%d\u001b[0m]"}
{"asctime": "2024-09-24T08:29:47", "msecs": 342.0, "levelname": "INFO", "correlation_id": "-", "name": "uvicorn.error", "lineno": 67, "message": "Waiting for application shutdown.", "taskName": "Task-1"}
{"asctime": "2024-09-24T08:29:47", "msecs": 349.0, "levelname": "INFO", "correlation_id": "-", "name": "uvicorn.error", "lineno": 76, "message": "Application shutdown complete.", "taskName": "Task-1"}
{"asctime": "2024-09-24T08:29:47", "msecs": 352.0, "levelname": "INFO", "correlation_id": "-", "name": "uvicorn.error", "lineno": 92, "message": "Finished server process [34184]", "taskName": "Task-1", "color_message": "Finished server process [\u001b[36m%d\u001b[0m]"}
{"asctime": "2024-09-24T00:29:48", "msecs": 416.0, "levelname": "INFO", "correlation_id": "-", "name": "uvicorn.error", "lineno": 62, "message": "Application startup complete.", "taskName": "Task-1"}
{"asctime": "2024-09-24T08:29:48", "msecs": 869.0, "levelname": "INFO", "correlation_id": "-", "name": "uvicorn.error", "lineno": 62, "message": "Application startup complete.", "taskName": "Task-1"}
{"asctime": "2024-09-24T08:34:18", "msecs": 223.0, "levelname": "INFO", "correlation_id": "-", "name": "uvicorn.error", "lineno": 62, "message": "Application startup complete.", "taskName": "Task-1"}
{"asctime": "2024-09-24T22:14:03", "msecs": 441.0, "levelname": "INFO", "correlation_id": "-", "name": "uvicorn.error", "lineno": 62, "message": "Application startup complete.", "taskName": "Task-1"}
